
Value of objective function: -2.02393e+07

Actual values of the variables:
Y0010102                  15031.4
Y0010103                        0
Y0010104                        0
Y0010105                        0
Y0010106                        0
Y0020102                  6968.61
Y0020103                    21000
Y0020104                    40000
Y0020105                    40000
Y0020106                  11059.5
Y0030102                        0
Y0030103                        0
Y0030104                        0
Y0030105                        0
Y0030106                        0
Y0040102                  79898.2
Y0040103                  42958.8
Y0040104                    21429
Y0040105                      571
Y0040106                        0
Y0050103                  21857.7
Y0050104                    58824
Y0050105                  56423.5
Y0050106                  66468.9
Y0060102                        0
Y0060103                  12854.3
Y0060104                        0
Y0060105                  14164.5
Y0060106                  4119.13
Y0070103                  914.534
Y0070104                  2485.47
Y0070105                  1899.99
Y0070106                        0
Y0080102                  53678.6
Y0080103                   262302
Y0080104                  93650.7
Y0080105                   325692
Y0080106                        0
Y0090102                        0
Y0090103                   384020
Y0090104                        0
Y0090105                  80657.4
Y0090106                   200000
Y0100103                        0
Y0100104                        0
Y0100105                        0
Y0100106                        0
Y0110103                  4506.72
Y0110104                  7493.28
Y0110105                     7000
Y0110106                     6000
Y0120102                        0
Y0120103                    34000
Y0120104                    13300
Y0120105                    13300
Y0120106                        0
Y0130102                        0
Y0130103                        0
Y0130104                        0
Y0130105                        0
Y0130106                        0
Y0140102                        0
Y0140103                        0
Y0140104                        0
Y0140105                        0
Y0140106                        0
Y0150102                        0
Y0150103                    17000
Y0150104                     6700
Y0150105                     6700
Y0150106                        0
Y0160102                        0
Y0160103                        0
Y0160104                        0
Y0160105                        0
Y0160106                        0
Y0170102                   699.99
Y0170103                     3700
Y0170104                     3600
Y0170105                  3600.01
Y0170106                     3300
Y0180102                        0
Y0180103                        0
Y0180104                        0
Y0180105                        0
Y0180106                        0
Y0190102                      300
Y0190103                  1899.99
Y0190104                     1700
Y0190105                     1700
Y0190106                     1700
Y0200102                    36000
Y0200103                    30000
Y0200104                    30000
Y0200105                    30000
Y0200106                    30000
Y0210102                        0
Y0210103                        0
Y0210104                        0
Y0210105                        0
Y0210106                        0
Y0220102                  808.854
Y0220103                        0
Y0220104                        0
Y0220105                        0
Y0220106                        0
Y0230102                        0
Y0230103                   125891
Y0230104                   100000
Y0230105                   100000
Y0230106                        0
Y0240102                        0
Y0240103                        0
Y0240104                        0
Y0240105                        0
Y0240106                        0
Y0250102                        0
Y0250103                        0
Y0250104                        0
Y0250105                        0
Y0250106                        0
Y0260102                  2742.63
Y0260103                        0
Y0260104                        0
Y0260105                        0
Y0260106                        0
Y0270102                        0
Y0270103                  60557.4
Y0270104                    50000
Y0270105                    50000
Y0270106                        0
Y0280102                    95086
Y0280103                        0
Y0280104                        0
Y0280105                        0
Y0280106                        0
Y0290102                        0
Y0290103                   240214
Y0290104                   213300
Y0290105                   200000
Y0290106                        0
Y0300102                        0
Y0300103                        0
Y0300104                        0
Y0300105                        0
Y0300106                        0
Y0310102                        0
Y0310103                        0
Y0310104                        0
Y0310105                        0
Y0310106                        0
Y0320102                  53253.6
Y0320103                        0
Y0320104                        0
Y0320105                        0
Y0320106                        0
Y0330102                        0
Y0330103                   114446
Y0330104                   106700
Y0330105                   100000
Y0330106                        0
Y0340102                  84152.9
Y0340103                   142272
Y0340104                   100000
Y0340105                   100000
Y0340106                   100000
Y0350102                  21575.4
Y0350103                        0
Y0350104                        0
Y0350105                        0
Y0350106                        0
I0010101                        0
I0010102                    40141
I0010103                        0
I0010104                        0
I0010105                        0
I0010106                        0
I0020101                        0
I0020102                    355.4
I0020103                        0
I0020104                        0
I0020105                        0
I0020106                        0
I0030101                        0
I0030102                        0
I0030103                        0
I0030104                        0
I0030105                        0
I0030106                        0
I0040101                        0
I0040102                        0
I0040103                        0
I0040104                        0
I0040105                        0
I0040106                        0
I0050101                        0
I0050102                  33074.9
I0050103                        0
I0050104                        0
I0050105                        0
I0050106                        0
I0060101                        0
I0060102                  22461.4
I0060103                        0
I0060104                        0
I0060105                        0
I0060106                        0
I0070101                        0
I0070102                        0
I0070103                        0
I0070104                        0
I0070105                        0
I0070106                        0
I0080101                        0
I0080102                        0
I0080103                        0
I0080104                        0
I0080105                        0
I0080106                        0
I0090101                        0
I0090102                        0
I0090103                        0
I0090104                        0
I0090105                        0
I0090106                        0
I0100101                        0
I0100102                        0
I0100103                        0
I0100104                        0
I0100105                        0
I0100106                        0
X0010103                  1597.38
X0020103                  139.678
X0040103                        0
X0060103                        0
X0070103                  493.471
X0100103                        0
X0120103                        0
X0140103                  864.271
X0030102                  3897.69
X0030103                  2123.48
X0050102                  2115.18
X0050103                  3420.25
X0080102                        0
X0080103                  445.054
X0090102                        0
X0090103                  430.349
X0110102                  199.786
X0110103                  1919.31
X0130102                  124.135
X0130103                        0
X0150103                   442.43
X0160102                  67.4005
X0160103                  148.012
X0010104                  926.619
X0020104                  130.551
X0040104                        0
X0060104                        0
X0070104                        0
X0100104                        0
X0120104                        0
X0140104                        0
X0150104                  363.411
X0010105                  1387.54
X0020105                   125.86
X0040105                        0
X0060105                        0
X0070105                        0
X0100105                        0
X0120105                        0
X0140105                        0
X0030104                  911.702
X0050104                  3952.65
X0080104                  907.097
X0090104                  453.949
X0110104                  1712.67
X0130104                  855.844
X0150105                  379.585
X0160104                  100.463
X0010106                      844
X0020106                  116.537
X0040106                        0
X0060106                  2661.24
X0070106                        0
X0100106                        0
X0120106                  24.9064
X0140106                  12.8306
X0030105                  24.3878
X0050105                   3782.2
X0080105                  711.603
X0090105                  356.116
X0110105                  1285.15
X0130105                  642.042
X0150106                  368.663
X0160105                        0
X0030106                        0
X0050106                        0
X0080106                        0
X0090106                        0
X0110106                        0
X0130106                        0
X0160106                        0
