Problem:    
Rows:       516
Columns:    302
Non-zeros:  4284
Status:     OPTIMAL
Objective:  obj = -20239263.25 (MINimum)

   No.   Row name   St   Activity     Lower bound   Upper bound    Marginal
------ ------------ -- ------------- ------------- ------------- -------------
     1 CAP00101     B        147.141                     21402.4 
     2 CAP00201     B        2.41437                     1109.56 
     3 CAP00301     B        143.484                     6398.87 
     4 CAP00401     B           1227                     4994.21 
     5 CAP00501     B        1385.17                     25473.8 
     6 CAP00601     B              0                     2976.59 
     7 CAP00701     B         127.14                     11731.3 
     8 CAP00801     B              0                     1349.47 
     9 CAP00901     B        228.896                       40824 
    10 CAP01001     B        134.548                     26535.3 
    11 CAP01101     B        680.107                        6237 
    12 CAP01201     B        5.85873                     2349.03 
    13 CAP01301     B        26.0874                        1701 
    14 CAP01401     B        428.555                     5820.91 
    15 CAP01501     B        266.807                     451.772 
    16 CAP01601     B        12.8543                     539.978 
    17 CAP01701     B        10.0264                     539.978 
    18 CAP01801     B        18.6325                     1019.82 
    19 CAP02001     B        1.26046                     951.455 
    20 CAP02201     B              0                      77.988 
    21 CAP02501     B        5.10975                      500.69 
    22 CAP02701     B         6.1518                     2029.67 
    23 CAP03101     B        5.28253                     515.616 
    24 CAP03301     B        107.822                     1269.17 
    25 CAP03401     B        174.761                     2168.99 
    26 CAP03601     B         2.2997                     1358.41 
    27 CAP03701     B        231.104                     2976.36 
    28 CAP03801     B        186.676                     1195.37 
    29 CAP04001     B        110.707                     243.007 
    30 CAP04101     B        86.4202                     741.476 
    31 CAP04201     B        76.9149                     1032.84 
    32 CAP04301     B         189.79                     1175.14 
    33 CAP04401     B        36.0073                     335.427 
    34 CAP04501     B         153.83                     1041.93 
    35 CAP04601     B        112.034                     1488.02 
    36 CAP04701     B        68.5299                     1425.11 
    37 CAP04801     B       0.953717                     750.996 
    38 CAP04901     B        96.1304                       727.7 
    39 CAP05001     B        112.281                     714.867 
    40 CAP05101     B        91.7935                     733.407 
    41 CAP05201     B        1.42956                     1875.68 
    42 CAP05301     B        78.4279                     599.487 
    43 CAP05401     B        54.1473                     752.879 
    44 CAP05501     B        1.01317                     1762.91 
    45 CAP05601     B         2.4736                     1090.19 
    46 CAP05701     B       0.955739                     992.073 
    47 CAP05801     B        1.90676                     1089.22 
    48 CAP05901     B        1.33992                     739.347 
    49 CAP06001     B              0                     4445.17 
    50 CAP06101     B         8.5037                     3762.83 
    51 CAP06201     B        117.634                      766.48 
    52 CAP06301     B        46.0626                     3491.34 
    53 CAP06501     B        17.7139                     2103.45 
    54 CAP00102     B        1154.11                     21329.6 
    55 CAP00202     B        866.627                     1895.96 
    56 CAP00302     B        466.247                     5687.88 
    57 CAP00402     B        4982.95                     7109.85 
    58 CAP00502     B        6781.73                     26069.5 
    59 CAP00602     B        4493.03                     6635.86 
    60 CAP00702     B        402.619                     10427.8 
    61 CAP00802     B        81.1663                     1421.97 
    62 CAP00902     B        814.894                       36288 
    63 CAP01002     B        859.889                       24192 
    64 CAP01102     B        4021.19                        5544 
    65 CAP01202     B        48.0639                        2520 
    66 CAP01302     B        85.0183                        1512 
    67 CAP01402     B        1322.12                     5759.77 
    68 CAP01502     B        187.592                     479.981 
    69 CAP01602     B        412.367                     479.981 
    70 CAP01702     NU       479.981                     479.981      -1.03644 
    71 CAP01802     B        120.788                     959.961 
    72 CAP01902     B        22.9958                     582.071 
    73 CAP02002     B         18.031                     861.795 
    74 CAP02102     B        9.79163                     789.507 
    75 CAP02202     B              0                     342.369 
    76 CAP02302     B         2.1664                     571.335 
    77 CAP02402     B              0                     559.773 
    78 CAP02502     B        28.8328                         480 
    79 CAP02602     B        3.31455                     1428.77 
    80 CAP02702     B        183.793                        2119 
    81 CAP02802     B          105.9                     1373.65 
    82 CAP02902     B              0                     418.517 
    83 CAP03002     B              0                      458.33 
    84 CAP03102     B        145.958                     554.945 
    85 CAP03202     B        3.49892                     1176.09 
    86 CAP03302     B        171.942                     1150.88 
    87 CAP03402     B        453.406                     2082.65 
    88 CAP03502     B        6.47276                     100.773 
    89 CAP03602     B        5.78717                     1209.43 
    90 CAP03702     B        350.431                      2678.4 
    91 CAP03802     B        370.755                      1148.7 
    92 CAP03902     B        4.28715                     296.471 
    93 CAP04002     B        312.163                      328.32 
    94 CAP04102     B        122.221                      668.16 
    95 CAP04202     B        260.083                     1026.66 
    96 CAP04302     B        309.642                     1087.91 
    97 CAP04402     B        133.456                     357.346 
    98 CAP04502     B        316.262                     1002.24 
    99 CAP04602     B        163.477                     1336.32 
   100 CAP04702     B        193.313                     1336.32 
   101 CAP04802     B        2.19401                     668.121 
   102 CAP04902     B        159.199                     668.126 
   103 CAP05002     B        197.253                       668.1 
   104 CAP05102     B        158.127                     677.621 
   105 CAP05202     B        4.96525                     1670.09 
   106 CAP05302     B        152.312                     568.152 
   107 CAP05402     B         145.99                     720.486 
   108 CAP05502     B        5.98449                     1572.48 
   109 CAP05602     B        15.4553                     980.516 
   110 CAP05702     B        8.06334                     888.222 
   111 CAP05802     B        13.2362                     978.321 
   112 CAP05902     B        10.4407                     665.417 
   113 CAP06002     B        109.604                     3922.55 
   114 CAP06102     B        103.877                        3360 
   115 CAP06202     B        759.088                        1260 
   116 CAP06302     B        267.297                     3317.93 
   117 CAP06402     B       0.914534                     1726.69 
   118 CAP06502     B        317.357                        2304 
   119 CAP00103     B        5245.73                       23107 
   120 CAP00203     B        1645.99                     2053.96 
   121 CAP00303     B         995.83                     6161.87 
   122 CAP00403     B        3936.55                     7702.34 
   123 CAP00503     B        5887.75                     28241.9 
   124 CAP00603     NU       7188.85                     7188.85      -15.8974 
   125 CAP00703     B        732.123                     11296.8 
   126 CAP00803     B        347.831                     1540.47 
   127 CAP00903     B        1054.84                       39312 
   128 CAP01003     B        1421.82                       26208 
   129 CAP01103     NU          6006                        6006      -15.8974 
   130 CAP01203     B        81.0773                        2730 
   131 CAP01303     B        105.827                        1638 
   132 CAP01403     B              0                     6239.75 
   133 CAP01503     B              0                     519.979 
   134 CAP01603     B        446.706                     519.979 
   135 CAP01703     NU       519.979                     519.979         < eps
   136 CAP01803     B              0                     1039.96 
   137 CAP01903     B        79.4357                      685.44 
   138 CAP02003     B        37.1621                       907.2 
   139 CAP02103     B        66.1796                     902.664 
   140 CAP02203     B        297.999                       403.2 
   141 CAP02303     B        4.81081                     601.776 
   142 CAP02403     B        32.6867                       604.8 
   143 CAP02503     B        47.8412                         504 
   144 CAP02603     B        44.5356                      1562.4 
   145 CAP02703     B         455.46                     2328.48 
   146 CAP02803     B          118.1                      1461.6 
   147 CAP02903     B         38.189                       453.6 
   148 CAP03003     B        23.9435                         504 
   149 CAP03103     B        168.049                      665.28 
   150 CAP03203     B        49.1158                     1280.16 
   151 CAP03303     B        132.311                        1248 
   152 CAP03403     B        505.222                      2277.6 
   153 CAP03503     B           20.7                       124.8 
   154 CAP03603     B        6.02613                      1310.4 
   155 CAP03703     B         256.51                      2901.6 
   156 CAP03803     B        354.063                     1254.24 
   157 CAP03903     B        7.01666                      324.48 
   158 CAP04003     B         351.82                      355.68 
   159 CAP04103     B        86.3018                      723.84 
   160 CAP04203     B        319.508                      1123.2 
   161 CAP04303     B        242.705                     1179.36 
   162 CAP04403     B        168.779                      393.12 
   163 CAP04503     B        305.427                     1085.76 
   164 CAP04603     B        116.844                     1447.68 
   165 CAP04703     B        217.896                     1447.68 
   166 CAP04803     B        2.04423                      723.84 
   167 CAP04903     B        130.624                      723.84 
   168 CAP05003     B        170.469                      723.84 
   169 CAP05103     B        133.652                      736.32 
   170 CAP05203     B        6.74786                      1809.6 
   171 CAP05303     B        144.543                         624 
   172 CAP05403     B        165.666                      786.24 
   173 CAP05503     B        5.41081                     1703.52 
   174 CAP05603     B        18.3123                     1067.04 
   175 CAP05703     B        19.4699                      973.44 
   176 CAP05803     B        19.1697                     1067.04 
   177 CAP05903     B        19.2766                      730.08 
   178 CAP06003     B        245.081                        4158 
   179 CAP06103     B        123.222                        3528 
   180 CAP06203     B          873.6                        1323 
   181 CAP06303     B        405.331                     3594.43 
   182 CAP06403     B        3.30855                      1814.4 
   183 CAP06503     B        1527.56                      2419.2 
   184 CAP00104     B        4942.79                       23107 
   185 CAP00204     B        843.716                     2053.96 
   186 CAP00304     B         1181.2                     6161.87 
   187 CAP00404     B        3380.56                     7702.34 
   188 CAP00504     B        5014.33                     28241.9 
   189 CAP00604     B         4317.3                     7188.85 
   190 CAP00704     B        574.815                     11296.8 
   191 CAP00804     B            373                     1540.47 
   192 CAP00904     B            807                       39312 
   193 CAP01004     B        393.333                       26208 
   194 CAP01104     B        2011.33                        6006 
   195 CAP01204     B              0                        2730 
   196 CAP01304     B             82                        1638 
   197 CAP01404     B              0                     6239.75 
   198 CAP01504     B              0                     519.979 
   199 CAP01604     B        21.4677                     519.979 
   200 CAP01704     B        29.9519                     519.979 
   201 CAP01804     B              0                     1039.96 
   202 CAP01904     B         92.421                      718.08 
   203 CAP02004     B        19.0521                       950.4 
   204 CAP02104     B        92.3301                     945.647 
   205 CAP02204     B        77.3326                       422.4 
   206 CAP02304     B        4.64602                     630.432 
   207 CAP02404     B        22.5868                       633.6 
   208 CAP02504     B        26.3329                         528 
   209 CAP02604     B        77.9898                      1636.8 
   210 CAP02704     B         268.03                     2439.36 
   211 CAP02804     B        113.486                      1531.2 
   212 CAP02904     B        19.8733                       475.2 
   213 CAP03004     B        28.1895                         528 
   214 CAP03104     B        199.523                      696.96 
   215 CAP03204     B        59.3679                     1341.12 
   216 CAP03304     B        119.757                        1248 
   217 CAP03404     B        382.721                      2277.6 
   218 CAP03504     B        17.9842                       124.8 
   219 CAP03604     B        1.94295                      1310.4 
   220 CAP03704     B        234.562                      2901.6 
   221 CAP03804     B         287.73                     1254.24 
   222 CAP03904     B        6.41247                      324.48 
   223 CAP04004     B        257.058                      355.68 
   224 CAP04104     B        82.2181                      723.84 
   225 CAP04204     B        229.181                      1123.2 
   226 CAP04304     B         215.71                     1179.36 
   227 CAP04404     B        119.196                      393.12 
   228 CAP04504     B        241.907                     1085.76 
   229 CAP04604     B        110.066                     1447.68 
   230 CAP04704     B        159.218                     1447.68 
   231 CAP04804     B       0.496286                      723.84 
   232 CAP04904     B        112.121                      723.84 
   233 CAP05004     B        142.766                      723.84 
   234 CAP05104     B        113.528                      736.32 
   235 CAP05204     B        3.24495                      1809.6 
   236 CAP05304     B        120.513                         624 
   237 CAP05404     B        123.018                      786.24 
   238 CAP05504     B        5.45187                     1703.52 
   239 CAP05604     B        13.5747                     1067.04 
   240 CAP05704     B        15.0756                      973.44 
   241 CAP05804     B        14.5894                     1067.04 
   242 CAP05904     B        14.8586                      730.08 
   243 CAP06004     B        301.366                        4356 
   244 CAP06104     B           93.6                        3696 
   245 CAP06204     B          679.9                        1386 
   246 CAP06304     B        350.472                     3594.43 
   247 CAP06404     B        4.07991                      1900.8 
   248 CAP06504     B        335.111                      2534.4 
   249 CAP00105     B        3790.39                     23995.8 
   250 CAP00205     B        1664.35                     2132.96 
   251 CAP00305     B        696.136                     6398.87 
   252 CAP00405     B        2521.81                     7998.58 
   253 CAP00505     B        3866.02                     29328.1 
   254 CAP00605     NU       7465.34                     7465.34         < eps
   255 CAP00705     B        551.631                     11731.3 
   256 CAP00805     B          292.5                     1599.72 
   257 CAP00905     B            836                       40824 
   258 CAP01005     B         536.82                       27216 
   259 CAP01105     B        2750.25                        6237 
   260 CAP01205     B              0                        2835 
   261 CAP01305     B             86                        1701 
   262 CAP01405     B              0                     6479.74 
   263 CAP01505     B              0                     539.978 
   264 CAP01605     B        141.698                     539.978 
   265 CAP01705     B        163.324                     539.978 
   266 CAP01805     B              0                     1079.96 
   267 CAP01905     B        78.8245                      718.08 
   268 CAP02005     B        41.3987                       950.4 
   269 CAP02105     B        70.9493                     945.647 
   270 CAP02205     B        335.348                       422.4 
   271 CAP02305     B        4.48956                     630.432 
   272 CAP02405     B         36.787                       633.6 
   273 CAP02505     B        56.9681                         528 
   274 CAP02605     B        49.0157                      1636.8 
   275 CAP02705     B         490.85                     2439.36 
   276 CAP02805     B        122.068                      1531.2 
   277 CAP02905     B        42.9947                       475.2 
   278 CAP03005     B        26.9358                         528 
   279 CAP03105     B        161.918                      696.96 
   280 CAP03205     B        54.3525                     1341.12 
   281 CAP03305     B          29.44                        1296 
   282 CAP03405     B        239.229                      2365.2 
   283 CAP03505     B        19.0142                       129.6 
   284 CAP03605     B              0                      1360.8 
   285 CAP03705     B        41.7624                      3013.2 
   286 CAP03805     B        130.894                     1302.48 
   287 CAP03905     B        6.84781                      336.96 
   288 CAP04005     B        165.828                      369.36 
   289 CAP04105     B        11.2755                      751.68 
   290 CAP04205     B        167.503                      1166.4 
   291 CAP04305     B        56.0879                     1224.72 
   292 CAP04405     B        89.6852                      408.24 
   293 CAP04505     B        112.327                     1127.52 
   294 CAP04605     B         17.245                     1503.36 
   295 CAP04705     B        102.692                     1503.36 
   296 CAP04805     B              0                      751.68 
   297 CAP04905     B        30.6174                      751.68 
   298 CAP05005     B        47.2256                      751.68 
   299 CAP05105     B        36.4087                      764.64 
   300 CAP05205     B              0                      1879.2 
   301 CAP05305     B        54.9342                         648 
   302 CAP05405     B        77.7587                      816.48 
   303 CAP05505     B        5.92442                     1769.04 
   304 CAP05605     B        13.5899                     1108.08 
   305 CAP05705     B        13.3096                     1010.88 
   306 CAP05805     B        14.0601                     1108.08 
   307 CAP05905     B        13.5833                      758.16 
   308 CAP06005     B        331.378                        4356 
   309 CAP06105     B           94.9                        3696 
   310 CAP06205     B          691.6                        1386 
   311 CAP06305     B        264.904                     3732.67 
   312 CAP06405     B        1.78599                      1900.8 
   313 CAP06505     B        1008.79                      2534.4 
   314 CAP00106     B         360.43                     22218.3 
   315 CAP00206     B        64.8122                     1974.96 
   316 CAP00306     B         334.44                     5924.88 
   317 CAP00406     B        2309.79                     7406.09 
   318 CAP00506     B         3381.2                     27155.7 
   319 CAP00606     B            307                     6912.35 
   320 CAP00706     B          390.8                     10862.3 
   321 CAP00806     B              0                     1481.22 
   322 CAP00906     B            817                       37800 
   323 CAP01006     B        1219.19                       25200 
   324 CAP01106     NU          5775                        5775         < eps
   325 CAP01206     B              0                        2625 
   326 CAP01306     B             83                        1575 
   327 CAP01406     B              0                     1999.92 
   328 CAP01506     B              0                      166.66 
   329 CAP01606     B         143.14                      166.66 
   330 CAP01706     NU        166.66                      166.66      -460.073 
   331 CAP01806     B              0                      333.32 
   332 CAP01906     B        119.729                      685.44 
   333 CAP02006     B        40.8654                       907.2 
   334 CAP02106     B        147.076                     902.664 
   335 CAP02206     NU         403.2                       403.2      -3816.19 
   336 CAP02306     B        4.20814                     601.776 
   337 CAP02406     B        59.4045                       604.8 
   338 CAP02506     B        54.3823                         504 
   339 CAP02606     B        124.249                      1562.4 
   340 CAP02706     B        508.582                     2328.48 
   341 CAP02806     B        122.218                      1461.6 
   342 CAP02906     B        62.4003                       453.6 
   343 CAP03006     B        56.0037                         504 
   344 CAP03106     B        167.148                      665.28 
   345 CAP03206     B        110.128                     1280.16 
   346 CAP03306     B        8.95852                        1200 
   347 CAP03406     B        29.4341                        2190 
   348 CAP03506     B         18.212                         120 
   349 CAP03606     B              0                        1260 
   350 CAP03706     B         10.212                        2790 
   351 CAP03806     B        15.5392                        1206 
   352 CAP03906     B        6.48479                         312 
   353 CAP04006     B              0                         342 
   354 CAP04106     B        4.86267                         696 
   355 CAP04206     B        12.6009                        1080 
   356 CAP04306     B        12.2249                        1134 
   357 CAP04406     B        6.61751                         378 
   358 CAP04506     B              0                        1044 
   359 CAP04606     B            6.4                        1392 
   360 CAP04706     B              0                        1392 
   361 CAP04806     B              0                         696 
   362 CAP04906     B              0                         696 
   363 CAP05006     B              0                         696 
   364 CAP05106     B        5.16497                         708 
   365 CAP05206     B              0                        1740 
   366 CAP05306     B        14.0055                         600 
   367 CAP05406     B        6.59539                         756 
   368 CAP05506     B        5.48571                        1638 
   369 CAP05606     B        12.8074                        1026 
   370 CAP05706     B        12.7484                         936 
   371 CAP05806     B        13.3198                        1026 
   372 CAP05906     B        12.9401                         702 
   373 CAP06006     B        311.392                        4158 
   374 CAP06106     B           93.6                        3528 
   375 CAP06206     B          682.5                        1323 
   376 CAP06306     B        32.1819                     3456.18 
   377 CAP06406     B              0                      1814.4 
   378 CAP06506     B            524                      2419.2 
   379 U0010102     NU         22000                       22000      -1.24754 
   380 U0020102     B        79898.2                       80000 
   381 U0030102     NU             0                           0      -3.63119 
   382 U0050102     B        53678.6                      350000 
   383 U0070102     B              0                       14000 
   384 U0080102     B              0                        7000 
   385 U0090102     NU        699.99                      699.99   -0.00398871 
   386 U0100102     NU           300                         300   -0.00398871 
   387 U0110102     NU         36000                       36000         -0.09 
   388 U0120102     B        808.854                     66699.9 
   389 U0130102     B        2742.63                       33300 
   390 U0140102     B          95086                      135300 
   391 U0150102     B        53253.6                     67699.9 
   392 U0160102     B         105728                      128000 
   393 U0010103     NU         43000                       43000        -1.496 
   394 U0020103     NU        122857                      122857         -1.52 
   395 U0030103     NU         34712                       34712       -4.4184 
   396 U0040103     B        914.534                        1600 
   397 U0050103     NU        700000                      700000      -50.1144 
   398 U0060103     B        4506.72                        5000 
   399 U0070103     NU         34000                       34000      -26.8973 
   400 U0080103     NU         17000                       17000      -26.8973 
   401 U0090103     NU       4399.99                     4399.99        -0.313 
   402 U0100103     NU       2199.99                     2199.99        -0.313 
   403 U0110103     NU         66000                       66000     -0.204086 
   404 U0120103     NU        126700                      126700      -26.8433 
   405 U0130103     NU         63300                       63300      -26.8433 
   406 U0140103     NU        335300                      335300        -0.208 
   407 U0150103     NU        167700                      167700        -0.208 
   408 U0160103     NU        248000                      248000     -0.118086 
   409 U0010104     NU         83000                       83000        -1.421 
   410 U0020104     NU        144286                      144286        -1.443 
   411 U0030104     NU         93536                       93536        -1.454 
   412 U0040104     NU          3400                        3400        -4.183 
   413 U0050104     B         793651                       1e+06 
   414 U0060104     NU         12000                       12000       -12.804 
   415 U0070104     NU         47300                       47300        -0.216 
   416 U0080104     NU         23700                       23700        -0.216 
   417 U0090104     NU       7999.99                     7999.99        -0.297 
   418 U0100104     NU       3899.99                     3899.99        -0.297 
   419 U0110104     NU         96000                       96000        -0.249 
   420 U0120104     NU        226700                      226700        -0.166 
   421 U0130104     NU        113300                      113300        -0.166 
   422 U0140104     NU        548600                      548600        -0.198 
   423 U0150104     NU        274400                      274400        -0.198 
   424 U0160104     NU        348000                      348000        -0.168 
   425 U0010105     NU        123000                      123000       -26.656 
   426 U0020105     NU        144857                      144857       -27.079 
   427 U0030105     NU        164124                      164124      -19.9956 
   428 U0040105     NU       5299.99                     5299.99       -78.482 
   429 U0050105     NU       1.2e+06                     1.2e+06        -0.176 
   430 U0060105     NU         19000                       19000         -1.51 
   431 U0070105     NU         60600                       60600        -4.054 
   432 U0080105     NU         30400                       30400        -4.054 
   433 U0090105     NU         11600                       11600      -4.58476 
   434 U0100105     NU       5599.99                     5599.99      -4.58476 
   435 U0110105     NU        126000                      126000        -0.237 
   436 U0120105     NU        326700                      326700        -3.112 
   437 U0130105     NU        163300                      163300        -3.112 
   438 U0140105     NU        748600                      748600        -3.713 
   439 U0150105     NU        374400                      374400        -3.713 
   440 U0160105     NU        448000                      448000        -0.159 
   441 U0010106     B         134060                      163000 
   442 U0020106     B         144857                      145428 
   443 U0030106     NU        234712                      234712      -7.28644 
   444 U0040106     B        5299.99                     7299.99 
   445 U0050106     NU       1.4e+06                     1.4e+06        -3.301 
   446 U0060106     NU         25000                       25000       -28.323 
   447 U0070106     B          60600                       73900 
   448 U0080106     B          30400                       37100 
   449 U0090106     NU         14900                       14900     -0.988236 
   450 U0100106     NU       7299.99                     7299.99     -0.988236 
   451 U0110106     NU        156000                      156000        -4.435 
   452 U0120106     B         326700                      460000 
   453 U0130106     B         163300                      230000 
   454 U0140106     B         748600                      948600 
   455 U0150106     B         374400                      474400 
   456 U0160106     NU        548000                      548000        -2.985 
   457 I0010101     NS      -29070.7      -29070.7             =       26.8235 
   458 I0010102     NS       -397600       -397600             =       -100.08 
   459 I0010103     NS             0             0             =         < eps
   460 I0010104     NS             0             0             =         < eps
   461 I0010105     NS             0             0             =         < eps
   462 I0010106     NS             0             0             =         < eps
   463 I0020101     NS         -1010         -1010             =       507.874 
   464 I0020102     NS         -6750         -6750             =       -100.08 
   465 I0020103     NS             0             0             =         < eps
   466 I0020104     NS             0             0             =         < eps
   467 I0020105     NS             0             0             =         < eps
   468 I0020106     NS             0             0             =         < eps
   469 I0030101     NS      -54160.6      -54160.6             =      -6.75498 
   470 I0030102     NS             0             0             =         < eps
   471 I0030103     NS             0             0             =         < eps
   472 I0030104     NS             0             0             =         < eps
   473 I0030105     NS             0             0             =         < eps
   474 I0030106     NS             0             0             =       13.2581 
   475 I0040101     NS      -32169.1      -32169.1             =      0.238894 
   476 I0040102     NS             0             0             =         < eps
   477 I0040103     NS             0             0             =         < eps
   478 I0040104     NS             0             0             =         < eps
   479 I0040105     NS             0             0             =         < eps
   480 I0040106     NS             0             0             =       13.2581 
   481 I0050101     NS       -116.75       -116.75             =       516.686 
   482 I0050102     NS        -76500        -76500             =       -100.08 
   483 I0050103     NS             0             0             =         < eps
   484 I0050104     NS             0             0             =         < eps
   485 I0050105     NS             0             0             =         < eps
   486 I0050106     NS             0             0             =       3.72614 
   487 I0060101     NS      -395.871      -395.871             =       516.686 
   488 I0060102     NS        -45900        -45900             =       -100.08 
   489 I0060103     NS             0             0             =         < eps
   490 I0060104     NS             0             0             =         < eps
   491 I0060105     NS             0             0             =         < eps
   492 I0060106     NS             0             0             =       3.72614 
   493 I0070101     NS      -13926.8      -13926.8             =       1.12928 
   494 I0070102     NS       -133110       -133110             =         < eps
   495 I0070103     NS             0             0             =         < eps
   496 I0070104     NS             0             0             =         < eps
   497 I0070105     NS             0             0             =         < eps
   498 I0070106     NS             0             0             =       3.72614 
   499 I0080101     NS      -7773.23      -7773.23             =       1.12928 
   500 I0080102     NS      -67319.9      -67319.9             =         < eps
   501 I0080103     NS             0             0             =         < eps
   502 I0080104     NS             0             0             =         < eps
   503 I0080105     NS             0             0             =         < eps
   504 I0080106     NS             0             0             =       3.72614 
   505 I0090101     NS      -67763.1      -67763.1             =      0.311532 
   506 I0090102     NS       -182320       -182320             =       0.12523 
   507 I0090103     NS             0             0             =         < eps
   508 I0090104     NS             0             0             =         < eps
   509 I0090105     NS             0             0             =         < eps
   510 I0090106     NS             0             0             =         < eps
   511 I0100101     NS        -340.6        -340.6             =       11.8304 
   512 I0100102     NS             0             0             =         < eps
   513 I0100103     NS             0             0             =         < eps
   514 I0100104     NS             0             0             =         < eps
   515 I0100105     NS             0             0             =      -25.9187 
   516 I0100106     NS             0             0             =       74.1613 

   No. Column name  St   Activity     Lower bound   Upper bound    Marginal
------ ------------ -- ------------- ------------- ------------- -------------
     1 Y0010102     B        15031.4             0               
     2 Y0010103     NL             0             0                       0.054 
     3 Y0010104     NL             0             0                       0.051 
     4 Y0010105     NL             0             0                       0.049 
     5 Y0010106     NL             0             0                       0.046 
     6 Y0020102     B        6968.61             0               
     7 Y0020103     B          21000             0               
     8 Y0020104     B          40000             0               
     9 Y0020105     B          40000             0               
    10 Y0020106     B        11059.5             0               
    11 Y0030102     NL             0             0                     2.17075 
    12 Y0030103     NL             0             0                   0.0538823 
    13 Y0030104     NL             0             0                       0.043 
    14 Y0030105     NL             0             0                       0.041 
    15 Y0030106     NL             0             0                      39.002 
    16 Y0040102     B        79898.2             0               
    17 Y0040103     B        42958.8             0               
    18 Y0040104     B          21429             0               
    19 Y0040105     B            571             0               
    20 Y0040106     NL             0             0                     6.63006 
    21 Y0050103     B        21857.7             0               
    22 Y0050104     B        45969.1             0               
    23 Y0050105     B          70588             0               
    24 Y0050106     B        66468.9             0               
    25 Y0060102     B              0             0               
    26 Y0060103     B        12854.3             0               
    27 Y0060104     B        12854.9             0               
    28 Y0060105     NL             0             0                       < eps
    29 Y0060106     B        4119.13             0               
    30 Y0070103     B        914.534             0               
    31 Y0070104     B        2485.47             0               
    32 Y0070105     B        1899.99             0               
    33 Y0070106     B              0             0               
    34 Y0080102     B        53678.6             0               
    35 Y0080103     B         262302             0               
    36 Y0080104     B        93650.7             0               
    37 Y0080105     B          22930             0               
    38 Y0080106     B         189905             0               
    39 Y0090102     NL             0             0                       < eps
    40 Y0090103     B         384020             0               
    41 Y0090104     NL             0             0                       < eps
    42 Y0090105     B         383419             0               
    43 Y0090106     B        10095.4             0               
    44 Y0100103     B        4506.72             0               
    45 Y0100104     B        7493.28             0               
    46 Y0100105     NL             0             0                       < eps
    47 Y0100106     NL             0             0                       < eps
    48 Y0110103     NL             0             0                       < eps
    49 Y0110104     NL             0             0                       < eps
    50 Y0110105     B           7000             0               
    51 Y0110106     B           6000             0               
    52 Y0120102     NL             0             0                     88.9172 
    53 Y0120103     B          34000             0               
    54 Y0120104     B          13300             0               
    55 Y0120105     B          13300             0               
    56 Y0120106     NL             0             0                    0.453764 
    57 Y0130102     NL             0             0                     88.9352 
    58 Y0130103     NL             0             0                       0.018 
    59 Y0130104     NL             0             0                       0.017 
    60 Y0130105     NL             0             0                       0.016 
    61 Y0130106     NL             0             0                    0.468764 
    62 Y0140102     NL             0             0                     88.9352 
    63 Y0140103     NL             0             0                       0.018 
    64 Y0140104     NL             0             0                       0.017 
    65 Y0140105     NL             0             0                       0.016 
    66 Y0140106     NL             0             0                    0.468764 
    67 Y0150102     NL             0             0                     88.9172 
    68 Y0150103     B          17000             0               
    69 Y0150104     B           6700             0               
    70 Y0150105     B           6700             0               
    71 Y0150106     NL             0             0                    0.453764 
    72 Y0160102     NL             0             0                       0.019 
    73 Y0160103     NL             0             0                       0.018 
    74 Y0160104     NL             0             0                       0.017 
    75 Y0160105     NL             0             0                       0.016 
    76 Y0160106     NL             0             0                       0.015 
    77 Y0170102     B         699.99             0               
    78 Y0170103     B           3700             0               
    79 Y0170104     B           3600             0               
    80 Y0170105     B        3600.01             0               
    81 Y0170106     B           3300             0               
    82 Y0180102     NL             0             0                       0.019 
    83 Y0180103     NL             0             0                       0.018 
    84 Y0180104     NL             0             0                       0.017 
    85 Y0180105     NL             0             0                       0.016 
    86 Y0180106     NL             0             0                       0.015 
    87 Y0190102     B            300             0               
    88 Y0190103     B        1899.99             0               
    89 Y0190104     B           1700             0               
    90 Y0190105     B           1700             0               
    91 Y0190106     B           1700             0               
    92 Y0200102     B          36000             0               
    93 Y0200103     B          30000             0               
    94 Y0200104     B          30000             0               
    95 Y0200105     B          30000             0               
    96 Y0200106     B          30000             0               
    97 Y0210102     NL             0             0                       < eps
    98 Y0210103     NL             0             0                       < eps
    99 Y0210104     NL             0             0                       < eps
   100 Y0210105     NL             0             0                       < eps
   101 Y0210106     NL             0             0                       < eps
   102 Y0220102     B        808.854             0               
   103 Y0220103     NL             0             0                     13.3887 
   104 Y0220104     NL             0             0                       0.052 
   105 Y0220105     NL             0             0                       0.049 
   106 Y0220106     NL             0             0                     1.39476 
   107 Y0230102     NL             0             0                     88.9722 
   108 Y0230103     B         125891             0               
   109 Y0230104     B         100000             0               
   110 Y0230105     B         100000             0               
   111 Y0230106     NL             0             0                     1.34876 
   112 Y0240102     NL             0             0                     88.9912 
   113 Y0240103     NL             0             0                       0.018 
   114 Y0240104     NL             0             0                       0.018 
   115 Y0240105     NL             0             0                       0.017 
   116 Y0240106     NL             0             0                     1.36376 
   117 Y0250102     NL             0             0                     88.9912 
   118 Y0250103     NL             0             0                       0.018 
   119 Y0250104     NL             0             0                       0.018 
   120 Y0250105     NL             0             0                       0.017 
   121 Y0250106     NL             0             0                     1.36376 
   122 Y0260102     B        2742.63             0               
   123 Y0260103     NL             0             0                     13.3887 
   124 Y0260104     NL             0             0                       0.052 
   125 Y0260105     NL             0             0                       0.049 
   126 Y0260106     NL             0             0                     1.39476 
   127 Y0270102     NL             0             0                     88.9722 
   128 Y0270103     B        60557.4             0               
   129 Y0270104     B          50000             0               
   130 Y0270105     B          50000             0               
   131 Y0270106     NL             0             0                     1.34876 
   132 Y0280102     B          95086             0               
   133 Y0280103     NL             0             0                       0.054 
   134 Y0280104     NL             0             0                       0.052 
   135 Y0280105     NL             0             0                       0.049 
   136 Y0280106     NL             0             0                    0.823764 
   137 Y0290102     NL             0             0                    0.106011 
   138 Y0290103     B         240214             0               
   139 Y0290104     B         213300             0               
   140 Y0290105     B         200000             0               
   141 Y0290106     NL             0             0                    0.777764 
   142 Y0300102     NL             0             0                    0.125011 
   143 Y0300103     NL             0             0                       0.018 
   144 Y0300104     NL             0             0                       0.017 
   145 Y0300105     NL             0             0                       0.016 
   146 Y0300106     NL             0             0                    0.792764 
   147 Y0310102     NL             0             0                    0.125011 
   148 Y0310103     NL             0             0                       0.018 
   149 Y0310104     NL             0             0                       0.017 
   150 Y0310105     NL             0             0                       0.016 
   151 Y0310106     NL             0             0                    0.792764 
   152 Y0320102     B        53253.6             0               
   153 Y0320103     NL             0             0                       0.054 
   154 Y0320104     NL             0             0                       0.052 
   155 Y0320105     NL             0             0                       0.049 
   156 Y0320106     NL             0             0                    0.823764 
   157 Y0330102     NL             0             0                    0.106011 
   158 Y0330103     B         114446             0               
   159 Y0330104     B         106700             0               
   160 Y0330105     B         100000             0               
   161 Y0330106     NL             0             0                    0.777764 
   162 Y0340102     B        84152.9             0               
   163 Y0340103     B         142272             0               
   164 Y0340104     B         100000             0               
   165 Y0340105     B         100000             0               
   166 Y0340106     B         100000             0               
   167 Y0350102     B        21575.4             0               
   168 Y0350103     NL             0             0                  0.00962688 
   169 Y0350104     NL             0             0                       0.026 
   170 Y0350105     NL             0             0                       0.024 
   171 Y0350106     NL             0             0                       0.023 
   172 I0010101     NL             0             0                     226.984 
   173 I0010102     B          40141             0               
   174 I0010103     NL             0             0                      100.08 
   175 I0010104     NL             0             0                      100.08 
   176 I0010105     NL             0             0                      100.08 
   177 I0010106     NL             0             0                      100.08 
   178 I0020101     NL             0             0                     708.034 
   179 I0020102     B          355.4             0               
   180 I0020103     NL             0             0                      100.08 
   181 I0020104     NL             0             0                      100.08 
   182 I0020105     NL             0             0                      100.08 
   183 I0020106     NL             0             0                      100.08 
   184 I0030101     NL             0             0                      93.325 
   185 I0030102     NL             0             0                      100.08 
   186 I0030103     NL             0             0                      100.08 
   187 I0030104     NL             0             0                      100.08 
   188 I0030105     NL             0             0                     86.8219 
   189 I0030106     NL             0             0                     113.338 
   190 I0040101     NL             0             0                     100.319 
   191 I0040102     NL             0             0                      100.08 
   192 I0040103     NL             0             0                      100.08 
   193 I0040104     NL             0             0                      100.08 
   194 I0040105     NL             0             0                     86.8219 
   195 I0040106     NL             0             0                     113.338 
   196 I0050101     NL             0             0                     716.846 
   197 I0050102     B        33074.9             0               
   198 I0050103     NL             0             0                      100.08 
   199 I0050104     NL             0             0                      100.08 
   200 I0050105     NL             0             0                     96.3539 
   201 I0050106     NL             0             0                     103.806 
   202 I0060101     NL             0             0                     716.846 
   203 I0060102     B        22461.4             0               
   204 I0060103     NL             0             0                      100.08 
   205 I0060104     NL             0             0                      100.08 
   206 I0060105     NL             0             0                     96.3539 
   207 I0060106     NL             0             0                     103.806 
   208 I0070101     NL             0             0                     101.209 
   209 I0070102     NL             0             0                      100.08 
   210 I0070103     NL             0             0                      100.08 
   211 I0070104     NL             0             0                      100.08 
   212 I0070105     NL             0             0                     96.3539 
   213 I0070106     NL             0             0                     103.806 
   214 I0080101     NL             0             0                     101.209 
   215 I0080102     NL             0             0                      100.08 
   216 I0080103     NL             0             0                      100.08 
   217 I0080104     NL             0             0                      100.08 
   218 I0080105     NL             0             0                     96.3539 
   219 I0080106     NL             0             0                     103.806 
   220 I0090101     NL             0             0                     100.266 
   221 I0090102     NL             0             0                     100.205 
   222 I0090103     NL             0             0                      100.08 
   223 I0090104     NL             0             0                      100.08 
   224 I0090105     NL             0             0                      100.08 
   225 I0090106     NL             0             0                      100.08 
   226 I0100101     NL             0             0                      111.91 
   227 I0100102     NL             0             0                      100.08 
   228 I0100103     NL             0             0                      100.08 
   229 I0100104     NL             0             0                     125.999 
   230 I0100105     B              0             0               
   231 I0100106     NL             0             0                     174.241 
   232 X0010103     B        1597.38             0               
   233 X0020103     B        139.678             0               
   234 X0040103     NL             0             0                       < eps
   235 X0060103     NL             0             0                       < eps
   236 X0070103     NL             0             0                       < eps
   237 X0100103     NL             0             0                       < eps
   238 X0120103     NL             0             0                       < eps
   239 X0140103     NL             0             0                       < eps
   240 X0030102     B        3897.69             0               
   241 X0030103     B        2123.48             0               
   242 X0050102     B        2082.89             0               
   243 X0050103     B        3470.65             0               
   244 X0080102     NL             0             0                     14311.4 
   245 X0080103     B        973.033             0               
   246 X0090102     NL             0             0                     14311.4 
   247 X0090103     B        430.349             0               
   248 X0110102     B        199.786             0               
   249 X0110103     B        1919.31             0               
   250 X0130102     B        124.135             0               
   251 X0130103     B        924.709             0               
   252 X0150103     B         442.43             0               
   253 X0160102     B        67.4005             0               
   254 X0160103     B        148.012             0               
   255 X0010104     B        926.619             0               
   256 X0020104     B        130.551             0               
   257 X0040104     B        911.702             0               
   258 X0060104     NL             0             0                       < eps
   259 X0070104     NL             0             0                       < eps
   260 X0100104     NL             0             0                       < eps
   261 X0120104     B        1600.73             0               
   262 X0140104     NL             0             0                       < eps
   263 X0150104     B        363.411             0               
   264 X0010105     B        1387.54             0               
   265 X0020105     B         125.86             0               
   266 X0040105     NL             0             0                       < eps
   267 X0060105     NL             0             0                       < eps
   268 X0070105     NL             0             0                       < eps
   269 X0100105     NL             0             0                       < eps
   270 X0120105     NL             0             0                       < eps
   271 X0140105     NL             0             0                       < eps
   272 X0030104     NL             0             0                       < eps
   273 X0050104     B        3968.79             0               
   274 X0080104     B        907.097             0               
   275 X0090104     B        453.949             0               
   276 X0110104     NL             0             0                       < eps
   277 X0130104     B        855.844             0               
   278 X0150105     B        379.585             0               
   279 X0160104     B        100.463             0               
   280 X0010106     B            844             0               
   281 X0020106     B        116.537             0               
   282 X0040106     B              0             0               
   283 X0060106     B        2661.24             0               
   284 X0070106     B              0             0               
   285 X0100106     B              0             0               
   286 X0120106     B        24.9064             0               
   287 X0140106     B        12.8306             0               
   288 X0030105     B        24.3878             0               
   289 X0050105     B        3319.71             0               
   290 X0080105     B        711.603             0               
   291 X0090105     B        356.116             0               
   292 X0110105     B        1285.15             0               
   293 X0130105     B        642.042             0               
   294 X0150106     B        368.663             0               
   295 X0160105     NL             0             0                     673.886 
   296 X0030106     NL             0             0                       < eps
   297 X0050106     NL             0             0                       < eps
   298 X0080106     NL             0             0                       < eps
   299 X0090106     NL             0             0                       < eps
   300 X0110106     NL             0             0                       < eps
   301 X0130106     NL             0             0                       < eps
   302 X0160106     NL             0             0                       < eps

Karush-Kuhn-Tucker optimality conditions:

KKT.PE: max.abs.err = 1.16e-10 on row 397
        max.rel.err = 2.56e-16 on row 478
        High quality

KKT.PB: max.abs.err = 0.00e+00 on row 0
        max.rel.err = 0.00e+00 on row 0
        High quality

KKT.DE: max.abs.err = 7.96e-12 on column 280
        max.rel.err = 7.96e-12 on column 280
        High quality

KKT.DB: max.abs.err = 2.66e-14 on column 101
        max.rel.err = 2.66e-14 on column 101
        High quality

End of output
