
Value of objective function: 1.03121e+07

Actual values of the variables:
Y0010102                  15031.4
Y0010103                        0
Y0010104                        0
Y0010105                        0
Y0010106                        0
Y0020102                  6968.61
Y0020103                    21000
Y0020104                    40000
Y0020105                    40000
Y0020106                  10965.1
Y0030102                        0
Y0030103                        0
Y0030104                        0
Y0030105                        0
Y0030106                        0
Y0040102                  79898.2
Y0040103                  42958.8
Y0040104                    21429
Y0040105                      571
Y0040106                        0
Y0050103                  21857.7
Y0050104                  45969.1
Y0050105                  57239.4
Y0050106                  66468.9
Y0060102                        0
Y0060103                  12854.3
Y0060104                  12854.9
Y0060105                  13348.6
Y0060106                  4119.13
Y0070103                     1600
Y0070104                     1800
Y0070105                  1899.99
Y0070106                        0
Y0080102                  53678.6
Y0080103                   262302
Y0080104                  93650.7
Y0080105                   325692
Y0080106                        0
Y0090102                        0
Y0090103                   384020
Y0090104                        0
Y0090105                  80657.4
Y0090106                   200000
Y0100103                        0
Y0100104                        0
Y0100105                        0
Y0100106                        0
Y0110103                  4506.72
Y0110104                  7493.28
Y0110105                     7000
Y0110106                     6000
Y0120102                    14000
Y0120103                    20000
Y0120104                    13300
Y0120105                    13300
Y0120106                  366.667
Y0130102                        0
Y0130103                        0
Y0130104                        0
Y0130105                        0
Y0130106                        0
Y0140102                        0
Y0140103                        0
Y0140104                        0
Y0140105                        0
Y0140106                        0
Y0150102                     7000
Y0150103                    10000
Y0150104                     6700
Y0150105                     6700
Y0150106                  188.889
Y0160102                        0
Y0160103                        0
Y0160104                        0
Y0160105                        0
Y0160106                        0
Y0170102                   699.99
Y0170103                        0
Y0170104                     7300
Y0170105                  3600.01
Y0170106                     3300
Y0180102                        0
Y0180103                        0
Y0180104                        0
Y0180105                        0
Y0180106                        0
Y0190102                      300
Y0190103                        0
Y0190104                  3599.99
Y0190105                     1700
Y0190106                     1700
Y0200102                    36000
Y0200103                        0
Y0200104                    60000
Y0200105                    30000
Y0200106                    30000
Y0210102                        0
Y0210103                        0
Y0210104                        0
Y0210105                        0
Y0210106                        0
Y0220102                        0
Y0220103                        0
Y0220104                        0
Y0220105                        0
Y0220106                        0
Y0230102                  66699.9
Y0230103                  60000.1
Y0230104                   100000
Y0230105                   100000
Y0230106                        0
Y0240102                        0
Y0240103                        0
Y0240104                        0
Y0240105                        0
Y0240106                        0
Y0250102                        0
Y0250103                        0
Y0250104                        0
Y0250105                        0
Y0250106                        0
Y0260102                        0
Y0260103                        0
Y0260104                        0
Y0260105                        0
Y0260106                        0
Y0270102                    33300
Y0270103                    30000
Y0270104                    50000
Y0270105                    50000
Y0270106                        0
Y0280102                        0
Y0280103                        0
Y0280104                        0
Y0280105                        0
Y0280106                        0
Y0290102                   135300
Y0290103                        0
Y0290104                   413300
Y0290105                   200000
Y0290106                        0
Y0300102                        0
Y0300103                        0
Y0300104                        0
Y0300105                        0
Y0300106                        0
Y0310102                        0
Y0310103                        0
Y0310104                        0
Y0310105                        0
Y0310106                        0
Y0320102                        0
Y0320103                        0
Y0320104                        0
Y0320105                        0
Y0320106                        0
Y0330102                  67699.9
Y0330103                        0
Y0330104                   206700
Y0330105                   100000
Y0330106                        0
Y0340102                  69852.5
Y0340103                        0
Y0340104                   217219
Y0340105                   160929
Y0340106                   100000
Y0350102                        0
Y0350103                        0
Y0350104                        0
Y0350105                        0
Y0350106                        0
I0010101                        0
I0010102                    40141
I0010103                        0
I0010104                        0
I0010105                        0
I0010106                        0
I0020101                        0
I0020102                    355.4
I0020103                        0
I0020104                        0
I0020105                        0
I0020106                        0
I0030101                        0
I0030102                        0
I0030103                        0
I0030104                        0
I0030105                        0
I0030106                        0
I0040101                        0
I0040102                        0
I0040103                        0
I0040104                        0
I0040105                        0
I0040106                        0
I0050101                  98220.7
I0050102                  11218.4
I0050103                        0
I0050104                        0
I0050105                        0
I0050106                        0
I0050201                  79921.2
I0050202                        0
I0050203                        0
I0050204                        0
I0050205                        0
I0050206                        0
I0060101                  49169.9
I0060102                  5716.94
I0060103                        0
I0060104                        0
I0060105                        0
I0060106                        0
I0060201                  39915.8
I0060202                        0
I0060203                        0
I0060204                        0
I0060205                        0
I0060206                        0
I0070101                  74244.9
I0070102                        0
I0070103                        0
I0070104                        0
I0070105                        0
I0070106                        0
I0080101                  1663.51
I0080102                        0
I0080103                        0
I0080104                        0
I0080105                        0
I0080106                        0
X0010103                  1597.38
X0020103                  139.678
X0030103                        0
X0050103                        0
X0070103                        0
X0070203                        0
X0090103                        0
X0090203                  406.977
X0040102                  3897.69
X0040103                  2123.48
X0060102                  2082.89
X0060103                  3438.37
X0080102                        0
X0080103                  542.532
X0080202                  294.196
X0080203                  870.874
X0100102                        0
X0100103                  270.605
X0100202                  147.445
X0100203                        0
X0110103                  302.365
X0120102                  29.6025
X0120103                  112.011
X0010104                  926.619
X0020104                  130.551
X0030104                        0
X0050104                        0
X0070104                  538.549
X0070204                   2774.6
X0090104                        0
X0090204                        0
X0110104                  684.324
X0010105                  1387.54
X0020105                   125.86
X0030105                        0
X0050105                        0
X0070105                        0
X0070205                        0
X0090105                        0
X0090205                        0
X0040104                  911.702
X0060104                  3968.79
X0080104                        0
X0080204                  340.246
X0100104                  288.525
X0100204                  1654.24
X0110105                  488.375
X0120104                  100.463
X0010106                      844
X0020106                  116.537
X0030106                        0
X0050106                  2657.05
X0070106                        0
X0070206                  27.6737
X0090106                        0
X0090206                  14.2562
X0040105                  24.3878
X0060105                  3752.66
X0080105                   569.52
X0080205                  1427.94
X0100105                  285.144
X0100205                   713.38
X0110106                  368.663
X0120105                        0
X0040106                        0
X0060106                        0
X0080106                        0
X0080206                        0
X0100106                        0
X0100206                        0
X0120106                        0
