Problem:    
Rows:       488
Columns:    163
Non-zeros:  2410
Status:     OPTIMAL
Objective:  obj = -35991696.94 (MINimum)

   No.   Row name   St   Activity     Lower bound   Upper bound    Marginal
------ ------------ -- ------------- ------------- ------------- -------------
     1 CAP00101     B              0                     23995.8 
     2 CAP00201     B              0                        2133 
     3 CAP00301     B              0                      6398.9 
     4 CAP00401     B              0                      7998.6 
     5 CAP00501     B              0                     29328.1 
     6 CAP00601     B              0                      7465.3 
     7 CAP00701     B              0                     11731.3 
     8 CAP00801     B              0                      1599.7 
     9 CAP00901     B              0                       40824 
    10 CAP01001     B              0                       27216 
    11 CAP01101     B              0                        6237 
    12 CAP01201     B              0                        2835 
    13 CAP01301     B              0                        1701 
    14 CAP01401     B              0                      6479.7 
    15 CAP01501     B              0                         540 
    16 CAP01601     B              0                         540 
    17 CAP01701     B              0                         540 
    18 CAP01801     B              0                        1080 
    19 CAP02001     B       0.635351                       993.6 
    20 CAP02201     B              0                       441.6 
    21 CAP02501     B        2.56827                         552 
    22 CAP02701     B        3.08493                      2550.2 
    23 CAP03101     B        2.56461                       728.6 
    24 CAP03301     B       0.498139                        1296 
    25 CAP03701     B       0.949465                      3013.2 
    26 CAP04101     B        1.99058                       751.7 
    27 CAP04301     B      0.0350894                      1224.7 
    28 CAP04601     B        1.65202                      1503.4 
    29 CAP05501     B       0.669623                        1769 
    30 CAP06101     B              0                        3864 
    31 CAP06201     B              0                        1449 
    32 CAP06301     B              0                      3732.7 
    33 CAP06501     B              0                      2649.6 
    34 CAP00102     B              0                     21329.6 
    35 CAP00202     B              0                        1896 
    36 CAP00302     B              0                      5687.9 
    37 CAP00402     B              0                      7109.9 
    38 CAP00502     B              0                     26069.5 
    39 CAP00602     B              0                      6635.9 
    40 CAP00702     B              0                     10427.8 
    41 CAP00802     B              0                        1422 
    42 CAP00902     B              0                       36288 
    43 CAP01002     B              0                       24192 
    44 CAP01102     B              0                        5544 
    45 CAP01202     B              0                        2520 
    46 CAP01302     B              0                        1512 
    47 CAP01402     B              0                      5759.8 
    48 CAP01502     B              0                         480 
    49 CAP01602     B              0                         480 
    50 CAP01702     B              0                         480 
    51 CAP01802     B              0                         960 
    52 CAP01902     B        11.6906                       652.8 
    53 CAP02002     B           11.3                         864 
    54 CAP02102     B        4.98185                       859.7 
    55 CAP02202     B              0                         384 
    56 CAP02302     B         1.5218                       573.1 
    57 CAP02402     B              0                         576 
    58 CAP02502     B        24.2553                         480 
    59 CAP02602     B        2.32832                        1488 
    60 CAP02702     B        105.625                      2217.6 
    61 CAP02802     B        51.8873                        1392 
    62 CAP02902     B              0                         432 
    63 CAP03002     B              0                         480 
    64 CAP03102     B        75.7838                       633.6 
    65 CAP03202     B        2.45783                      1219.2 
    66 CAP03302     B         48.082                        1152 
    67 CAP03402     B        72.7263                      2102.4 
    68 CAP03502     B        4.27799                       115.2 
    69 CAP03602     B         7.3552                      1209.6 
    70 CAP03702     B        103.218                      2678.4 
    71 CAP03802     B        73.6104                      1157.8 
    72 CAP03902     B        2.83347                       299.5 
    73 CAP04002     B        40.2866                       328.3 
    74 CAP04102     B        35.8686                       668.2 
    75 CAP04202     B        30.8442                      1036.8 
    76 CAP04302     B        84.2473                      1088.6 
    77 CAP04402     B        15.6343                       362.9 
    78 CAP04502     B        55.9688                      1002.2 
    79 CAP04602     B        47.8822                      1336.3 
    80 CAP04702     B        24.9523                      1336.3 
    81 CAP04802     B        3.05279                       668.2 
    82 CAP04902     B         37.806                       668.2 
    83 CAP05002     B             43                       668.2 
    84 CAP05102     B        40.5701                       679.7 
    85 CAP05202     B        4.57335                      1670.4 
    86 CAP05302     B        33.8589                         576 
    87 CAP05402     B        22.7052                       725.8 
    88 CAP05502     B        4.50974                      1572.5 
    89 CAP05602     B        14.5395                         985 
    90 CAP05702     B        6.05176                       898.6 
    91 CAP05802     B        11.7597                         985 
    92 CAP05902     B        8.54065                       673.9 
    93 CAP06002     B              0                        3960 
    94 CAP06102     B              0                        3360 
    95 CAP06202     B              0                        1260 
    96 CAP06302     B              0                      3317.9 
    97 CAP06402     B              0                        1728 
    98 CAP06502     B              0                        2304 
    99 CAP00103     B        4574.55                       23107 
   100 CAP00203     B        563.734                        2054 
   101 CAP00303     B         4411.8                      6161.9 
   102 CAP00403     B        226.066                      7702.3 
   103 CAP00503     B        183.046                     28241.9 
   104 CAP00603     B        2766.22                      7188.9 
   105 CAP00703     B        199.456                     11296.8 
   106 CAP00803     B        10.2805                      1540.5 
   107 CAP00903     B        296.358                       39312 
   108 CAP01003     B        1008.59                       26208 
   109 CAP01103     B        2311.02                        6006 
   110 CAP01203     B        481.573                        2730 
   111 CAP01303     B        34.2406                        1638 
   112 CAP01403     B              0                      6239.7 
   113 CAP01503     B              0                         520 
   114 CAP01603     B        451.251                         520 
   115 CAP01703     NU           520                         520       -3611.1 
   116 CAP01803     B              0                        1040 
   117 CAP01903     B        101.835                       685.4 
   118 CAP02003     B        65.0456                       907.2 
   119 CAP02103     B         90.488                       902.7 
   120 CAP02203     NU         403.2                       403.2      -10177.4 
   121 CAP02303     B         20.324                       601.8 
   122 CAP02403     B        44.2259                       604.8 
   123 CAP02503     B        89.3681                         504 
   124 CAP02603     B        82.2886                      1562.4 
   125 CAP02703     B        699.972                      2328.5 
   126 CAP02803     B        196.753                      1461.6 
   127 CAP02903     B        51.6705                       453.6 
   128 CAP03003     B        32.3961                         504 
   129 CAP03103     B        287.021                       665.3 
   130 CAP03203     B        90.4291                      1280.2 
   131 CAP03303     B        130.295                        1248 
   132 CAP03403     B        258.566                      2277.6 
   133 CAP03503     B        20.7966                       124.8 
   134 CAP03603     B        46.8095                      1310.4 
   135 CAP03703     B        292.152                      2901.6 
   136 CAP03803     B        215.204                      1254.2 
   137 CAP03903     B        9.35036                       324.5 
   138 CAP04003     B          153.7                       355.7 
   139 CAP04103     B        95.9869                       723.8 
   140 CAP04203     B        136.353                      1123.2 
   141 CAP04303     B        233.964                      1179.4 
   142 CAP04403     B        78.4614                       393.1 
   143 CAP04503     B         167.23                      1085.8 
   144 CAP04603     B        126.757                      1447.7 
   145 CAP04703     B        95.1943                      1447.7 
   146 CAP04803     B        18.7073                       723.8 
   147 CAP04903     B        107.581                       723.8 
   148 CAP05003     B        123.338                       723.8 
   149 CAP05103     B        123.948                       736.3 
   150 CAP05203     B         33.841                      1809.6 
   151 CAP05303     B        97.5697                         624 
   152 CAP05403     B        90.1817                       786.2 
   153 CAP05503     B         10.892                      1703.5 
   154 CAP05603     B        67.5955                        1067 
   155 CAP05703     B        37.9208                       973.4 
   156 CAP05803     B        57.3368                        1067 
   157 CAP05903     B        46.0437                       730.1 
   158 CAP06003     B          30.69                        4158 
   159 CAP06103     B        16.0856                        3528 
   160 CAP06203     B        206.432                        1323 
   161 CAP06303     B        305.232                      3594.4 
   162 CAP06403     B              0                      1814.4 
   163 CAP06503     B        130.186                      2419.2 
   164 CAP00104     B        4846.52                       23107 
   165 CAP00204     B        1828.24                        2054 
   166 CAP00304     B        2607.61                      6161.9 
   167 CAP00404     NU        7702.3                      7702.3      -1264.95 
   168 CAP00504     B        11279.8                     28241.9 
   169 CAP00604     NU        7188.9                      7188.9      -195.513 
   170 CAP00704     B        1592.43                     11296.8 
   171 CAP00804     B        168.399                      1540.5 
   172 CAP00904     B        1190.64                       39312 
   173 CAP01004     B         2552.5                       26208 
   174 CAP01104     NU          6006                        6006      -195.513 
   175 CAP01204     B        910.638                        2730 
   176 CAP01304     B        124.333                        1638 
   177 CAP01404     B         649.54                      6239.7 
   178 CAP01504     B              0                         520 
   179 CAP01604     B        448.986                         520 
   180 CAP01704     NU           520                         520      -323.179 
   181 CAP01804     B        76.4165                        1040 
   182 CAP01904     B        187.963                       718.1 
   183 CAP02004     B        55.3677                       950.4 
   184 CAP02104     B        187.115                       945.6 
   185 CAP02204     NU         422.4                       422.4      -7386.16 
   186 CAP02304     B        30.0637                       630.4 
   187 CAP02404     B        65.4154                       633.6 
   188 CAP02504     B        72.3872                         528 
   189 CAP02604     B        172.481                      1636.8 
   190 CAP02704     B        719.027                      2439.4 
   191 CAP02804     B        211.659                      1531.2 
   192 CAP02904     B        67.6113                       475.2 
   193 CAP03004     B        63.6728                         528 
   194 CAP03104     B        353.594                         697 
   195 CAP03204     B        146.062                      1341.1 
   196 CAP03304     B        241.573                        1248 
   197 CAP03404     B        574.769                      2277.6 
   198 CAP03504     B        36.9076                       124.8 
   199 CAP03604     B        25.9743                      1310.4 
   200 CAP03704     B        482.612                      2901.6 
   201 CAP03804     B        486.877                      1254.2 
   202 CAP03904     B         13.451                       324.5 
   203 CAP04004     NU         355.7                       355.7       -186640 
   204 CAP04104     B        173.716                       723.8 
   205 CAP04204     B        306.903                      1123.2 
   206 CAP04304     B        426.096                      1179.4 
   207 CAP04404     B        170.894                       393.1 
   208 CAP04504     B        390.575                      1085.8 
   209 CAP04604     B        230.036                      1447.7 
   210 CAP04704     B        220.326                      1447.7 
   211 CAP04804     B        6.63459                       723.8 
   212 CAP04904     B         213.48                       723.8 
   213 CAP05004     B        262.364                       723.8 
   214 CAP05104     B        218.336                       736.3 
   215 CAP05204     B          43.38                      1809.6 
   216 CAP05304     B        213.023                         624 
   217 CAP05404     B        192.954                       786.2 
   218 CAP05504     B        11.9692                      1703.5 
   219 CAP05604     B        38.8714                        1067 
   220 CAP05704     B        59.0871                       973.4 
   221 CAP05804     B        46.5673                        1067 
   222 CAP05904     B        54.2167                       730.1 
   223 CAP06004     B        854.706                        4356 
   224 CAP06104     B        191.938                        3696 
   225 CAP06204     NU          1386                        1386      -6756.27 
   226 CAP06304     B        455.179                      3594.4 
   227 CAP06404     B         24.638                      1900.8 
   228 CAP06504     B        1137.38                      2534.4 
   229 CAP00105     B        5515.46                     23995.8 
   230 CAP00205     B        1575.29                        2133 
   231 CAP00305     B              0                      6398.9 
   232 CAP00405     NU        7998.6                      7998.6      -943.756 
   233 CAP00505     B        10135.1                     29328.1 
   234 CAP00605     NU        7465.3                      7465.3      -66.7637 
   235 CAP00705     B          616.7                     11731.3 
   236 CAP00805     B        536.684                      1599.7 
   237 CAP00905     B        2054.41                       40824 
   238 CAP01005     B         1316.1                       27216 
   239 CAP01105     NU          6237                        6237      -66.7637 
   240 CAP01205     B              0                        2835 
   241 CAP01305     B        214.306                        1701 
   242 CAP01405     NU        6479.7                      6479.7      -240.859 
   243 CAP01505     B        23.2633                         540 
   244 CAP01605     B        458.368                         540 
   245 CAP01705     NU           540                         540      -993.555 
   246 CAP01805     B        693.468                        1080 
   247 CAP01905     B        160.315                       718.1 
   248 CAP02005     B        55.0804                       950.4 
   249 CAP02105     B        163.214                       945.6 
   250 CAP02205     B         417.81                       422.4 
   251 CAP02305     B        8.97912                       630.4 
   252 CAP02405     B        60.8721                       633.6 
   253 CAP02505     B        73.4859                         528 
   254 CAP02605     B        131.602                      1636.8 
   255 CAP02705     B        691.692                      2439.4 
   256 CAP02805     B        203.882                      1531.2 
   257 CAP02905     B        64.1863                       475.2 
   258 CAP03005     B        56.9952                         528 
   259 CAP03105     B        309.975                         697 
   260 CAP03205     B        117.155                      1341.1 
   261 CAP03305     B        67.2599                        1296 
   262 CAP03405     B        522.137                      2365.2 
   263 CAP03505     B        43.8987                       129.6 
   264 CAP03605     B              0                      1360.8 
   265 CAP03705     B        95.1364                      3013.2 
   266 CAP03805     B        286.073                      1302.5 
   267 CAP03905     B        16.5628                         337 
   268 CAP04005     B        357.812                       369.4 
   269 CAP04105     B        26.7711                       751.7 
   270 CAP04205     B        363.351                      1166.4 
   271 CAP04305     B        126.264                      1224.7 
   272 CAP04405     B        194.496                       408.2 
   273 CAP04505     B        242.371                      1127.5 
   274 CAP04605     B        40.4228                      1503.4 
   275 CAP04705     B        221.581                      1503.4 
   276 CAP04805     B              0                       751.7 
   277 CAP04905     B        66.0638                       751.7 
   278 CAP05005     B          101.9                       751.7 
   279 CAP05105     B        80.1394                       764.6 
   280 CAP05205     B              0                      1879.2 
   281 CAP05305     B        121.932                         648 
   282 CAP05405     B        168.843                       816.5 
   283 CAP05505     B        15.5368                        1769 
   284 CAP05605     B        33.4567                      1108.1 
   285 CAP05705     B        30.7277                      1010.9 
   286 CAP05805     B        33.9176                      1108.1 
   287 CAP05905     B        32.0589                       758.2 
   288 CAP06005     B        691.573                        4356 
   289 CAP06105     B        185.474                        3696 
   290 CAP06205     NU          1386                        1386         -5550 
   291 CAP06305     B        977.385                      3732.7 
   292 CAP06405     B         23.876                      1900.8 
   293 CAP06505     B        1178.73                      2534.4 
   294 CAP00106     B              0                     22218.3 
   295 CAP00206     B        1459.31                        1975 
   296 CAP00306     B              0                      5924.9 
   297 CAP00406     B        991.453                      7406.1 
   298 CAP00506     B        1783.81                     27155.7 
   299 CAP00606     NU        6912.4                      6912.4      -81.7983 
   300 CAP00706     B        417.434                     10862.3 
   301 CAP00806     B              0                      1481.2 
   302 CAP00906     B        2536.98                       37800 
   303 CAP01006     B        1219.19                       25200 
   304 CAP01106     NU          5775                        5775      -81.7983 
   305 CAP01206     B              0                        2625 
   306 CAP01306     B        257.735                        1575 
   307 CAP01406     B        511.651                      1999.9 
   308 CAP01506     B        41.2841                       166.7 
   309 CAP01606     B        143.174                       166.7 
   310 CAP01706     NU         166.7                       166.7       -664.34 
   311 CAP01806     B        50.8454                       333.3 
   312 CAP01906     B        154.639                       685.4 
   313 CAP02006     B        52.5994                       907.2 
   314 CAP02106     B        159.714                       902.7 
   315 CAP02206     NU         403.2                       403.2      -47.0039 
   316 CAP02306     B        8.41629                       601.8 
   317 CAP02406     B        59.4045                       604.8 
   318 CAP02506     B        70.1505                         504 
   319 CAP02606     B        129.527                      1562.4 
   320 CAP02706     B        660.707                      2328.5 
   321 CAP02806     B        194.479                      1461.6 
   322 CAP02906     B        62.4003                       453.6 
   323 CAP03006     B        56.0037                         504 
   324 CAP03106     B        295.122                       665.3 
   325 CAP03206     B         114.78                      1280.2 
   326 CAP03306     B        23.4938                        1200 
   327 CAP03406     B        77.1911                        2190 
   328 CAP03506     B         47.761                         120 
   329 CAP03606     B              0                        1260 
   330 CAP03706     B         26.781                        2790 
   331 CAP03806     B        40.7516                        1206 
   332 CAP03906     B        17.0064                         312 
   333 CAP04006     B              0                         342 
   334 CAP04106     B        12.7524                         696 
   335 CAP04206     B         33.046                        1080 
   336 CAP04306     B        32.0598                        1134 
   337 CAP04406     B        17.3545                         378 
   338 CAP04506     B              0                        1044 
   339 CAP04606     B         16.784                        1392 
   340 CAP04706     B              0                        1392 
   341 CAP04806     B              0                         696 
   342 CAP04906     B              0                         696 
   343 CAP05006     B              0                         696 
   344 CAP05106     B        13.5452                         708 
   345 CAP05206     B              0                        1740 
   346 CAP05306     B        36.7296                         600 
   347 CAP05406     B        17.2965                         756 
   348 CAP05506     B        14.3863                        1638 
   349 CAP05606     B        33.5874                        1026 
   350 CAP05706     B        33.4327                         936 
   351 CAP05806     B        34.9313                        1026 
   352 CAP05906     B        33.9355                         702 
   353 CAP06006     B        243.142                        4158 
   354 CAP06106     B        245.467                        3528 
   355 CAP06206     B         159.61                        1323 
   356 CAP06306     B        30.6716                      3456.2 
   357 CAP06406     B              0                      1814.4 
   358 CAP06506     B        1093.09                      2419.2 
   359 MND00102     B              0            -0               
   360 MXD00102     B              0                       56200 
   361 MND00202     B              0            -0               
   362 MXD00202     B              0                      245714 
   363 MND00502     B              0            -0               
   364 MXD00502     B              0                  1.2016e+06 
   365 MND00702     B              0            -0               
   366 MXD00702     B              0                       78000 
   367 MND00802     B              0            -0               
   368 MXD00802     B              0                      180000 
   369 MND00902     B              0            -0               
   370 MXD00902     B              0                  1.3912e+06 
   371 MND01002     B              0            -0               
   372 MXD01002     B              0                      450000 
   373 MND00103     B              0            -0               
   374 MXD00103     B              0                       98200 
   375 MND00203     B              0            -0               
   376 MXD00203     B              0                      377143 
   377 MND00303     B              0            -0               
   378 MXD00303     B              0                      142824 
   379 MND00403     B              0            -0               
   380 MXD00403     B              0                       16000 
   381 MND00503     B              0            -0               
   382 MXD00503     B              0                  1.9848e+06 
   383 MND00603     B              0            -0               
   384 MXD00603     B              0                       34200 
   385 MND00703     B              0            -0               
   386 MXD00703     B              0                      155200 
   387 MND00803     B              0            -0               
   388 MXD00803     B              0                      258000 
   389 MND00903     B              0            -0               
   390 MXD00903     B              0                   2.415e+06 
   391 MND01003     B              0            -0               
   392 MXD01003     B              0                      706000 
   393 MND00104     B         232200         89091               
   394 MXD00104     NU        232200                      232200      -8.25648 
   395 MND00204     B        23.4537            -0               
   396 MXD00204     B        23.4537                      491428 
   397 MND00304     NL         13640         13640                     55.7727 
   398 MXD00304     B          13640                      288706 
   399 MND00404     B              0            -0               
   400 MXD00404     B              0                       20400 
   401 MND00504     B         433952        433908               
   402 MXD00504     B         433952                  2.6696e+06 
   403 MND00604     B              0            -0               
   404 MXD00604     B              0                       54200 
   405 MND00704     NL         99890         99890                     2.51384 
   406 MXD00704     B          99890                      214400 
   407 MND00804     B         150023        149985               
   408 MXD00804     B         150023                      336000 
   409 MND00904     NL         68537         68537                     2.59384 
   410 MXD00904     B          68537                  3.6358e+06 
   411 MND01004     NL        118071        118071                        0.08 
   412 MXD01004     B         118071                      966000 
   413 MND00105     B         232200        129087               
   414 MXD00105     B         232200                      366200 
   415 MND00205     NL        150791        150791                     87.7267 
   416 MXD00205     B         150791                      492571 
   417 MND00305     NL        200788        200788                     15.2056 
   418 MXD00305     B         200788                      486353 
   419 MND00405     B          25400         11699               
   420 MXD00405     NU         25400                       25400        -78.48 
   421 MND00505     B         884335        884246               
   422 MXD00505     B         884335                  3.2416e+06 
   423 MND00605     B          68200         24096               
   424 MXD00605     NU         68200                       68200         -1.51 
   425 MND00705     NL        125187        125187                     20.7841 
   426 MXD00705     B         125187                      273600 
   427 MND00805     NL        179982        179982                     25.4156 
   428 MXD00805     B         179982                      414000 
   429 MND00905     NL   1.84941e+06   1.84941e+06                     23.4491 
   430 MXD00905     B    1.84941e+06                  4.7986e+06 
   431 MND01005     NL        334408        334408                     25.4956 
   432 MXD01005     B         334408                   1.226e+06 
   433 MND00106     B         233565        169083               
   434 MXD00106     B         233565                      500200 
   435 MND00206     B         150938        150791               
   436 MXD00206     B         150938                      493714 
   437 MND00306     NL        233184        233184                     40.3737 
   438 MXD00306     B         233184                      702823 
   439 MND00406     B          25400         11699               
   440 MXD00406     B          25400                       30800 
   441 MND00506     B    1.30155e+06   1.30142e+06               
   442 MXD00506     B    1.30155e+06                  3.8176e+06 
   443 MND00606     B          80200         30096               
   444 MXD00606     NU         80200                       80200        -28.32 
   445 MND00706     NL        125187        125187                     1.26496 
   446 MXD00706     B         125187                      345200 
   447 MND00806     B         210384        209979               
   448 MXD00806     B         210384                      492000 
   449 MND00906     B    1.91297e+06   1.84941e+06               
   450 MXD00906     B    1.91297e+06                  6.1414e+06 
   451 MND01006     NL        644932        644932                        1.45 
   452 MXD01006     B         644932                   1.486e+06 
   453 INV00101     B              0             0             = 
   454 INV00201     B              0             0             = 
   455 INV00301     NS             0             0             =       1197.07 
   456 INV00401     NS             0             0             =       123.373 
   457 INV00501     B              0             0             = 
   458 INV00601     B              0             0             = 
   459 INV00102     NS             0             0             =       7.72139 
   460 INV00202     NS             0             0             =       14.1901 
   461 INV00302     NS             0             0             =       1297.15 
   462 INV00402     NS             0             0             =       223.453 
   463 INV00502     NS             0             0             =       94.1699 
   464 INV00602     NS             0             0             =       16.8358 
   465 INV00103     NS             0             0             =         < eps
   466 INV00203     NS             0             0             =         < eps
   467 INV00303     NS             0             0             =         < eps
   468 INV00403     NS             0             0             =         < eps
   469 INV00503     NS             0             0             =         < eps
   470 INV00603     NS             0             0             =         < eps
   471 INV00104     NS             0             0             =         < eps
   472 INV00204     NS             0             0             =         < eps
   473 INV00304     NS             0             0             =       31.1798 
   474 INV00404     NS             0             0             =       33.3603 
   475 INV00504     NS             0             0             =         < eps
   476 INV00604     NS             0             0             =         < eps
   477 INV00105     NS             0             0             =         < eps
   478 INV00205     NS             0             0             =         < eps
   479 INV00305     NS             0             0             =       19.0421 
   480 INV00405     NS             0             0             =       20.3738 
   481 INV00505     NS             0             0             =         < eps
   482 INV00605     NS             0             0             =         < eps
   483 INV00106     NS             0             0             =         < eps
   484 INV00206     NS             0             0             =         < eps
   485 INV00306     NS             0             0             =        0.1633 
   486 INV00406     NS             0             0             =        0.1633 
   487 INV00506     NS             0             0             =         < eps
   488 INV00606     NS             0             0             =       46.1691 

   No. Column name  St   Activity     Lower bound   Upper bound    Marginal
------ ------------ -- ------------- ------------- ------------- -------------
     1 Y00102       NL             0             0                     2339.01 
     2 Y00103       NL             0             0                     1344.33 
     3 Y00104       NL             0             0                     6.91705 
     4 Y00105       NL             0             0                     25.6505 
     5 Y00106       B        1365.22             0               
     6 Y00202       NL             0             0                     2315.07 
     7 Y00203       NL             0             0                     1629.98 
     8 Y00204       B         232200             0               
     9 Y00205       NL             0             0                     24.5667 
    10 Y00206       NL             0             0                     0.21237 
    11 Y00302       NL             0             0                     2982.86 
    12 Y00303       NL             0             0                     693.897 
    13 Y00304       B        18.4129             0               
    14 Y00305       B         145427             0               
    15 Y00306       B         146.87             0               
    16 Y00402       NL             0             0                     3013.41 
    17 Y00403       NL             0             0                     551.709 
    18 Y00404       B        5.04084             0               
    19 Y00405       B        5340.93             0               
    20 Y00406       NL             0             0                     37.0889 
    21 Y00503       NL             0             0                     1655.03 
    22 Y00504       B              0             0               
    23 Y00505       B         175057             0               
    24 Y00506       B        28275.9             0               
    25 Y00603       NL             0             0                     1609.61 
    26 Y00604       B          13640             0               
    27 Y00605       B        12090.6             0               
    28 Y00606       B        4120.12             0               
    29 Y00703       NL             0             0                     12.3103 
    30 Y00704       B              0             0               
    31 Y00705       B          25400             0               
    32 Y00706       B              0             0               
    33 Y00802       NL             0             0                    0.881998 
    34 Y00803       B              0             0               
    35 Y00804       B         236429             0               
    36 Y00805       B         245377             0               
    37 Y00806       B         227307             0               
    38 Y00902       NL             0             0                    0.881998 
    39 Y00903       NL             0             0                       < eps
    40 Y00904       B         197523             0               
    41 Y00905       B         205006             0               
    42 Y00906       B         189905             0               
    43 Y01003       NL             0             0                     14.2207 
    44 Y01004       B              0             0               
    45 Y01005       NL             0             0                       < eps
    46 Y01006       NL             0             0                       < eps
    47 Y01103       NL             0             0                     14.2207 
    48 Y01104       NL             0             0                       < eps
    49 Y01105       B          68200             0               
    50 Y01106       B          12000             0               
    51 Y01202       NL             0             0                     198.978 
    52 Y01203       NL             0             0                     29.6629 
    53 Y01204       NL             0             0                        0.02 
    54 Y01205       NL             0             0                        0.02 
    55 Y01206       NL             0             0                        0.02 
    56 Y01302       NL             0             0                     198.958 
    57 Y01303       NL             0             0                     29.6429 
    58 Y01304       B          99890             0               
    59 Y01305       B          25297             0               
    60 Y01306       B              0             0               
    61 Y01402       NL             0             0                     35.1752 
    62 Y01403       NL             0             0                     12.9542 
    63 Y01404       B         150023             0               
    64 Y01405       NL             0             0                       < eps
    65 Y01406       NL             0             0                       < eps
    66 Y01502       NL             0             0                     35.1752 
    67 Y01503       NL             0             0                     12.9542 
    68 Y01504       NL             0             0                       < eps
    69 Y01505       B        29959.3             0               
    70 Y01506       B        30401.9             0               
    71 Y01602       NL             0             0                     199.108 
    72 Y01603       NL             0             0                     29.7129 
    73 Y01604       B          68537             0               
    74 Y01605       B         825667             0               
    75 Y01606       NL             0             0                     2.59496 
    76 Y01702       NL             0             0                     199.128 
    77 Y01703       NL             0             0                     29.7329 
    78 Y01704       NL             0             0                        0.01 
    79 Y01705       NL             0             0                        0.01 
    80 Y01706       NL             0             0                     2.61496 
    81 Y01802       NL             0             0                     213.612 
    82 Y01803       B              0             0               
    83 Y01804       NL             0             0                     4.49492 
    84 Y01805       B         955206             0               
    85 Y01806       B        63556.8             0               
    86 Y01902       NL             0             0                     35.3552 
    87 Y01903       NL             0             0                     13.0342 
    88 Y01904       B         118071             0               
    89 Y01905       B         216337             0               
    90 Y01906       B         310524             0               
    91 Y02002       NL             0             0                     49.5298 
    92 Y02003       B              0             0               
    93 Y02004       NL             0             0                        0.02 
    94 Y02005       NL             0             0                     1.42903 
    95 Y02006       NL             0             0                    0.511719 
    96 I00101       NL             0             0                     92.3586 
    97 I00102       NL             0             0                     107.801 
    98 I00103       NL             0             0                      100.08 
    99 I00104       NL             0             0                      100.08 
   100 I00105       NL             0             0                      100.08 
   101 I00106       NL             0             0                      100.08 
   102 I00201       NL             0             0                     85.8899 
   103 I00202       NL             0             0                      114.27 
   104 I00203       NL             0             0                      100.08 
   105 I00204       NL             0             0                      100.08 
   106 I00205       NL             0             0                      100.08 
   107 I00206       NL             0             0                      100.08 
   108 I00301       B              0             0               
   109 I00302       NL             0             0                     1397.23 
   110 I00303       NL             0             0                     68.9002 
   111 I00304       NL             0             0                     112.218 
   112 I00305       NL             0             0                     118.959 
   113 I00306       NL             0             0                     100.243 
   114 I00401       B              0             0               
   115 I00402       NL             0             0                     323.533 
   116 I00403       NL             0             0                     66.7197 
   117 I00404       NL             0             0                     113.066 
   118 I00405       NL             0             0                      120.29 
   119 I00406       NL             0             0                     100.243 
   120 I00501       NL             0             0                     5.91005 
   121 I00502       NL             0             0                      194.25 
   122 I00503       NL             0             0                      100.08 
   123 I00504       NL             0             0                      100.08 
   124 I00505       NL             0             0                      100.08 
   125 I00506       NL             0             0                      100.08 
   126 I00601       NL             0             0                     83.2442 
   127 I00602       NL             0             0                     116.916 
   128 I00603       NL             0             0                      100.08 
   129 I00604       NL             0             0                      100.08 
   130 I00605       NL             0             0                     53.9109 
   131 I00606       NL             0             0                     146.249 
   132 X00103       B        774.775             0               
   133 X00203       B        98.1171             0               
   134 X00303       NL             0             0                     255.759 
   135 X00503       NL             0             0                     255.759 
   136 X00403       B        2171.43             0               
   137 X00603       B        313.863             0               
   138 X00703       B        292.412             0               
   139 X00803       B        233.573             0               
   140 X00104       B        1830.82             0               
   141 X00204       B        1235.84             0               
   142 X00304       NL             0             0                     93.7576 
   143 X00504       B        3399.38             0               
   144 X00704       B        726.554             0               
   145 X00105       B        1900.98             0               
   146 X00205       B         251.72             0               
   147 X00305       NL             0             0                     57.2596 
   148 X00505       B        2679.09             0               
   149 X00404       B        3154.83             0               
   150 X00604       B        2408.14             0               
   151 X00705       B        826.498             0               
   152 X00804       B        1343.03             0               
   153 X00106       B        1760.63             0               
   154 X00206       B        233.074             0               
   155 X00306       B         992.18             0               
   156 X00506       B         1706.8             0               
   157 X00405       B         2220.8             0               
   158 X00605       B          11457             0               
   159 X00706       B        966.823             0               
   160 X00805       B              0             0               
   161 X00406       NL             0             0                       < eps
   162 X00606       NL             0             0                       < eps
   163 X00806       NL             0             0                       < eps

Karush-Kuhn-Tucker optimality conditions:

KKT.PE: max.abs.err = 2.33e-10 on row 480
        max.rel.err = 1.76e-16 on row 469
        High quality

KKT.PB: max.abs.err = 0.00e+00 on row 0
        max.rel.err = 0.00e+00 on row 0
        High quality

KKT.DE: max.abs.err = 1.36e-12 on column 158
        max.rel.err = 1.07e-12 on column 154
        High quality

KKT.DB: max.abs.err = 1.36e-14 on column 46
        max.rel.err = 1.36e-14 on column 46
        High quality

End of output
