
Value of objective function: -109586

Actual values of the variables:
P2001                     1073.79
P2002                     1073.79
P2003                     1073.79
P2004                     140.061
P2005                     456.005
P2006                     663.678
P2007                     1073.79
P2008                     1073.79
P2009                     1073.79
P2010                     1073.79
P2011                     1073.79
P2012                     583.071
P3001                     572.687
P3002                     327.905
P3003                           0
P3004                           0
P3005                           0
P3006                           0
P3007                     126.346
P3008                     126.346
P3009                     427.823
P3010                     572.687
P3011                     572.687
P3012                           0
P3401                         107
P3402                          66
P3403                        56.6
P3404                        56.6
P3405                        53.8
P3406                         136
P3407                     286.344
P3408                     286.344
P3409                     286.344
P3410                     286.344
P3411                         249
P3412                         104
P3701                         107
P3702                          85
P3703                          85
P3704                          85
P3705                          38
P3706                         136
P3707                     286.344
P3708                     286.344
P3709                     286.344
P3710                     286.344
P3711                         189
P3712                         164
P4101                        1143
P4102                     316.872
P4103                     802.103
P4104                     1222.47
P4105                     1222.47
P4106                     2255.07
P4107                     2352.94
P4108                     2352.94
P4109                     2352.94
P4110                     2352.94
P4111                     2352.94
P4112                     2255.07
P4201                     261.318
P4202                     316.872
P4203                     802.103
P4204                     1222.47
P4205                     1222.47
P4206                     1222.47
P4207                           0
P4208                           0
P4209                           0
P4210                     1222.47
P4211                      233.04
P4212                     1222.47
P4301                     688.073
P4302                     688.073
P4303                     688.073
P4304                     688.073
P4305                     688.073
P4306                     688.073
P4307                     688.073
P4308                     688.073
P4309                     688.073
P4310                     688.073
P4311                     688.073
P4312                     688.073
A02                       2477.73
A03                       2477.73
A04                        743.82
A05                        743.82
A06                       991.076
A07                       682.192
A12                       15298.8
A13                       9786.52
A15                       10834.3
A16                       9001.16
A17                         10000
A19                       12729.8
A24                       13579.1
A26                       10149.1
A28                        4155.2
A29                       6231.36
A32                       4267.71
A33                       1793.62
A35                       4267.71
A36                       2643.16
A38                       4267.71
A40                         10000
A44                       5821.07
A45                       10110.3
A49                       11985.9
X0101                       13587
X0201                           0
D0201                   0.0015006
X0102                       10313
X0202                           0
D0202                   0.0030012
X0103                       12251
X0203                           0
D0203                   0.0045018
X0104                       18072
X0204                           0
D0204                   0.0015006
X0105                       43677
X0205                           0
D0205                   0.0030012
X0106                      106795
X0206                       24653
D0206                           0
X0107                      184432
X0207                     84433.5
D0207                           0
X0108                      243506
X0208                      143507
D0208                           0
X0109                      200179
X0209                      110402
D0209                           0
X0110                       57037
X0210                           0
D0210                   0.0015006
X0111                       26940
X0211                           0
D0211                   0.0030012
X0112                       17470
X0212                           0
D0212                           0
X0301                     8044.82
Y0201                     8044.82
D0301                   0.0015006
X0302                     6671.79
Y0202                      6671.8
D0302                   0.0030012
X0303                     7243.92
Y0203                     7243.92
D0303                   0.0045018
X0304                     7569.04
Y0204                     7569.04
D0304                   0.0015006
X0305                     10299.7
Y0205                     10299.8
D0305                   0.0030012
X0306                       24653
Y0206                           0
D0306                           0
X0307                     84433.5
Y0207                           0
D0307                           0
X0308                      143507
Y0208                           0
D0308                           0
X0309                      110402
Y0209                           0
D0309                           0
X0310                     33038.6
Y0210                     33038.6
D0310                   0.0015006
X0311                     13164.4
Y0211                     13164.4
D0311                   0.0030012
X0312                     9366.28
Y0212                     9366.28
D0312                           0
X0401                     8036.12
X1901                         8.7
D0401                 0.000768307
D1901                 0.000768307
X0402                     6663.07
X1902                         8.7
D0402                   0.0115366
D1902                   0.0115366
X0403                     7243.89
X1903                           0
D0403                   0.0123049
D1903                   0.0123049
X0404                     7569.02
X1904                           0
D0404                   0.0107683
D1904                   0.0107683
X0405                     10299.7
X1905                           0
D0405                   0.0115366
D1905                   0.0115366
X0406                       24653
X1906                           0
D0406                           0
D1906                           0
X0407                     84331.8
X1907                       101.7
D0407                           0
D1907                           0
X0408                      143264
X1908                       242.7
D0408                           0
D1908                           0
X0409                      110091
X1909                       310.7
D0409                           0
D1909                           0
X0410                     32875.9
X1910                       162.7
D0410                 0.000768307
D1910                 0.000768307
X0411                     13081.7
X1911                        82.7
D0411                  0.00153661
D1911                  0.00153661
X0412                     9345.58
X1912                        20.7
D0412                           0
D1912                           0
X0501                      7246.3
X1501                       789.8
D0501                 0.000768307
D1501                   0.0161871
X0502                     6058.24
X1502                       604.8
D0502                   0.0115366
D1502                   0.0161871
X0503                     6577.07
X1503                       666.8
D0503                   0.0123049
D1503                   0.0161871
X0504                     6804.19
X1504                       764.8
D0504                   0.0107683
D1504                   0.0223741
X0505                     8670.88
X1505                      1628.8
D0505                   0.0115366
D1505                   0.0323741
X0506                     19866.2
X1506                      4786.8
D0506                           0
D1506                           0
X0507                       73674
X1507                     10657.8
D0507                           0
D1507                           0
X0508                      130880
X1508                     12384.8
D0508                           0
D1508                           0
X0509                      100975
X1509                      9115.8
D0509                           0
D1509                           0
X0510                     28706.1
X1510                      4169.8
D0510                 0.000768307
D1510                           0
X0511                     11230.9
X1511                      1850.8
D0511                  0.00153661
D1511                        0.01
X0512                     8172.77
X1512                      1172.8
D0512                           0
D1512                  0.00618705
X0601                      7237.6
X4901                         8.7
D0601                 0.000197842
D4901                -4.49514e-13
X0602                     6049.54
X4902                         8.7
D0602                  0.00519784
D4902                -5.99721e-13
X0603                     6577.07
X4903                           0
D0603                 0.000197842
D4903                           0
X0604                     6804.18
X4904                           0
D0604                  0.00539568
D4904                -8.07965e-13
X0605                     8670.88
X4905                           0
D0605                 0.000395683
D4905                -7.55669e-13
X0606                     19186.2
X4906                           0
D0606                           0
D4906                           0
X0607                     70851.3
X4907                       101.7
D0607                           0
D4907                           0
X0608                      125875
X4908                       242.7
D0608                           0
D4908                           0
X0609                     95902.7
X4909                       310.7
D0609                           0
D4909                           0
X0610                     27863.4
X4910                       162.7
D0610                       0.005
D4910                -1.18608e-13
X0611                     11148.2
X4911                        82.7
D0611                           0
D4911                -2.30678e-13
X0612                     8152.07
X4912                        20.7
D0612                  0.00519784
D4912                -2.73206e-13
X0701                     6118.09
X1601                      1119.5
D0701                   0.0120863
D1601                  0.00539568
X0702                     5325.01
X1602                       724.5
D0702                   0.0220863
D1602                  0.00539568
X0703                     5877.54
X1603                       699.5
D0703                   0.0220863
D1603                  0.00539568
X0704                     6165.65
X1604                       638.5
D0704                   0.0241727
D1604                   0.0107914
X0705                     7452.33
X1605                      1218.5
D0705                   0.0341727
D1605                   0.0107914
X0706                     14748.7
X1606                      4437.5
D0706                           0
D1606                           0
X0707                     54843.8
X1607                     16007.5
D0707                           0
D1607                           0
X0708                      107363
X1608                     18511.5
D0708                           0
D1608                           0
X0709                     83990.2
X1609                     11912.5
D0709                           0
D1609                           0
X0710                     22130.9
X1610                      5732.5
D0710                           0
D1610                           0
X0711                     8622.71
X1611                      2525.5
D0711                        0.01
D1611                           0
X0712                     6440.55
X1612                      1711.5
D0712                   0.0120863
D1612                  0.00539568
X0801                     4950.25
X1701                      984.59
D1701                      183.25
X0802                     4178.31
X1702                      917.59
D1702                     229.105
X0803                     4721.99
X1703                      880.59
D1703                      274.96
X0804                     5844.99
X1704                           0
D1704                     320.656
X0805                     6876.02
X1705                     209.805
D1705                      366.51
X0806                       13066
X1706                     909.678
D1706                           0
X0807                       48543
X1707                     3207.79
D1707                           0
X0808                     95183.6
X1708                     6765.79
D1708                           0
X0809                     71801.5
X1709                     6774.66
D1709                           0
X0810                     19029.4
X1710                     2282.59
D1710                     45.8548
X0811                     7397.41
X1711                     1133.59
D1711                     91.7096
X0812                     5705.29
X1712                     597.871
D1712                     137.395
X0901                     3729.82
X2101                     1220.43
X0902                      2995.9
X2102                     1182.42
X0903                     3575.56
X2103                     1146.43
X0904                     4514.56
X2104                     1330.43
X0905                     5113.58
X2105                     1762.44
X0906                     6813.57
X2106                      4438.4
X0907                     25422.6
X2107                     15862.4
X0908                     57074.2
X2108                     25408.4
X0909                     42844.1
X2109                     16256.4
X0910                       11605
X2110                      5610.4
X0911                     4856.99
X2111                     2540.42
X0912                     4090.87
X2112                     1614.41
X1001                     3696.12
X2801                        33.7
D2801                  0.00379496
X1002                     2975.19
X2802                        20.7
D2802                  0.00879496
X1003                     3566.85
X2803                         8.7
D2803                  0.00379496
X1004                     4514.55
X2804                           0
D2804                   0.0125899
X1005                     5113.57
X2805                           0
D2805                  0.00758993
X1006                     6334.87
X2806                        57.7
D2806                           0
X1007                     23013.9
X2807                       723.7
D2807                           0
X1008                     52155.5
X2808                      1969.7
D2808                           0
X1009                     37986.4
X2809                      1908.7
D2809                           0
X1010                     10691.3
X2810                       501.7
D2810                       0.005
X1011                     4762.29
X2811                        94.7
D2811                           0
X1012                     4020.16
X2812                        70.7
D2812                  0.00879496
X1101                     767.807
X3201                      2928.3
D3201                  0.00773938
X1102                     510.022
X3202                     2465.17
D3202                           0
X1103                     175.826
X3203                     3391.03
D3203                  0.00226062
X1104                     249.822
X3204                     4264.73
D3204                  0.00321814
X1105                      397.83
X3205                     4715.74
D3205                  0.00547876
X1106                      1958.8
X3206                     4376.07
D3206                           0
X1107                     9115.95
X3207                     13897.9
D3207                           0
X1108                     13151.4
X3208                     39004.1
D3208                           0
X1109                     12267.4
X3209                       25719
D3209                           0
X1110                     2932.79
X3210                     7758.52
D3210                  0.00226062
X1111                      1223.8
X3211                     3538.48
D3211                  0.00452124
X1112                     335.812
X3212                     3684.35
D3212                  0.00547876
X1201                     342.408
X2901                     425.387
D1201                  0.00669065
D2901                  0.00553421
X1202                       329.4
X2902                     180.605
D1202                   0.0166906
D2902                  0.00106843
X1203                     175.802
X2903                           0
D1203                   0.0166906
D2903                  0.00660264
X1204                     249.803
X2904                           0
D1204                   0.0133813
D2904                  0.00553421
X1205                     397.805
X2905                           0
D1205                   0.0233813
D2905                  0.00106843
X1206                      1322.8
X2906                           0
D1206                           0
D2906                           0
X1207                      5269.8
X2907                     1300.15
D1207                           0
D2907                           0
X1208                      8575.8
X2908                     120.646
D1208                           0
D2908                           0
X1209                      5417.8
X2909                     2394.63
D1209                           0
D2909                           0
X1210                      1871.4
X2910                     425.387
D1210                           0
D2910                  0.00553421
X1211                     656.805
X2911                     566.987
D1211                        0.01
D2911                  0.00106843
X1212                     335.805
X2912                           0
D1212                  0.00669065
D2912                           0
X1301                       356.5
Y2901                       141.6
Z1201                       155.7
D1301                  0.00773938
X1302                       343.5
Y2902                       141.6
Z1202                       155.7
D1302                           0
X1303                       331.5
Y2903                           0
Z1203                       155.7
D1303                  0.00226062
X1304                       405.5
Y2904                           0
Z1204                       155.7
D1304                  0.00321814
X1305                       553.5
Y2905                           0
Z1205                       155.7
D1305                  0.00547876
X1306                      1478.5
Y2906                           0
Z1206                       155.7
D1306                           0
X1307                      5425.5
Y2907                           0
Z1207                       155.7
D1307                           0
X1308                      8731.5
Y2908                           0
Z1208                       155.7
D1308                           0
X1309                      5573.5
Y2909                           0
Z1209                       155.7
D1309                           0
X1310                      1885.5
Y2910                       141.6
Z1210                       155.7
D1310                  0.00226062
X1311                       812.5
Y2911                           0
Z1211                       155.7
D1311                  0.00452124
X1312                       491.5
Y2912                           0
Z1212                       155.7
D1312                  0.00547876
X1401                         654
Z1301                       297.5
X1402                         641
Z1302                       297.5
X1403                         629
Z1303                       297.5
X1404                         703
Z1304                       297.5
X1405                         851
Z1305                       297.5
X1406                        1776
Z1306                       297.5
X1407                        5723
Z1307                       297.5
X1408                        9029
Z1308                       297.5
X1409                        5871
Z1309                       297.5
X1410                        2183
Z1310                       297.5
X1411                        1110
Z1311                       297.5
X1412                         789
Z1312                       297.5
Z1501                       283.2
Z1502                       283.2
Z1503                       283.2
Z1504                       283.2
Z1505                       283.2
Z1506                       283.2
Z1507                       283.2
Z1508                       283.2
Z1509                       283.2
Z1510                       283.2
Z1511                       283.2
Z1512                       283.2
Z1601                       311.5
Z1602                       311.5
Z1603                       311.5
Z1604                       311.5
Z1605                       311.5
Z1606                       311.5
Z1607                       311.5
Z1608                       311.5
Z1609                       311.5
Z1610                       311.5
Z1611                       311.5
Z1612                       311.5
X1801                     1267.79
Z1701                       283.2
X1802                     1200.79
Z1702                       283.2
X1803                     1163.79
Z1703                       283.2
X1804                     207.061
Z1704                     207.061
X1805                     493.005
Z1705                       283.2
X1806                     909.678
Z1706                           0
X1807                     3207.79
Z1707                           0
X1808                     6765.79
Z1708                           0
X1809                     6774.66
Z1709                           0
X1810                     2565.79
Z1710                       283.2
X1811                     1416.79
Z1711                       283.2
X1812                     881.071
Z1712                       283.2
X2001                     1073.79
X2002                     1073.79
X2003                     1073.79
X2004                     140.061
X2005                     456.005
X2006                     663.678
X2007                     1073.79
X2008                     1073.79
X2009                     1254.66
X2010                     1073.79
X2011                     1073.79
X2012                     583.071
Z1901                        28.3
Z1902                        28.3
Z1903                          25
Z1904                          19
Z1905                          19
Z1906                          19
Z1907                        28.3
Z1908                        28.3
Z1909                        28.3
Z1910                        28.3
Z1911                        28.3
Z1912                        28.3
Y2001                           0
V2001                     3036.32
V2012                     3983.11
Y2002                           0
V2002                     2045.53
Y2003                           0
V2003                     1030.74
Y2004                           0
V2004                     934.682
Y2005                           0
V2005                     502.678
Y2006                           0
V2006                           0
Y2007                           0
V2007                      320.21
Y2008                           0
V2008                     2966.42
Y2009                     180.866
V2009                     5319.76
Y2010                           0
V2010                     5220.97
Y2011                           0
V2011                     4371.18
Y2012                           0
X2201                         950
X2401                     270.418
D2401                  0.00719942
X2202                         931
X2402                     251.418
D2402                           0
X2203                         913
X2403                     233.428
D2403                  0.00280058
X2204                        1005
X2404                     325.426
D2404                  0.00159827
X2205                        1221
X2405                     541.436
D2405                  0.00439885
X2206                        2559
X2406                      1879.4
D2406                           0
X2207                        8271
X2407                      7591.4
D2407                           0
X2208                       13044
X2408                     12364.4
D2408                           0
X2209                        8468
X2409                      7788.4
D2409                           0
X2210                        3145
X2410                      2465.4
D2410                  0.00280058
X2211                        1610
X2411                      930.41
D2411                  0.00560115
X2212                        1147
X2412                     467.408
D2412                  0.00439885
X2301                         950
Y2201                           0
X2302                         931
Y2202                           0
X2303                         913
Y2203                           0
X2304                        1005
Y2204                           0
X2305                        1221
Y2205                           0
X2306                        2559
Y2206                           0
X2307                        8271
Y2207                           0
X2308                       13044
Y2208                           0
X2309                        8468
Y2209                           0
X2310                        3145
Y2210                           0
X2311                        1610
Y2211                           0
X2312                        1147
Y2212                           0
X2501                     553.618
Z2401                       283.2
X2502                     534.618
Z2402                       283.2
X2503                     516.628
Z2403                       283.2
X2504                     608.626
Z2404                       283.2
X2505                     824.636
Z2405                       283.2
X2506                      2162.6
Z2406                       283.2
X2507                      7874.6
Z2407                       283.2
X2508                     12647.6
Z2408                       283.2
X2509                      8071.6
Z2409                       283.2
X2510                      2748.6
Z2410                       283.2
X2511                     1213.61
Z2411                       283.2
X2512                     750.608
Z2412                       283.2
X2601                       553.6
D2601                   0.0179856
X2602                       534.6
D2602                   0.0179856
X2603                       516.6
D2603                   0.0279856
X2604                       608.6
D2604                   0.0259712
X2605                       824.6
D2605                   0.0359712
X2606                      2162.6
D2606                           0
X2607                      7874.6
D2607                           0
X2608                     12647.6
D2608                           0
X2609                      8071.6
D2609                           0
X2610                      2748.6
D2610                           0
X2611                      1213.6
D2611                        0.01
X2612                       750.6
D2612                  0.00798561
X2701                         950
Z2601                       396.4
X2702                         931
Z2602                       396.4
X2703                         913
Z2603                       396.4
X2704                        1005
Z2604                       396.4
X2705                        1221
Z2605                       396.4
X2706                        2559
Z2606                       396.4
X2707                        8271
Z2607                       396.4
X2708                       13044
Z2608                       396.4
X2709                        8468
Z2609                       396.4
X2710                        3145
Z2610                       396.4
X2711                        1610
Z2611                       396.4
X2712                        1147
Z2612                       396.4
Z2801                        28.3
Z2802                        28.3
Z2803                        28.3
Z2804                          25
Z2805                          12
Z2806                        28.3
Z2807                        28.3
Z2808                        28.3
Z2809                        28.3
Z2810                        28.3
Z2811                        28.3
Z2812                        28.3
X3001                     572.687
Z2901                         5.7
X3002                     327.905
Z2902                         5.7
X3003                         5.7
Z2903                         5.7
X3004                         5.7
Z2904                         5.7
X3005                         5.7
Z2905                         5.7
X3006                         5.7
Z2906                         5.7
X3007                     1305.85
Z2907                         5.7
X3008                     126.346
Z2908                         5.7
X3009                     2400.33
Z2909                         5.7
X3010                     572.687
Z2910                         5.7
X3011                     572.687
Z2911                         5.7
X3012                         5.7
Z2912                         5.7
Y3001                           0
V3001                     204.905
V3012                     641.592
Y3002                           0
V3002                           0
Y3003                         5.7
V3003                       117.3
Y3004                         5.7
V3004                       247.6
Y3005                         5.7
V3005                       414.9
Y3006                         5.7
V3006                       754.2
Y3007                     1179.51
V3007                     570.346
Y3008                           0
V3008                        2220
Y3009                     1972.51
V3009                     978.666
Y3010                           0
V3010                     837.979
Y3011                           0
V3011                     487.292
Y3012                         5.7
X3101                         107
X3102                          66
X3103                          49
X3104                          37
X3105                          21
X3106                         136
X3107                        1184
X3108                        3158
X3109                        3063
X3110                         831
X3111                         189
X3112                         164
X3301                        50.4
X3501                     2877.89
D3301                  0.00789568
D3501                  0.00773938
X3302                         9.4
X3502                     2455.76
D3302                  0.00289568
D3502                           0
X3303                           0
X3503                     3391.02
D3303                  0.00789568
D3503                  0.00226062
X3304                           0
X3504                     4264.71
D3304                   0.0107914
D3504                  0.00321814
X3305                           0
X3505                     4715.73
D3305                  0.00579137
D3505                  0.00547876
X3306                        79.4
X3506                     4296.67
D3306                           0
D3506                           0
X3307                      1067.4
X3507                     12830.5
D3307                           0
D3507                           0
X3308                      3161.4
X3508                     35842.7
D3308                           0
D3508                           0
X3309                      3006.4
X3509                     22712.6
D3309                           0
D3509                           0
X3310                       714.4
X3510                     7044.11
D3310                       0.005
D3510                  0.00226062
X3311                       192.4
X3511                     3346.08
D3311                           0
D3511                  0.00452124
X3312                        47.4
X3512                     3636.94
D3312                  0.00289568
D3512                  0.00547876
X3401                         107
Z3301                        56.6
X3402                          66
Z3302                        56.6
X3403                        56.6
Z3303                        56.6
X3404                        56.6
Z3304                        56.6
X3405                        53.8
Z3305                        53.8
X3406                         136
Z3306                        56.6
X3407                        1124
Z3307                        56.6
X3408                        3218
Z3308                        56.6
X3409                        3063
Z3309                        56.6
X3410                         771
Z3310                        56.6
X3411                         249
Z3311                        56.6
X3412                         104
Z3312                        56.6
Y3401                           0
V3401                          60
V3412                          60
Y3402                           0
V3402                          60
Y3403                           0
V3403                        52.4
Y3404                           0
V3404                        32.8
Y3405                           0
V3405                           0
Y3406                           0
V3406                           0
Y3407                     837.656
V3407                          60
Y3408                     2931.66
V3408                           0
Y3409                     2776.66
V3409                           0
Y3410                     484.656
V3410                          60
Y3411                           0
V3411                           0
Y3412                           0
X3601                          22
X3801                     2855.88
D3601                 0.000768307
D3801                  0.00773938
X3602                           0
X3802                     2455.75
D3602                   0.0115366
D3802                           0
X3603                           0
X3803                        3391
D3603                   0.0123049
D3803                  0.00226062
X3604                           0
X3804                      4264.7
D3604                   0.0107683
D3804                  0.00321814
X3605                           0
X3805                     4715.71
D3605                   0.0115366
D3805                  0.00547876
X3606                          51
X3806                     4057.67
D3606                           0
D3806                           0
X3607                         979
X3807                     11097.5
D3607                           0
D3807                           0
X3608                        3193
X3808                     31330.7
D3608                           0
D3808                           0
X3609                        2978
X3809                     18415.6
D3609                           0
D3809                           0
X3610                         626
X3810                     6230.11
D3610                 0.000768307
D3810                  0.00226062
X3611                         104
X3811                     3242.07
D3611                  0.00153661
D3811                  0.00452124
X3612                          79
X3812                     3557.93
D3612                           0
D3812                  0.00547876
X3701                         107
Z3601                          85
X3702                          85
Z3602                          85
X3703                          85
Z3603                          85
X3704                          85
Z3604                          85
X3705                          38
Z3605                          38
X3706                         136
Z3606                          85
X3707                        1064
Z3607                          85
X3708                        3278
Z3608                          85
X3709                        3063
Z3609                          85
X3710                         711
Z3610                          85
X3711                         189
Z3611                          85
X3712                         164
Z3612                          85
Y3701                           0
V3701                         120
V3712                         120
Y3702                           0
V3702                         101
Y3703                           0
V3703                          65
Y3704                           0
V3704                          17
Y3705                           0
V3705                           0
Y3706                           0
V3706                           0
Y3707                     777.656
V3707                         120
Y3708                     2991.66
V3708                           0
Y3709                     2776.66
V3709                           0
Y3710                     424.656
V3710                         120
Y3711                           0
V3711                         120
Y3712                           0
X3901                     2748.88
X3902                     2389.75
X3903                        3342
X3904                      4227.7
X3905                     4694.71
X3906                     3733.67
X3907                     9159.54
X3908                     26853.7
X3909                     14033.6
X3910                     5211.11
X3911                     3053.07
X3912                     3393.93
X4001                     882.499
X4401                           0
D4001                     1866.37
D4401                  0.00773938
X4002                      56.372
X4402                           0
D4002                     2333.38
D4402                           0
X4003                     541.603
X4403                           0
D4003                      2800.4
D4403                  0.00226062
X4004                      961.97
X4404                           0
D4004                     3265.73
D4404                  0.00321814
X4005                      961.97
X4405                           0
D4005                     3732.73
D4405                  0.00547876
X4006                     2255.07
X4406                      1290.6
D4006                           0
D4406                           0
X4007                     2352.94
X4407                      6052.6
D4007                           0
D4407                           0
X4008                     15040.1
X4408                     10494.6
D4008                           0
D4408                           0
X4009                        3774
X4409                      8940.6
D4009                           0
D4409                           0
X4010                      3069.5
X4410                      1486.6
D4010                     467.007
D4410                  0.00226062
X4011                     2092.44
X4411                     26.6045
D4011                     934.025
D4411                  0.00452124
X4012                     1994.57
X4412                           0
D4012                     1399.35
D4412                  0.00547876
X4101                        1143
Z4001                       260.5
X4102                     316.872
Z4002                       260.5
X4103                     802.103
Z4003                       260.5
X4104                     1222.47
Z4004                       260.5
X4105                     1222.47
Z4005                       260.5
X4106                     2255.07
Z4006                           0
X4107                     2352.94
Z4007                           0
X4108                     15040.1
Z4008                           0
X4109                        3774
Z4009                           0
X4110                        3330
Z4010                       260.5
X4111                     2352.94
Z4011                       260.5
X4112                     2255.07
Z4012                       260.5
Y4101                           0
X4201                        1143
Y4102                           0
X4202                     316.872
Y4103                           0
X4203                     802.103
Y4104                           0
X4204                     1222.47
Y4105                           0
X4205                     1222.47
Y4106                           0
X4206                     2255.07
Y4107                           0
X4207                     2352.94
Y4108                     12687.1
X4208                     15040.1
Y4109                     1421.06
X4209                        3774
Y4110                      977.06
X4210                        3330
Y4111                           0
X4211                     2352.94
Y4112                           0
X4212                     2255.07
Y4201                     881.681
X4301                        1143
V4201                           0
V4212                           0
Y4202                           0
X4302                     688.073
V4202                     371.201
Y4203                           0
X4303                     688.073
V4203                     257.171
Y4204                           0
X4304                      2532.3
V4204                        1567
Y4205                           0
X4305                     1222.47
V4205                        1567
Y4206                      1032.6
X4306                     688.073
V4206                           0
Y4207                     2352.94
X4307                     2352.94
V4207                           0
Y4208                     15040.1
X4308                     15040.1
V4208                           0
Y4209                        3774
X4309                        5341
V4209                        1567
Y4210                     2107.53
X4310                        3330
V4210                        1567
Y4211                      2119.9
X4311                     2352.94
V4211                        1567
Y4212                      1032.6
X4312                     688.073
Y4301                     454.926
V4301                     4573.99
V4312                     5284.99
Y4302                           0
V4302                     4156.91
Y4303                           0
V4303                     3665.84
Y4304                     1844.23
V4304                     1281.54
Y4305                     534.397
V4305                     145.073
Y4306                           0
V4306                           0
Y4307                     1664.87
V4307                     2384.06
Y4308                       14352
V4308                           0
Y4309                     4652.93
V4309                        6920
Y4310                     2641.93
V4310                        6920
Y4311                     1664.87
V4311                     5319.06
Y4312                           0
X4501                     90.5923
Z4401                        90.6
D4501                  0.00773938
X4502                        90.6
Z4402                        90.6
D4502                           0
X4503                     90.5977
Z4403                        90.6
D4503                  0.00226062
X4504                     90.5968
Z4404                        90.6
D4504                  0.00321814
X4505                     90.5945
Z4405                        90.6
D4505                  0.00547876
X4506                       910.2
Z4406                        90.6
D4506                           0
X4507                      4259.2
Z4407                        90.6
D4507                           0
X4508                      7288.2
Z4408                        90.6
D4508                           0
X4509                      5734.2
Z4409                        90.6
D4509                           0
X4510                      1106.2
Z4410                        90.6
D4510                  0.00226062
X4511                       117.2
Z4411                        90.6
D4511                  0.00452124
X4512                     90.5945
Z4412                        90.6
D4512                  0.00547876
X4601                         320
Z4501                     229.408
X4602                         320
Z4502                       229.4
X4603                         308
Z4503                     217.402
X4604                         346
Z4504                     255.403
X4605                         408
Z4505                     317.405
X4606                         864
Z4506                       424.8
X4607                        2800
Z4507                       424.8
X4608                        4416
Z4508                       424.8
X4609                        2862
Z4509                       424.8
X4610                        1060
Z4510                       424.8
X4611                         542
Z4511                       424.8
X4612                         382
Z4512                     291.405
X4701                         160
X4801                         160
X4702                         160
X4802                         160
X4703                         154
X4803                         154
X4704                         173
X4804                         173
X4705                         204
X4805                         204
X4706                         432
X4806                         432
X4707                        1400
X4807                        1400
X4708                        2208
X4808                        2208
X4709                        1431
X4809                        1431
X4710                         530
X4810                         530
X4711                         271
X4811                         271
X4712                         191
X4812                         191
Z4901                        28.3
Z4902                        28.3
Z4903                          25
Z4904                          19
Z4905                          19
Z4906                          19
Z4907                        28.3
Z4908                        28.3
Z4909                        28.3
Z4910                        28.3
Z4911                        28.3
Z4912                        28.3
T0201                     134.541
T0202                       122.4
T0203                      120.17
T0204                     148.912
T0205                     182.609
T0206                     221.014
T0207                     232.907
T0208                     240.092
T0209                     240.092
T0210                     235.384
T0211                     208.873
T0212                      167.99
T0301                     134.541
T0302                       122.4
T0303                      120.17
T0304                     148.912
T0305                     182.609
T0306                     221.014
T0307                     232.907
T0308                     240.092
T0309                     240.092
T0310                     235.384
T0311                     208.873
T0312                      167.99
T0401                     40.3894
T0402                     36.7447
T0403                     36.0753
T0404                     44.7036
T0405                     54.8196
T0406                     66.3488
T0407                     69.9191
T0408                     72.0762
T0409                     72.0762
T0410                     70.6629
T0411                      62.704
T0412                      50.431
T0501                     40.3894
T0502                     36.7447
T0503                     36.0753
T0504                     44.7036
T0505                     54.8196
T0506                     66.3488
T0507                     69.9191
T0508                     72.0762
T0509                     72.0762
T0510                     70.6629
T0511                      62.704
T0512                      50.431
T0601                     53.8154
T0602                     48.9592
T0603                     48.0672
T0604                     59.5637
T0605                     73.0423
T0606                      88.404
T0607                     93.1612
T0608                     96.0353
T0609                     96.0353
T0610                     94.1522
T0611                     83.5477
T0612                      67.195
T0701                      37.043
T0702                     33.7003
T0703                     33.0863
T0704                     40.9998
T0705                     50.2776
T0706                     60.8516
T0707                     64.1261
T0708                     66.1044
T0709                     66.1044
T0710                     64.8083
T0711                     57.5088
T0712                     46.2526
T1201                     401.175
T1202                     350.689
T1203                      341.51
T1204                      460.84
T1205                     600.059
T1206                     759.166
T1207                     808.122
T1208                      838.72
T1209                      838.72
T1210                     818.831
T1211                      708.68
T1212                     540.394
T1301                     93.9608
T1302                     58.7294
T1303                     51.8788
T1304                     135.064
T1305                     232.929
T1306                     344.496
T1307                     379.727
T1308                     401.258
T1309                     401.258
T1310                     386.578
T1311                     310.243
T1312                     190.847
T1501                     305.101
T1502                     252.013
T1503                     242.262
T1504                      367.94
T1505                     515.286
T1506                     683.217
T1507                     735.222
T1508                     766.641
T1509                     766.641
T1510                     746.056
T1511                     630.129
T1512                     451.364
T1601                     177.263
T1602                     133.157
T1603                     125.056
T1604                      229.47
T1605                     351.886
T1606                     491.404
T1607                     534.609
T1608                     560.713
T1609                     560.713
T1610                      543.61
T1611                     447.298
T1612                     298.779
T1701                       444.8
T1702                       379.8
T1703                       366.8
T1704                     598.939
T1705                       703.8
T1706                        1195
T1707                        1260
T1708                        1299
T1709                        1299
T1710                       989.8
T1711                       846.8
T1712                       625.8
T1901                     662.926
T1902                      600.55
T1903                     592.393
T1904                     746.058
T1905                     919.183
T1906                     1116.49
T1907                      1168.3
T1908                     1205.21
T1909                     1205.21
T1910                     1181.03
T1911                     1044.82
T1912                     834.777
T2401                     454.147
T2402                     387.609
T2403                     375.388
T2404                     532.906
T2405                     717.582
T2406                     928.059
T2407                     993.239
T2408                     1032.62
T2409                     1032.62
T2410                     1006.82
T2411                     861.521
T2412                     637.465
T2601                     154.694
T2602                     104.963
T2603                     95.8292
T2604                     213.558
T2605                     351.585
T2606                     508.896
T2607                     557.611
T2608                     587.044
T2609                     587.044
T2610                      567.76
T2611                     459.165
T2612                     291.706
T2801                      159.93
T2802                      143.31
T2803                     139.985
T2804                     183.591
T2805                     243.545
T2806                     281.262
T2807                     297.883
T2808                     307.855
T2809                     307.855
T2810                     301.207
T2811                     264.226
T2812                       207.3
T2901                     221.121
T2902                     200.558
T2903                     196.819
T2904                     245.424
T2905                     302.129
T2906                     366.935
T2907                     386.875
T2908                     399.338
T2909                     399.338
T2910                     391.237
T2911                     346.372
T2912                     277.827
T3201                     177.963
T3202                     162.173
T3203                     159.186
T3204                     197.168
T3205                     241.979
T3206                     292.765
T3207                     308.555
T3208                     317.944
T3209                     317.944
T3210                     311.543
T3211                     276.974
T3212                     222.774
T3301                     18.1941
T3302                     11.5577
T3303                     10.3021
T3304                     26.2654
T3305                     47.8984
T3306                     66.4425
T3307                      73.079
T3308                     77.0249
T3309                     77.0249
T3310                     74.3345
T3311                     59.8061
T3312                     37.0271
T3501                     177.963
T3502                     162.173
T3503                     159.186
T3504                     197.168
T3505                     241.979
T3506                     292.765
T3507                     308.555
T3508                     317.944
T3509                     317.944
T3510                     311.543
T3511                     276.974
T3512                     222.774
T3601                       25.22
T3602                     15.4402
T3603                       13.59
T3604                     37.1142
T3605                     111.867
T3606                     96.3211
T3607                     106.101
T3608                     111.916
T3609                     111.916
T3610                     107.951
T3611                     86.5414
T3612                     52.9732
T3801                     177.963
T3802                     162.173
T3803                     159.186
T3804                     197.168
T3805                     241.979
T3806                     292.765
T3807                     308.555
T3808                     317.944
T3809                     317.944
T3810                     311.543
T3811                     276.974
T3812                     222.774
T4001                       282.5
T4002                       233.5
T4003                       224.5
T4004                       340.5
T4005                       476.5
T4006                         892
T4007                         940
T4008                         969
T4009                         969
T4010                       689.5
T4011                       582.5
T4012                       417.5
T4401                     152.139
T4402                     130.601
T4403                     126.526
T4404                     178.334
T4405                     239.455
T4406                     308.726
T4407                     330.264
T4408                      343.07
T4409                      343.07
T4410                     334.338
T4411                     287.188
T4412                      213.26
T4501                     192.191
T4502                     154.791
T4503                     159.712
T4504                     211.692
T4505                     255.848
T4506                     268.766
T4507                     306.174
T4508                     328.417
T4509                     328.417
T4510                     313.251
T4511                     231.358
T4512                     236.352
T4901                     622.536
T4902                     563.805
T4903                     556.318
T4904                     701.355
T4905                     864.363
T4906                     1050.15
T4907                     1098.38
T4908                     1133.14
T4909                     1133.14
T4910                     1110.36
T4911                     982.114
T4912                     784.346
