
Value of objective function: -4.77878e+07

Actual values of the variables:
YI0101                          0
YI0201                          0
YI0301                          0
YI0102                     750000
YI0202                          0
YI0302                      1e+06
YI0103                          0
YI0203                     500000
YI0303                      1e+06
YI0104                     750000
YI0204                     141826
YI0304                      1e+06
YI0105                          0
YI0205                          0
YI0305                      1e+06
YI0106                     750000
YI0206                     108867
YI0306                      1e+06
YI0107                    35042.4
YI0207                     500000
YI0307                      1e+06
XI0101                     342193
XI0501                     4342.5
XI0601                    30636.6
XI0701                    5505.05
XI0901                      62908
XI1401                    19850.5
XI1601                     610.99
XI1701                    9866.33
XI2001                    72001.7
SI0101                     224889
XI0201                    586.331
XI0401                    2182.91
XI0801                    4773.67
XI1001                    8986.33
XI1101                    2342.08
XI1201                    2360.06
XI1301                    1739.11
XI1801                    3199.09
XI1901                     1914.6
SI0201                          0
XI0301                    4707.86
SI0301                          0
SI0401                          0
XI1501                    71.5045
SI0501                          0
SI0601                          0
SI0701                          0
SI0801                          0
SI0901                      31454
SI1001                          0
SI1101                          0
SI1201                          0
SI1301                          0
SI1401                          0
SI1501                          0
SI1601                          0
SI1701                          0
SI1801                          0
SI1901                          0
SI2001                          0
XI0102                     803536
XI0502                    41727.2
XI0602                    74153.4
XI0702                    11607.1
XI0902                      62908
XI1402                     119045
XI1602                    3387.58
XI1702                    30136.6
XI2002                     401832
SI0102                          0
XI0202                    2699.59
XI0402                    5550.36
XI0802                    13049.9
XI1002                    22634.2
XI1102                      20402
XI1202                    10747.4
XI1302                    6867.18
XI1802                    22045.8
XI1902                      10674
SI0202                          0
XI0302                 1.0413e+06
SI0302                          0
SI0402                          0
XI1502                    378.647
SI0502                          0
SI0602                          0
SI0702                          0
SI0802                          0
SI0902                    24818.4
SI1002                          0
SI1102                          0
SI1202                          0
SI1302                          0
SI1402                          0
SI1502                          0
SI1602                          0
SI1702                          0
SI1802                    2452.45
SI1902                          0
SI2002                          0
XI0103                    11118.5
XI0503                    41067.8
XI0603                    7013.79
XI0703                    13500.1
XI0903                      62908
XI1403                     155131
XI1603                    3342.48
XI1703                      22647
XI2003                     392448
SI0103                          0
XI0203                     598664
XI0403                    6105.24
XI0803                    12001.8
XI1003                    18032.2
XI1103                    33278.2
XI1203                    16187.5
XI1303                    6499.62
XI1803                      33159
XI1903                    11453.7
SI0203                          0
XI0303                1.03959e+06
SI0303                          0
SI0403                          0
XI1503                    364.468
SI0503                          0
SI0603                          0
SI0703                          0
SI0803                          0
SI0903                    26954.3
SI1003                          0
SI1103                          0
SI1203                          0
SI1303                          0
SI1403                          0
SI1503                          0
SI1603                          0
SI1703                          0
SI1803                          0
SI1903                          0
SI2003                          0
XI0104                 1.1459e+06
XI0504                    47465.8
XI0604                     104512
XI0704                    16435.3
XI0904                      62908
XI1404                     152407
XI1604                    4179.87
XI1704                    40950.5
XI2004                     497471
SI0104                          0
XI0204                     172069
XI0404                    7212.63
XI0804                    16406.4
XI1004                    31562.3
XI1104                    26351.7
XI1204                    14135.6
XI1304                    8874.63
XI1804                    27033.9
XI1904                    12154.6
SI0204                          0
XI0304                1.04592e+06
SI0304                          0
SI0404                          0
XI1504                    471.787
SI0504                          0
SI0604                          0
SI0704                          0
SI0804                          0
SI0904                          0
SI1004                          0
SI1104                          0
SI1204                          0
SI1304                          0
SI1404                          0
SI1504                          0
SI1604                          0
SI1704                          0
SI1804                          0
SI1904                          0
SI2004                          0
XI0105                    6887.61
XI0505                    33192.7
XI0605                    4749.26
XI0705                    5564.27
XI0905                      62908
XI1405                    86356.2
XI1605                    2252.14
XI1705                    11788.5
XI2005                     263208
SI0105                          0
XI0205                    1925.75
XI0405                    3428.19
XI0805                    7891.57
XI1005                    8170.03
XI1105                    17139.6
XI1205                    8125.95
XI1305                    3888.18
XI1805                    14958.7
XI1905                    8616.89
SI0205                          0
XI0305                1.03403e+06
SI0305                          0
SI0405                          0
XI1505                    241.544
SI0505                          0
SI0605                          0
SI0705                          0
SI0805                          0
SI0905                    25449.5
SI1005                          0
SI1105                          0
SI1205                          0
SI1305                          0
SI1405                          0
SI1505                          0
SI1605                          0
SI1705                          0
SI1805                          0
SI1905                          0
SI2005                          0
XI0106                1.14564e+06
XI0506                    47082.6
XI0606                     104369
XI0706                      15922
XI0906                      62908
XI1406                     148006
XI1606                    4110.95
XI1706                    40347.1
XI2006                     489304
SI0106                          0
XI0206                     132939
XI0406                    7041.53
XI0806                    16152.2
XI1006                      30970
XI1106                    25310.6
XI1206                    13623.3
XI1306                    8710.72
XI1806                    28739.3
XI1906                    12153.2
SI0206                          0
XI0306                1.04562e+06
SI0306                          0
SI0406                          0
XI1506                    464.086
SI0506                          0
SI0606                          0
SI0706                          0
SI0806                          0
SI0906                          0
SI1006                          0
SI1106                          0
SI1206                          0
SI1306                          0
SI1406                          0
SI1506                          0
SI1606                          0
SI1706                          0
SI1806                    2702.42
SI1906                          0
SI2006                          0
XI0107                    64279.8
XI0507                    41615.2
XI0607                    11644.3
XI0707                    13901.8
XI0907                      62908
XI1407                     157291
XI1607                    3417.77
XI1707                    23853.1
XI2007                     401641
SI0107                          0
XI0207                     598682
XI0407                    6245.99
XI0807                    12343.3
XI1007                      18988
XI1107                    33492.2
XI1207                    16359.4
XI1307                    6697.08
XI1807                      33159
XI1907                    11560.7
SI0207                          0
XI0307                1.04007e+06
SI0307                          0
SI0407                          0
XI1507                    373.551
SI0507                          0
SI0607                          0
SI0707                          0
SI0807                          0
SI0907                          0
SI1007                          0
SI1107                          0
SI1207                          0
SI1307                          0
SI1407                          0
SI1507                          0
SI1607                          0
SI1707                          0
SI1807                          0
SI1907                          0
SI2007                          0
