
Value of objective function: -1.60834e+08

Actual values of the variables:
YI0101                          0
YI0201                          0
YI0301                          0
YI0102                     750000
YI0202                          0
YI0302                      1e+06
YI0103                          0
YI0203                     500000
YI0303                      1e+06
YI0104                     750000
YI0204                    2838.97
YI0304                      1e+06
YI0105                          0
YI0205                          0
YI0305                      1e+06
YI0106                     750000
YI0206                          0
YI0306                      1e+06
YI0107                          0
YI0207                     500000
YI0307                          0
YI0108                     750000
YI0208                          0
YI0308                      1e+06
YI0109                          0
YI0209                          0
YI0309                      1e+06
YI0110                     750000
YI0210                          0
YI0310                      1e+06
YI0111                          0
YI0211                     500000
YI0311                      1e+06
YI0112                     750000
YI0212                          0
YI0312                      1e+06
YI0113                          0
YI0213                          0
YI0313                          0
YI0114                     750000
YI0214                          0
YI0314                      1e+06
YI0115                          0
YI0215                     500000
YI0315                      1e+06
YI0116                     750000
YI0216                     141826
YI0316                      1e+06
YI0117                          0
YI0217                          0
YI0317                      1e+06
YI0118                     750000
YI0218                     109594
YI0318                      1e+06
YI0119                          0
YI0219                     500000
YI0319                          0
YI0120                     750000
YI0220                    32231.8
YI0320                      1e+06
YI0121                          0
YI0221                          0
YI0321                      1e+06
YI0122                     750000
YI0222                     109594
YI0322                      1e+06
XI0101                     342193
XI0501                     4342.5
XI0601                    30636.6
XI0701                    5505.05
XI0901                      62908
XI1401                    19850.5
XI1601                     610.99
XI1701                    9866.33
XI2001                    72001.7
SI0101                     224889
XI0201                    586.331
XI0401                    2182.91
XI0801                    4773.67
XI1001                    8986.33
XI1101                    2342.08
XI1201                    2360.06
XI1301                    1739.11
XI1801                    3199.09
XI1901                     1914.6
SI0201                          0
XI0301                    4707.86
SI0301                          0
SI0401                          0
XI1501                    71.5045
SI0501                          0
SI0601                          0
SI0701                          0
SI0801                          0
SI0901                      31454
SI1001                          0
SI1101                          0
SI1201                          0
SI1301                          0
SI1401                          0
SI1501                          0
SI1601                          0
SI1701                          0
SI1801                          0
SI1901                          0
SI2001                          0
XI0102                     803536
XI0502                    41727.2
XI0602                    74153.4
XI0702                    11607.1
XI0902                      62908
XI1402                     119045
XI1602                    3387.58
XI1702                    30136.6
XI2002                     401832
SI0102                          0
XI0202                    2699.59
XI0402                    5550.36
XI0802                    13049.9
XI1002                    22634.2
XI1102                      20402
XI1202                    10747.4
XI1302                    6867.18
XI1802                    22045.8
XI1902                      10674
SI0202                          0
XI0302                 1.0413e+06
SI0302                          0
SI0402                          0
XI1502                    378.647
SI0502                          0
SI0602                          0
SI0702                          0
SI0802                          0
SI0902                    24818.4
SI1002                          0
SI1102                          0
SI1202                          0
SI1302                          0
SI1402                          0
SI1502                          0
SI1602                          0
SI1702                          0
SI1802                    2452.45
SI1902                          0
SI2002                          0
XI0103                    11118.5
XI0503                    41067.8
XI0603                    7013.79
XI0703                    13500.1
XI0903                      62908
XI1403                     155131
XI1603                    3342.48
XI1703                      22647
XI2003                     392448
SI0103                          0
XI0203                     598664
XI0403                    6105.24
XI0803                    12001.8
XI1003                    18032.2
XI1103                    33278.2
XI1203                    16187.5
XI1303                    6499.62
XI1803                      33159
XI1903                    11453.7
SI0203                          0
XI0303                1.03959e+06
SI0303                          0
SI0403                          0
XI1503                    364.468
SI0503                          0
SI0603                          0
SI0703                          0
SI0803                          0
SI0903                    26954.3
SI1003                          0
SI1103                          0
SI1203                          0
SI1303                          0
SI1403                          0
SI1503                          0
SI1603                          0
SI1703                          0
SI1803                          0
SI1903                          0
SI2003                          0
XI0104                1.14473e+06
XI0504                    45240.3
XI0604                     103881
XI0704                    14226.7
XI0904                      62908
XI1404                     133254
XI1604                    3875.99
XI1704                      37902
XI2004                     461451
SI0104                          0
XI0204                    6136.65
XI0404                    6467.04
XI0804                    15259.4
XI1004                    28805.4
XI1104                    21859.6
XI1204                    11889.5
XI1304                    8146.51
XI1804                    21195.2
XI1904                    11316.3
SI0204                          0
XI0304                1.04436e+06
SI0304                          0
SI0404                          0
XI1504                    437.509
SI0504                          0
SI0604                          0
SI0704                          0
SI0804                          0
SI0904                     6489.1
SI1004                          0
SI1104                          0
SI1204                          0
SI1304                          0
SI1404                          0
SI1504                          0
SI1604                          0
SI1704                          0
SI1804                          0
SI1904                          0
SI2004                          0
XI0105                    18930.8
XI0505                    33319.8
XI0605                    5798.38
XI0705                    5655.48
XI0905                      62908
XI1405                    86848.4
XI1605                    2269.27
XI1705                    12064.2
XI2005                     265298
SI0105                    7938.36
XI0205                    1934.44
XI0405                     3460.2
XI0805                    7969.31
XI1005                    8387.85
XI1105                    17188.6
XI1205                     8165.3
XI1305                     3933.1
XI1805                    15023.5
XI1905                    8645.28
SI0205                          0
XI0305                1.03414e+06
SI0305                          0
SI0405                          0
XI1505                    243.611
SI0505                          0
SI0605                          0
SI0705                          0
SI0805                          0
SI0905                      31454
SI1005                          0
SI1105                          0
SI1205                          0
SI1305                          0
SI1405                          0
SI1505                          0
SI1605                          0
SI1705                          0
SI1805                          0
SI1905                          0
SI2005                          0
XI0106                1.13266e+06
XI0506                    45067.8
XI0606                     102819
XI0706                    14090.4
XI0906                      62908
XI1406                     132370
XI1606                    3852.66
XI1706                      37564
XI2006                     458625
SI0106                          0
XI0206                    2738.58
XI0406                    6419.81
XI0806                    15158.3
XI1006                    28531.2
XI1106                    21718.8
XI1206                    11804.3
XI1306                    8086.73
XI1806                    21011.2
XI1906                    11270.8
SI0206                          0
XI0306                1.04422e+06
SI0306                          0
SI0406                          0
XI1506                    434.742
SI0506                          0
SI0606                          0
SI0706                          0
SI0806                          0
SI0906                    11605.9
SI1006                          0
SI1106                          0
SI1206                          0
SI1306                          0
SI1406                          0
SI1506                          0
SI1606                          0
SI1706                          0
SI1806                          0
SI1906                          0
SI2006                          0
XI0107                    54700.8
XI0507                    9271.42
XI0607                    7493.34
XI0707                    11240.9
XI0907                      62908
XI1407                      76829
XI1607                    1289.42
XI1707                    14153.8
XI2007                     150941
SI0107                    32590.9
XI0207                     597313
XI0407                    4089.89
XI0807                    7016.87
XI1007                    13627.9
XI1107                    17315.9
XI1207                    9486.95
XI1307                    3270.48
XI1807                    22635.1
XI1907                    4242.82
SI0207                          0
XI0307                     7691.8
SI0307                          0
SI0407                          0
XI1507                    144.751
SI0507                          0
SI0607                          0
SI0707                          0
SI0807                          0
SI0907                      31454
SI1007                          0
SI1107                          0
SI1207                          0
SI1307                          0
SI1407                          0
SI1507                          0
SI1607                          0
SI1707                          0
SI1807                          0
SI1907                          0
SI2007                          0
XI0108                1.09526e+06
XI0508                    44673.3
XI0608                    99561.1
XI0708                    13807.2
XI0908                      62908
XI1408                     130841
XI1608                    3799.49
XI1708                    36707.7
XI2008                     452133
SI0108                          0
XI0208                    2711.57
XI0408                    6320.42
XI0808                    14916.9
XI1008                    27854.8
XI1108                    21566.7
XI1208                    11682.1
XI1308                    7947.24
XI1808                    20810.1
XI1908                    11182.6
SI0208                          0
XI0308                1.04388e+06
SI0308                          0
SI0408                          0
XI1508                    428.324
SI0508                          0
SI0608                          0
SI0708                          0
SI0808                          0
SI0908                    13110.8
SI1008                          0
SI1108                          0
SI1208                          0
SI1308                          0
SI1408                          0
SI1508                          0
SI1608                          0
SI1708                          0
SI1808                          0
SI1908                          0
SI2008                          0
XI0109                     183497
XI0509                    35055.7
XI0609                    20134.4
XI0709                    6901.84
XI0909                      62908
XI1409                    93574.8
XI1609                    2503.23
XI1709                    15832.1
XI2009                     293864
SI0109                     116414
XI0209                    2053.26
XI0409                    3897.51
XI0809                    9031.56
XI1009                    11364.3
XI1109                      17858
XI1209                    8703.01
XI1309                    4546.84
XI1809                    15908.2
XI1909                    9033.23
SI0209                          0
XI0309                1.03563e+06
SI0309                          0
SI0409                          0
XI1509                    271.853
SI0509                          0
SI0609                          0
SI0709                          0
SI0809                          0
SI0909                      31454
SI1009                          0
SI1109                          0
SI1209                          0
SI1309                          0
SI1409                          0
SI1509                          0
SI1609                          0
SI1709                          0
SI1809                          0
SI1909                          0
SI2009                          0
XI0110                     968102
XI0510                    43463.1
XI0610                    88489.3
XI0710                    12853.5
XI0910                      62908
XI1410                     125772
XI1610                    3621.55
XI1710                    33904.5
XI2010                     430399
SI0110                          0
XI0210                    2818.41
XI0410                    5987.67
XI0810                    14112.1
XI1010                    25610.6
XI1110                    21071.4
XI1210                    11285.1
XI1310                    7480.92
XI1810                    22930.6
XI1910                      11062
SI0210                          0
XI0310                1.04279e+06
SI0310                          0
SI0410                          0
XI1510                    406.889
SI0510                          0
SI0610                          0
SI0710                          0
SI0810                          0
SI0910                    18196.7
SI1010                          0
SI1110                          0
SI1210                          0
SI1310                          0
SI1410                          0
SI1510                          0
SI1610                          0
SI1710                          0
SI1810                    2452.45
SI1910                          0
SI2010                          0
XI0111                    11118.5
XI0511                    41067.8
XI0611                    7013.79
XI0711                    13500.1
XI0911                      62908
XI1411                     155131
XI1611                    3342.48
XI1711                      22647
XI2011                     392448
SI0111                          0
XI0211                     598664
XI0411                    6105.24
XI0811                    12001.8
XI1011                    18032.2
XI1111                    33278.2
XI1211                    16187.5
XI1311                    6499.62
XI1811                      33159
XI1911                    11453.7
SI0211                          0
XI0311                1.03959e+06
SI0311                          0
SI0411                          0
XI1511                    364.468
SI0511                          0
SI0611                          0
SI0711                          0
SI0811                          0
SI0911                    20332.7
SI1011                          0
SI1111                          0
SI1211                          0
SI1311                          0
SI1411                          0
SI1511                          0
SI1611                          0
SI1711                          0
SI1811                          0
SI1911                          0
SI2011                          0
XI0112                 1.1447e+06
XI0512                    45194.8
XI0612                     103868
XI0712                    14181.6
XI0912                      62908
XI1412                     132862
XI1612                    3869.78
XI1712                    37839.8
XI2012                     460715
SI0112                          0
XI0212                    2747.27
XI0412                    6451.81
XI0812                      15236
XI1012                      28749
XI1112                    21767.8
XI1212                    11843.6
XI1312                    8131.64
XI1812                    21075.9
XI1912                    11299.2
SI0212                          0
XI0312                1.04433e+06
SI0312                          0
SI0412                          0
XI1512                    436.809
SI0512                          0
SI0612                          0
SI0712                          0
SI0812                          0
SI0912                          0
SI1012                          0
SI1112                          0
SI1212                          0
SI1312                          0
SI1412                          0
SI1512                          0
SI1612                          0
SI1712                          0
SI1812                          0
SI1912                          0
SI2012                          0
XI0113                     342193
XI0513                     4342.5
XI0613                    30636.6
XI0713                    5505.05
XI0913                      62908
XI1413                    19850.5
XI1613                     610.99
XI1713                    9866.33
XI2013                    72001.7
SI0113                     224889
XI0213                    586.331
XI0413                    2182.91
XI0813                    4773.67
XI1013                    8986.33
XI1113                    2342.08
XI1213                    2360.06
XI1313                    1739.11
XI1813                    3199.09
XI1913                     1914.6
SI0213                          0
XI0313                    4707.86
SI0313                          0
SI0413                          0
XI1513                    71.5045
SI0513                          0
SI0613                          0
SI0713                          0
SI0813                          0
SI0913                      31454
SI1013                          0
SI1113                          0
SI1213                          0
SI1313                          0
SI1413                          0
SI1513                          0
SI1613                          0
SI1713                          0
SI1813                          0
SI1913                          0
SI2013                          0
XI0114                     803536
XI0514                    41727.2
XI0614                    74153.4
XI0714                    11607.1
XI0914                      62908
XI1414                     119045
XI1614                    3387.58
XI1714                    30136.6
XI2014                     401832
SI0114                          0
XI0214                    2699.59
XI0414                    5550.36
XI0814                    13049.9
XI1014                    22634.2
XI1114                      20402
XI1214                    10747.4
XI1314                    6867.18
XI1814                    22045.8
XI1914                      10674
SI0214                          0
XI0314                 1.0413e+06
SI0314                          0
SI0414                          0
XI1514                    378.647
SI0514                          0
SI0614                          0
SI0714                          0
SI0814                          0
SI0914                    24818.4
SI1014                          0
SI1114                          0
SI1214                          0
SI1314                          0
SI1414                          0
SI1514                          0
SI1614                          0
SI1714                          0
SI1814                    2452.45
SI1914                          0
SI2014                          0
XI0115                    11118.5
XI0515                    41067.8
XI0615                    7013.79
XI0715                    13500.1
XI0915                      62908
XI1415                     155131
XI1615                    3342.48
XI1715                      22647
XI2015                     392448
SI0115                          0
XI0215                     598664
XI0415                    6105.24
XI0815                    12001.8
XI1015                    18032.2
XI1115                    33278.2
XI1215                    16187.5
XI1315                    6499.62
XI1815                      33159
XI1915                    11453.7
SI0215                          0
XI0315                1.03959e+06
SI0315                          0
SI0415                          0
XI1515                    364.468
SI0515                          0
SI0615                          0
SI0715                          0
SI0815                          0
SI0915                    26954.3
SI1015                          0
SI1115                          0
SI1215                          0
SI1315                          0
SI1415                          0
SI1515                          0
SI1615                          0
SI1715                          0
SI1815                          0
SI1915                          0
SI2015                          0
XI0116                 1.1459e+06
XI0516                    47465.8
XI0616                     104512
XI0716                    16435.3
XI0916                      62908
XI1416                     152407
XI1616                    4179.87
XI1716                    40950.5
XI2016                     497471
SI0116                          0
XI0216                     172069
XI0416                    7212.63
XI0816                    16406.4
XI1016                    31562.3
XI1116                    26351.7
XI1216                    14135.6
XI1316                    8874.63
XI1816                    27033.9
XI1916                    12154.6
SI0216                          0
XI0316                1.04592e+06
SI0316                          0
SI0416                          0
XI1516                    471.787
SI0516                          0
SI0616                          0
SI0716                          0
SI0816                          0
SI0916                          0
SI1016                          0
SI1116                          0
SI1216                          0
SI1316                          0
SI1416                          0
SI1516                          0
SI1616                          0
SI1716                          0
SI1816                          0
SI1916                          0
SI2016                          0
XI0117                    6887.61
XI0517                    33192.7
XI0617                    4749.26
XI0717                    5564.27
XI0917                      62908
XI1417                    86356.2
XI1617                    2252.14
XI1717                    11788.5
XI2017                     263208
SI0117                          0
XI0217                    1925.75
XI0417                    3428.19
XI0817                    7891.57
XI1017                    8170.03
XI1117                    17139.6
XI1217                    8125.95
XI1317                    3888.18
XI1817                    14958.7
XI1917                    8616.89
SI0217                          0
XI0317                1.03403e+06
SI0317                          0
SI0417                          0
XI1517                    241.544
SI0517                          0
SI0617                          0
SI0717                          0
SI0817                          0
SI0917                    25449.5
SI1017                          0
SI1117                          0
SI1217                          0
SI1317                          0
SI1417                          0
SI1517                          0
SI1617                          0
SI1717                          0
SI1817                          0
SI1917                          0
SI2017                          0
XI0118                1.14563e+06
XI0518                    46949.7
XI0618                     104366
XI0718                    15923.1
XI0918                      62908
XI1418                     147965
XI1618                    4109.39
XI1718                    40243.6
XI2018                     489118
SI0118                          0
XI0218                     133589
XI0418                    7039.72
XI0818                    16140.4
XI1018                    30922.9
XI1118                      25310
XI1218                    13614.7
XI1318                    8705.78
XI1818                    25679.8
XI1918                    11960.2
SI0218                          0
XI0318                1.04556e+06
SI0318                          0
SI0418                          0
XI1518                    463.837
SI0518                          0
SI0618                          0
SI0718                          0
SI0818                          0
SI0918                          0
SI1018                          0
SI1118                          0
SI1218                          0
SI1318                          0
SI1418                          0
SI1518                          0
SI1618                          0
SI1718                          0
SI1818                          0
SI1918                          0
SI2018                          0
XI0119                    5257.59
XI0519                    8749.87
XI0619                    3186.17
XI0719                    10866.4
XI0919                      62908
XI1419                    74808.1
XI1619                    1219.13
XI1719                    13021.7
XI2019                     142359
SI0119                          0
XI0219                     597277
XI0419                     3958.5
XI0819                    6697.72
XI1019                    12733.6
XI1119                    17114.8
XI1219                     9325.4
XI1319                    3086.08
XI1819                    22369.2
XI1919                    4126.26
SI0219                          0
XI0319                    7244.13
SI0319                          0
SI0419                          0
XI1519                    136.266
SI0519                          0
SI0619                          0
SI0719                          0
SI0819                          0
SI0919                    21837.5
SI1019                          0
SI1119                          0
SI1219                          0
SI1319                          0
SI1419                          0
SI1519                          0
SI1619                          0
SI1719                          0
SI1819                          0
SI1919                          0
SI2019                          0
XI0120                1.14498e+06
XI0520                    45710.9
XI0620                     104015
XI0720                    14693.8
XI0920                      62908
XI1420                     137304
XI1620                    3940.25
XI1720                    38546.7
XI2020                     469069
SI0120                          0
XI0220                      41228
XI0420                    6624.72
XI0820                      15502
XI1020                    29388.4
XI1120                    22809.6
XI1220                    12364.5
XI1320                     8300.5
XI1820                      22430
XI1920                    11493.6
SI0220                          0
XI0320                1.04469e+06
SI0320                          0
SI0420                          0
XI1520                    444.758
SI0520                          0
SI0620                          0
SI0720                          0
SI0820                          0
SI0920                          0
SI1020                          0
SI1120                          0
SI1220                          0
SI1320                          0
SI1420                          0
SI1520                          0
SI1620                          0
SI1720                          0
SI1820                          0
SI1920                          0
SI2020                          0
XI0121                    6977.33
XI0521                    34273.6
XI0621                    4806.99
XI0721                    5640.68
XI0921                      62908
XI1421                    87461.5
XI1621                    2280.41
XI1721                    12529.5
XI2021                     266646
SI0121                          0
XI0221                    3220.51
XI0421                     3471.2
XI0821                    8024.37
XI1021                    8559.34
XI1121                    17342.3
XI1221                    8275.59
XI1321                    3953.92
XI1821                      33159
XI1921                    20577.1
SI0221                          0
XI0321                1.03646e+06
SI0321                          0
SI0421                          0
XI1521                    245.182
SI0521                          0
SI0621                          0
SI0721                          0
SI0821                          0
SI0921                    25195.6
SI1021                          0
SI1121                          0
SI1221                          0
SI1321                          0
SI1421                          0
SI1521                          0
SI1621                          0
SI1721                          0
SI1821                    15861.8
SI1921                    7115.98
SI2021                          0
XI0122                1.14554e+06
XI0522                    45868.8
XI0622                     104308
XI0722                    15846.7
XI0922                      62908
XI1422                     146860
XI1622                    4081.13
XI1722                    39502.6
XI2022                     485679
SI0122                          0
XI0222                     132294
XI0422                    6996.72
XI0822                    16007.6
XI1022                    30533.6
XI1122                    25107.3
XI1222                      13465
XI1322                    8640.04
XI1822                    7479.59
XI1922                          0
SI0222                          0
XI0322                1.04312e+06
SI0322                          0
SI0422                          0
XI1522                      460.2
SI0522                          0
SI0622                          0
SI0722                          0
SI0822                          0
SI0922                          0
SI1022                          0
SI1122                          0
SI1222                          0
SI1322                          0
SI1422                          0
SI1522                          0
SI1622                          0
SI1722                          0
SI1822                          0
SI1922                          0
SI2022                          0
