Problem:    
Rows:       420
Columns:    301
Non-zeros:  2892
Status:     OPTIMAL
Objective:  obj = -47787811.81 (MINimum)

   No.   Row name   St   Activity     Lower bound   Upper bound    Marginal
------ ------------ -- ------------- ------------- ------------- -------------
     1 PRI0101      NS             0             0             =       5.22978 
     2 PRI0201      NS             0             0             =             4 
     3 PRI0301      NS             0             0             =       1.69055 
     4 PRI0401      NS             0             0             =       6.14716 
     5 PRI0501      NS             0             0             =       3.28353 
     6 PRI0601      NS             0             0             =       4.15782 
     7 PRI0701      NS             0             0             =       12.4157 
     8 PRI0801      NS             0             0             =       8.73116 
     9 PRI0901      NS             0             0             =       85.6739 
    10 PRI1001      NS             0             0             =       3.36361 
    11 PRI1101      NS             0             0             =        3.3121 
    12 PRI1201      NS             0             0             =       4.88227 
    13 PRI1301      NS             0             0             =       5.12219 
    14 PRI1401      NS             0             0             =       5.56446 
    15 PRI1501      NS             0             0             =       1.23963 
    16 PRI1601      NS             0             0             =       1.05643 
    17 PRI1701      NS             0             0             =       1.42455 
    18 PRI1801      NS             0             0             =       1.07627 
    19 PRI1901      NS             0             0             =      0.657143 
    20 PRI2001      NS             0             0             =       1.11279 
    21 PRI0102      NS             0             0             =       5.22978 
    22 PRI0202      NS             0             0             =             4 
    23 PRI0302      NS             0             0             =       1.69055 
    24 PRI0402      NS             0             0             =       6.14716 
    25 PRI0502      NS             0             0             =       3.28353 
    26 PRI0602      NS             0             0             =       4.15782 
    27 PRI0702      NS             0             0             =       12.4157 
    28 PRI0802      NS             0             0             =       8.73116 
    29 PRI0902      NS             0             0             =       85.6739 
    30 PRI1002      NS             0             0             =       3.36361 
    31 PRI1102      NS             0             0             =        3.3121 
    32 PRI1202      NS             0             0             =       4.88227 
    33 PRI1302      NS             0             0             =       5.12219 
    34 PRI1402      NS             0             0             =       5.56446 
    35 PRI1502      NS             0             0             =       1.23963 
    36 PRI1602      NS             0             0             =       1.05643 
    37 PRI1702      NS             0             0             =       1.42455 
    38 PRI1802      NS             0             0             =       1.07627 
    39 PRI1902      NS             0             0             =      0.657143 
    40 PRI2002      NS             0             0             =       1.11279 
    41 PRI0103      NS             0             0             =       5.22978 
    42 PRI0203      NS             0             0             =             4 
    43 PRI0303      NS             0             0             =       1.69055 
    44 PRI0403      NS             0             0             =       6.14716 
    45 PRI0503      NS             0             0             =       3.28353 
    46 PRI0603      NS             0             0             =       4.15782 
    47 PRI0703      NS             0             0             =       12.4157 
    48 PRI0803      NS             0             0             =       8.73116 
    49 PRI0903      NS             0             0             =       85.6739 
    50 PRI1003      NS             0             0             =       3.36361 
    51 PRI1103      NS             0             0             =        3.3121 
    52 PRI1203      NS             0             0             =       4.88227 
    53 PRI1303      NS             0             0             =       5.12219 
    54 PRI1403      NS             0             0             =       5.56446 
    55 PRI1503      NS             0             0             =       1.23963 
    56 PRI1603      NS             0             0             =       1.05643 
    57 PRI1703      NS             0             0             =       1.42455 
    58 PRI1803      NS             0             0             =       1.07627 
    59 PRI1903      NS             0             0             =      0.657143 
    60 PRI2003      NS             0             0             =       1.11279 
    61 PRI0104      NS             0             0             =       5.22978 
    62 PRI0204      NS             0             0             =             4 
    63 PRI0304      NS             0             0             =       1.69055 
    64 PRI0404      NS             0             0             =       6.14716 
    65 PRI0504      NS             0             0             =       3.28353 
    66 PRI0604      NS             0             0             =       4.15782 
    67 PRI0704      NS             0             0             =       12.4157 
    68 PRI0804      NS             0             0             =       8.73116 
    69 PRI0904      NS             0             0             =       85.6739 
    70 PRI1004      NS             0             0             =       3.36361 
    71 PRI1104      NS             0             0             =        3.3121 
    72 PRI1204      NS             0             0             =       4.88227 
    73 PRI1304      NS             0             0             =       5.12219 
    74 PRI1404      NS             0             0             =       5.56446 
    75 PRI1504      NS             0             0             =       1.23963 
    76 PRI1604      NS             0             0             =       1.05643 
    77 PRI1704      NS             0             0             =       1.42455 
    78 PRI1804      NS             0             0             =       1.07627 
    79 PRI1904      NS             0             0             =      0.657143 
    80 PRI2004      NS             0             0             =       1.11279 
    81 PRI0105      NS             0             0             =       5.22978 
    82 PRI0205      NS             0             0             =             4 
    83 PRI0305      NS             0             0             =       1.69055 
    84 PRI0405      NS             0             0             =       6.14716 
    85 PRI0505      NS             0             0             =       3.28353 
    86 PRI0605      NS             0             0             =       4.15782 
    87 PRI0705      NS             0             0             =       12.4157 
    88 PRI0805      NS             0             0             =       8.73116 
    89 PRI0905      NS             0             0             =       85.6739 
    90 PRI1005      NS             0             0             =       3.36361 
    91 PRI1105      NS             0             0             =        3.3121 
    92 PRI1205      NS             0             0             =       4.88227 
    93 PRI1305      NS             0             0             =       5.12219 
    94 PRI1405      NS             0             0             =       5.56446 
    95 PRI1505      NS             0             0             =       1.23963 
    96 PRI1605      NS             0             0             =       1.05643 
    97 PRI1705      NS             0             0             =       1.42455 
    98 PRI1805      NS             0             0             =       1.07627 
    99 PRI1905      NS             0             0             =      0.657143 
   100 PRI2005      NS             0             0             =       1.11279 
   101 PRI0106      NS             0             0             =       5.22978 
   102 PRI0206      NS             0             0             =             4 
   103 PRI0306      NS             0             0             =       1.69055 
   104 PRI0406      NS             0             0             =       6.14716 
   105 PRI0506      NS             0             0             =       3.28353 
   106 PRI0606      NS             0             0             =       4.15782 
   107 PRI0706      NS             0             0             =       12.4157 
   108 PRI0806      NS             0             0             =       8.73116 
   109 PRI0906      NS             0             0             =       85.6739 
   110 PRI1006      NS             0             0             =       3.36361 
   111 PRI1106      NS             0             0             =        3.3121 
   112 PRI1206      NS             0             0             =       4.88227 
   113 PRI1306      NS             0             0             =       5.12219 
   114 PRI1406      NS             0             0             =       5.56446 
   115 PRI1506      NS             0             0             =       1.23963 
   116 PRI1606      NS             0             0             =       1.05643 
   117 PRI1706      NS             0             0             =       1.42455 
   118 PRI1806      NS             0             0             =       1.07627 
   119 PRI1906      NS             0             0             =      0.657143 
   120 PRI2006      NS             0             0             =       1.11279 
   121 PRI0107      NS             0             0             =             1 
   122 PRI0207      NS             0             0             =      0.792122 
   123 PRI0307      NS             0             0             =      0.331609 
   124 PRI0407      NS             0             0             =       1.21035 
   125 PRI0507      NS             0             0             =      0.632824 
   126 PRI0607      NS             0             0             =       0.79933 
   127 PRI0707      NS             0             0             =       2.37174 
   128 PRI0807      NS             0             0             =       1.67691 
   129 PRI0907      NS             0             0             =       16.2801 
   130 PRI1007      NS             0             0             =      0.651232 
   131 PRI1107      NS             0             0             =      0.657647 
   132 PRI1207      NS             0             0             =      0.961999 
   133 PRI1307      NS             0             0             =      0.986805 
   134 PRI1407      NS             0             0             =       1.07057 
   135 PRI1507      NS             0             0             =      0.242672 
   136 PRI1607      NS             0             0             =      0.205479 
   137 PRI1707      NS             0             0             =      0.277779 
   138 PRI1807      NS             0             0             =       1.07627 
   139 PRI1907      NS             0             0             =      0.131703 
   140 PRI2007      NS             0             0             =      0.221585 
   141 r.144        B        8978.99                        9092 
   142 r.145        B         101658                      170945 
   143 r.146        B        91378.3                      118929 
   144 r.147        B        46976.5                       66657 
   145 r.148        NU         30725                       30725         < eps
   146 r.149        NU         62908                       62908      -61.5328 
   147 r.150        B        31565.6                       34040 
   148 r.151        B        31820.1                       41181 
   149 r.152        B        26783.9                       29482 
   150 r.153        B          12949                      147545 
   151 r.154        B         355507                      381262 
   152 r.155        B        747.651                        5921 
   153 r.156        B         6215.6                       17331 
   154 r.157        B        26616.8                       61931 
   155 r.158        NU         33159                       33159         < eps
   156 r.159        NU         22639                       22639         < eps
   157 r.160        B         823321                 1.10473e+06 
   158 r.161        B              0                      750000 
   159 r.162        B              0                      500000 
   160 r.163        B              0                       1e+06 
   161 r.164        B              0                      375000 
   162 r.165        B              0                      250000 
   163 r.166        B              0                      500000 
   164 r.167        B        1025.05                        4546 
   165 r.168        NU       85472.5                     85472.5         < eps
   166 r.169        NU       59464.5                     59464.5         < eps
   167 r.170        B        20695.2                     33328.5 
   168 r.171        B        3402.57                     15362.5 
   169 r.172        B        15107.7                       31454 
   170 r.173        NU         17020                       17020         < eps
   171 r.174        B              0                     20590.5 
   172 r.175        B              0                       14741 
   173 r.176        B              0                     73772.5 
   174 r.177        NU        190631                      190631         < eps
   175 r.178        B              0                      2960.5 
   176 r.179        B              0                      8665.5 
   177 r.180        B              0                     30965.5 
   178 r.181        B        16286.2                     16579.5 
   179 r.182        B        8408.39                     11319.5 
   180 r.183        NU        552363                      552363         < eps
   181 r.184        NU          9092                        9092         < eps
   182 r.185        B        34755.2                      170945 
   183 r.186        B        21544.5                      118929 
   184 r.187        B              0                       66657 
   185 r.188        B        406.799                       30725 
   186 r.189        NU         62908                       62908      -61.5328 
   187 r.190        B        27075.5                       34040 
   188 r.191        B        39364.9                       41181 
   189 r.192        B        18181.7                       29482 
   190 r.193        B        5367.51                      147545 
   191 r.194        B              0                      381262 
   192 r.195        B        569.812                        5921 
   193 r.196        B        1470.66                       17331 
   194 r.197        B        31662.7                       61931 
   195 r.198        B          21293                       33159 
   196 r.199        B              0                       22639 
   197 r.200        B         134137                 1.10473e+06 
   198 r.201        NU        750000                      750000      -1.77022 
   199 r.202        B         109962                      500000 
   200 r.203        NU         1e+06                       1e+06      -1.30945 
   201 r.204        B              0                      375000 
   202 r.205        B              0                      250000 
   203 r.206        B              0                      500000 
   204 r.207        B        2646.57                        4546 
   205 r.208        B        79242.7                     85472.5 
   206 r.209        B              0                     59464.5 
   207 r.210        B        13474.8                     33328.5 
   208 r.211        B              0                     15362.5 
   209 r.212        B        1932.07                       31454 
   210 r.213        NU         17020                       17020         < eps
   211 r.214        NU       20590.5                     20590.5         < eps
   212 r.215        B        7516.13                       14741 
   213 r.216        B        1261.91                     73772.5 
   214 r.217        B         100000                      190631 
   215 r.218        B        424.971                      2960.5 
   216 r.219        B              0                      8665.5 
   217 r.220        B              0                     30965.5 
   218 r.221        NU       16579.5                     16579.5         < eps
   219 r.222        B        2044.56                     11319.5 
   220 r.223        B         301064                      552363 
   221 r.224        B              0                        9092 
   222 r.225        B              0                      170945 
   223 r.226        B        77877.2                      118929 
   224 r.227        B              0                       66657 
   225 r.228        B         5295.4                       30725 
   226 r.229        NU         62908                       62908      -61.5328 
   227 r.230        B        16017.5                       34040 
   228 r.231        B        19698.1                       41181 
   229 r.232        B              0                       29482 
   230 r.233        B              0                      147545 
   231 r.234        B              0                      381262 
   232 r.235        B              0                        5921 
   233 r.236        B        3931.05                       17331 
   234 r.237        B        51778.8                       61931 
   235 r.238        B        30672.6                       33159 
   236 r.239        B        9965.18                       22639 
   237 r.240        B              0                 1.10473e+06 
   238 r.241        B              0                      750000 
   239 r.242        NU        500000                      500000            -3 
   240 r.243        NU         1e+06                       1e+06      -3.30945 
   241 r.244        B              0                      375000 
   242 r.245        B        1964.62                      250000 
   243 r.246        B              0                      500000 
   244 r.247        B              0                        4546 
   245 r.248        B        43210.9                     85472.5 
   246 r.249        NU       59464.5                     59464.5         < eps
   247 r.250        B        7267.55                     33328.5 
   248 r.251        B              0                     15362.5 
   249 r.252        B        13061.4                       31454 
   250 r.253        NU         17020                       17020         < eps
   251 r.254        NU       20590.5                     20590.5         < eps
   252 r.255        B         4409.3                       14741 
   253 r.256        B              0                     73772.5 
   254 r.257        B        8710.72                      190631 
   255 r.258        B        382.565                      2960.5 
   256 r.259        B        3286.12                      8665.5 
   257 r.260        NU       30965.5                     30965.5         < eps
   258 r.261        NU       16579.5                     16579.5         < eps
   259 r.262        B        2822.36                     11319.5 
   260 r.263        B              0                      552363 
   261 r.264        B        4497.94                        9092 
   262 r.265        B              0                      170945 
   263 r.266        B        25655.2                      118929 
   264 r.267        B              0                       66657 
   265 r.268        B        10125.1                       30725 
   266 r.269        NU         62908                       62908      -61.5328 
   267 r.270        B        7577.34                       34040 
   268 r.271        B        17144.4                       41181 
   269 r.272        B              0                       29482 
   270 r.273        B        6482.45                      147545 
   271 r.274        B        92514.1                      381262 
   272 r.275        B              0                        5921 
   273 r.276        B              0                       17331 
   274 r.277        B        22481.5                       61931 
   275 r.278        B        19018.2                       33159 
   276 r.279        NU         22639                       22639         < eps
   277 r.280        B         414592                 1.10473e+06 
   278 r.281        NU        750000                      750000      -1.77022 
   279 r.282        B              0                      500000 
   280 r.283        NU         1e+06                       1e+06      -5.30945 
   281 r.284        B              0                      375000 
   282 r.285        B              0                      250000 
   283 r.286        B              0                      500000 
   284 r.287        B              0                        4546 
   285 r.288        B              0                     85472.5 
   286 r.289        B              0                     59464.5 
   287 r.290        B              0                     33328.5 
   288 r.291        B              0                     15362.5 
   289 r.292        B              0                       31454 
   290 r.293        B              0                       17020 
   291 r.294        NU       20590.5                     20590.5         < eps
   292 r.295        B              0                       14741 
   293 r.296        B              0                     73772.5 
   294 r.297        B              0                      190631 
   295 r.298        B              0                      2960.5 
   296 r.299        B              0                      8665.5 
   297 r.300        B        23849.8                     30965.5 
   298 r.301        NU       16579.5                     16579.5         < eps
   299 r.302        NU       11319.5                     11319.5         < eps
   300 r.303        B              0                      552363 
   301 r.304        B         5531.3                        9092 
   302 r.305        B        77372.3                      170945 
   303 r.306        B        89157.8                      118929 
   304 r.307        B        21557.4                       66657 
   305 r.308        B        20161.5                       30725 
   306 r.309        NU         62908                       62908      -61.5328 
   307 r.310        NU         34040                       34040         < eps
   308 r.311        B        11323.6                       41181 
   309 r.312        B        20214.2                       29482 
   310 r.313        B        9531.47                      147545 
   311 r.314        B         232775                      381262 
   312 r.315        B        655.534                        5921 
   313 r.316        B        5976.84                       17331 
   314 r.317        B              0                       61931 
   315 r.318        B        12333.4                       33159 
   316 r.319        B        1723.89                       22639 
   317 r.320        B         744215                 1.10473e+06 
   318 r.321        B              0                      750000 
   319 r.322        B              0                      500000 
   320 r.323        NU         1e+06                       1e+06      -3.30945 
   321 r.324        B              0                      375000 
   322 r.325        B         127768                      250000 
   323 r.326        NU        500000                      500000         < eps
   324 r.327        B              0                        4546 
   325 r.328        B        21925.9                     85472.5 
   326 r.329        NU       59464.5                     59464.5         < eps
   327 r.330        B        5897.09                     33328.5 
   328 r.331        B              0                     15362.5 
   329 r.332        B              0                       31454 
   330 r.333        NU         17020                       17020         < eps
   331 r.334        B              0                     20590.5 
   332 r.335        B         901.32                       14741 
   333 r.336        B              0                     73772.5 
   334 r.337        B        42138.9                      190631 
   335 r.338        B              0                      2960.5 
   336 r.339        B              0                      8665.5 
   337 r.340        B              0                     30965.5 
   338 r.341        B              0                     16579.5 
   339 r.342        B        3119.43                     11319.5 
   340 r.343        B         234393                      552363 
   341 r.344        B        3420.64                        9092 
   342 r.345        B        1093.36                      170945 
   343 r.346        B        19821.8                      118929 
   344 r.347        B              0                       66657 
   345 r.348        B        3561.78                       30725 
   346 r.349        NU         62908                       62908      -61.5328 
   347 r.350        B        4079.07                       34040 
   348 r.351        B        5473.13                       41181 
   349 r.352        B              0                       29482 
   350 r.353        B        2249.01                      147545 
   351 r.354        B              0                      381262 
   352 r.355        B        19.0401                        5921 
   353 r.356        B        289.862                       17331 
   354 r.357        B        23196.1                       61931 
   355 r.358        B        12659.6                       33159 
   356 r.359        B              0                       22639 
   357 r.360        B              0                 1.10473e+06 
   358 r.361        NU        750000                      750000      -1.77022 
   359 r.362        B         140731                      500000 
   360 r.363        NU         1e+06                       1e+06      -1.30945 
   361 r.364        B              0                      375000 
   362 r.365        B              0                      250000 
   363 r.366        B              0                      500000 
   364 r.367        B              0                        4546 
   365 r.368        B              0                     85472.5 
   366 r.369        B              0                     59464.5 
   367 r.370        B              0                     33328.5 
   368 r.371        B              0                     15362.5 
   369 r.372        B              0                       31454 
   370 r.373        B              0                       17020 
   371 r.374        B              0                     20590.5 
   372 r.375        B              0                       14741 
   373 r.376        B              0                     73772.5 
   374 r.377        B              0                      190631 
   375 r.378        B              0                      2960.5 
   376 r.379        B              0                      8665.5 
   377 r.380        B              0                     30965.5 
   378 r.381        B        2702.42                     16579.5 
   379 r.382        B              0                     11319.5 
   380 r.383        B              0                      552363 
   381 r.384        B        6245.99                        9092 
   382 r.385        B        41615.2                      170945 
   383 r.386        B        11644.3                      118929 
   384 r.387        B        13901.8                       66657 
   385 r.388        B        12343.3                       30725 
   386 r.389        NU         62908                       62908      -11.6761 
   387 r.390        B          18988                       34040 
   388 r.391        B        33492.2                       41181 
   389 r.392        B        16359.4                       29482 
   390 r.393        B        6697.08                      147545 
   391 r.394        B         157291                      381262 
   392 r.395        B        373.551                        5921 
   393 r.396        B        3417.77                       17331 
   394 r.397        B        23853.1                       61931 
   395 r.398        NU         33159                       33159     -0.762418 
   396 r.399        B        11560.7                       22639 
   397 r.400        B         401641                 1.10473e+06 
   398 r.401        B        35042.4                      750000 
   399 r.402        NU        500000                      500000      -6.20788 
   400 r.403        NU         1e+06                       1e+06     -0.668391 
   401 r.404        B              0                      375000 
   402 r.405        B              0                      250000 
   403 r.406        B              0                      500000 
   404 r.407        B              0                        4546 
   405 r.408        B              0                     85472.5 
   406 r.409        B              0                     59464.5 
   407 r.410        B              0                     33328.5 
   408 r.411        B              0                     15362.5 
   409 r.412        B              0                       31454 
   410 r.413        B              0                       17020 
   411 r.414        B              0                     20590.5 
   412 r.415        B              0                       14741 
   413 r.416        B              0                     73772.5 
   414 r.417        B              0                      190631 
   415 r.418        B              0                      2960.5 
   416 r.419        B              0                      8665.5 
   417 r.420        B              0                     30965.5 
   418 r.421        B              0                     16579.5 
   419 r.422        B              0                     11319.5 
   420 r.423        B              0                      552363 

   No. Column name  St   Activity     Lower bound   Upper bound    Marginal
------ ------------ -- ------------- ------------- ------------- -------------
     1 YI0101       NL             0             0                     4.22978 
     2 YI0201       NL             0             0                           3 
     3 YI0301       NL             0             0                    0.690552 
     4 YI0102       B         750000             0               
     5 YI0202       B         109962             0               
     6 YI0302       B          1e+06             0               
     7 YI0103       NL             0             0                     4.22978 
     8 YI0203       B         500000             0               
     9 YI0303       B          1e+06             0               
    10 YI0104       B         750000             0               
    11 YI0204       NL             0             0                       < eps
    12 YI0304       B          1e+06             0               
    13 YI0105       NL             0             0                     4.22978 
    14 YI0205       NL             0             0                           3 
    15 YI0305       B          1e+06             0               
    16 YI0106       B         750000             0               
    17 YI0206       B         140731             0               
    18 YI0306       B          1e+06             0               
    19 YI0107       B        35042.4             0               
    20 YI0207       B         500000             0               
    21 YI0307       B          1e+06             0               
    22 XI0101       B        62775.2             0               
    23 XI0501       B         101658             0               
    24 XI0601       B        91378.3             0               
    25 XI0701       B        46976.5             0               
    26 XI0901       B          62908             0               
    27 XI1401       B         355507             0               
    28 XI1601       B         6215.6             0               
    29 XI1701       B        26616.8             0               
    30 XI2001       B         823321             0               
    31 SI0101       NL             0             0                       < eps
    32 XI0201       B        4101.86             0               
    33 XI0401       B        8978.99             0               
    34 XI0801       B          30725             0               
    35 XI1001       B        31565.6             0               
    36 XI1101       B        31820.1             0               
    37 XI1201       B        26783.9             0               
    38 XI1301       B          12949             0               
    39 XI1801       B          33159             0               
    40 XI1901       B          22639             0               
    41 SI0201       NL             0             0                       < eps
    42 XI0301       B        19452.1             0               
    43 SI0301       NL             0             0                       < eps
    44 SI0401       B        1025.05             0               
    45 XI1501       B        747.651             0               
    46 SI0501       B        85472.5             0               
    47 SI0601       B        59464.5             0               
    48 SI0701       B        20695.2             0               
    49 SI0801       B        3402.57             0               
    50 SI0901       B        15107.7             0               
    51 SI1001       B          17020             0               
    52 SI1101       NL             0             0                       < eps
    53 SI1201       NL             0             0                       < eps
    54 SI1301       NL             0             0                       < eps
    55 SI1401       B         190631             0               
    56 SI1501       NL             0             0                       < eps
    57 SI1601       NL             0             0                       < eps
    58 SI1701       NL             0             0                       < eps
    59 SI1801       B        16286.2             0               
    60 SI1901       B        8408.39             0               
    61 SI2001       B         552363             0               
    62 XI0102       B    1.09788e+06             0               
    63 XI0502       B        34755.2             0               
    64 XI0602       B        21544.5             0               
    65 XI0702       NL             0             0                       < eps
    66 XI0902       B          62908             0               
    67 XI1402       NL             0             0                       < eps
    68 XI1602       B        1470.66             0               
    69 XI1702       B        31662.7             0               
    70 XI2002       B         134137             0               
    71 SI0102       NL             0             0                       < eps
    72 XI0202       B         133912             0               
    73 XI0402       B           9092             0               
    74 XI0802       B        406.799             0               
    75 XI1002       B        27075.5             0               
    76 XI1102       B        39364.9             0               
    77 XI1202       B        18181.7             0               
    78 XI1302       B        5367.51             0               
    79 XI1802       B          21293             0               
    80 XI1902       NL             0             0                       < eps
    81 SI0202       NL             0             0                       < eps
    82 XI0302       B    1.04142e+06             0               
    83 SI0302       NL             0             0                       < eps
    84 SI0402       B        2646.57             0               
    85 XI1502       B        569.812             0               
    86 SI0502       B        79242.7             0               
    87 SI0602       NL             0             0                       < eps
    88 SI0702       B        13474.8             0               
    89 SI0802       NL             0             0                       < eps
    90 SI0902       B        1932.07             0               
    91 SI1002       B          17020             0               
    92 SI1102       B        20590.5             0               
    93 SI1202       B        7516.13             0               
    94 SI1302       B        1261.91             0               
    95 SI1402       B         100000             0               
    96 SI1502       B        424.971             0               
    97 SI1602       NL             0             0                       < eps
    98 SI1702       NL             0             0                       < eps
    99 SI1802       B        16579.5             0               
   100 SI1902       B        2044.56             0               
   101 SI2002       B         301064             0               
   102 XI0103       B        38433.4             0               
   103 XI0503       NL             0             0                       < eps
   104 XI0603       B        77877.2             0               
   105 XI0703       NL             0             0                       < eps
   106 XI0903       B          62908             0               
   107 XI1403       NL             0             0                       < eps
   108 XI1603       B        3931.05             0               
   109 XI1703       B        51778.8             0               
   110 XI2003       NL             0             0                       < eps
   111 SI0103       NL             0             0                       < eps
   112 XI0203       B         600237             0               
   113 XI0403       NL             0             0                       < eps
   114 XI0803       B         5295.4             0               
   115 XI1003       B        16017.5             0               
   116 XI1103       B        19698.1             0               
   117 XI1203       NL             0             0                       < eps
   118 XI1303       NL             0             0                       < eps
   119 XI1803       B        30672.6             0               
   120 XI1903       B        9965.18             0               
   121 SI0203       B        1964.62             0               
   122 XI0303       B    1.03831e+06             0               
   123 SI0303       NL             0             0                       < eps
   124 SI0403       NL             0             0                       < eps
   125 XI1503       NL             0             0                       < eps
   126 SI0503       B        43210.9             0               
   127 SI0603       B        59464.5             0               
   128 SI0703       B        7267.55             0               
   129 SI0803       NL             0             0                       < eps
   130 SI0903       B        13061.4             0               
   131 SI1003       B          17020             0               
   132 SI1103       B        20590.5             0               
   133 SI1203       B         4409.3             0               
   134 SI1303       NL             0             0                       < eps
   135 SI1403       B        8710.72             0               
   136 SI1503       B        382.565             0               
   137 SI1603       B        3286.12             0               
   138 SI1703       B        30965.5             0               
   139 SI1803       B        16579.5             0               
   140 SI1903       B        2822.36             0               
   141 SI2003       NL             0             0                       < eps
   142 XI0104       B    1.10389e+06             0               
   143 XI0504       NL             0             0                       < eps
   144 XI0604       B        25655.2             0               
   145 XI0704       NL             0             0                       < eps
   146 XI0904       B          62908             0               
   147 XI1404       B        92514.1             0               
   148 XI1604       NL             0             0                       < eps
   149 XI1704       B        22481.5             0               
   150 XI2004       B         414592             0               
   151 SI0104       NL             0             0                       < eps
   152 XI0204       NL             0             0                       < eps
   153 XI0404       B        4497.94             0               
   154 XI0804       B        10125.1             0               
   155 XI1004       B        7577.34             0               
   156 XI1104       B        17144.4             0               
   157 XI1204       NL             0             0                       < eps
   158 XI1304       B        6482.45             0               
   159 XI1804       B        19018.2             0               
   160 XI1904       B          22639             0               
   161 SI0204       NL             0             0                       < eps
   162 XI0304       B    1.03642e+06             0               
   163 SI0304       NL             0             0                       < eps
   164 SI0404       NL             0             0                       < eps
   165 XI1504       NL             0             0                       < eps
   166 SI0504       NL             0             0                       < eps
   167 SI0604       NL             0             0                       < eps
   168 SI0704       NL             0             0                       < eps
   169 SI0804       NL             0             0                       < eps
   170 SI0904       NL             0             0                       < eps
   171 SI1004       NL             0             0                       < eps
   172 SI1104       B        20590.5             0               
   173 SI1204       NL             0             0                       < eps
   174 SI1304       NL             0             0                       < eps
   175 SI1404       NL             0             0                       < eps
   176 SI1504       NL             0             0                       < eps
   177 SI1604       NL             0             0                       < eps
   178 SI1704       B        23849.8             0               
   179 SI1804       B        16579.5             0               
   180 SI1904       B        11319.5             0               
   181 SI2004       NL             0             0                       < eps
   182 XI0105       B        56379.2             0               
   183 XI0505       B        77372.3             0               
   184 XI0605       B        89157.8             0               
   185 XI0705       B        21557.4             0               
   186 XI0905       B          62908             0               
   187 XI1405       B         232775             0               
   188 XI1605       B        5976.84             0               
   189 XI1705       NL             0             0                       < eps
   190 XI2005       B         744215             0               
   191 SI0105       NL             0             0                       < eps
   192 XI0205       B         153834             0               
   193 XI0405       B         5531.3             0               
   194 XI0805       B        20161.5             0               
   195 XI1005       B          34040             0               
   196 XI1105       B        11323.6             0               
   197 XI1205       B        20214.2             0               
   198 XI1305       B        9531.47             0               
   199 XI1805       B        12333.4             0               
   200 XI1905       B        1723.89             0               
   201 SI0205       B         127768             0               
   202 XI0305       B    1.55934e+06             0               
   203 SI0305       B         500000             0               
   204 SI0405       NL             0             0                       < eps
   205 XI1505       B        655.534             0               
   206 SI0505       B        21925.9             0               
   207 SI0605       B        59464.5             0               
   208 SI0705       B        5897.09             0               
   209 SI0805       NL             0             0                       < eps
   210 SI0905       NL             0             0                       < eps
   211 SI1005       B          17020             0               
   212 SI1105       NL             0             0                       < eps
   213 SI1205       B         901.32             0               
   214 SI1305       NL             0             0                       < eps
   215 SI1405       B        42138.9             0               
   216 SI1505       NL             0             0                       < eps
   217 SI1605       NL             0             0                       < eps
   218 SI1705       NL             0             0                       < eps
   219 SI1805       NL             0             0                       < eps
   220 SI1905       B        3119.43             0               
   221 SI2005       B         234393             0               
   222 XI0106       B    1.09591e+06             0               
   223 XI0506       B        1093.36             0               
   224 XI0606       B        19821.8             0               
   225 XI0706       NL             0             0                       < eps
   226 XI0906       B          62908             0               
   227 XI1406       NL             0             0                       < eps
   228 XI1606       B        289.862             0               
   229 XI1706       B        23196.1             0               
   230 XI2006       NL             0             0                       < eps
   231 SI0106       NL             0             0                     4.22978 
   232 XI0206       B        16799.2             0               
   233 XI0406       B        3420.64             0               
   234 XI0806       B        3561.78             0               
   235 XI1006       B        4079.07             0               
   236 XI1106       B        5473.13             0               
   237 XI1206       NL             0             0                       < eps
   238 XI1306       B        2249.01             0               
   239 XI1806       B        12659.6             0               
   240 XI1906       NL             0             0                       < eps
   241 SI0206       NL             0             0                     3.20788 
   242 XI0306       B         516234             0               
   243 SI0306       NL             0             0                     1.35894 
   244 SI0406       NL             0             0                     4.93681 
   245 XI1506       B        19.0401             0               
   246 SI0506       NL             0             0                     2.65071 
   247 SI0606       NL             0             0                     3.35849 
   248 SI0706       NL             0             0                     10.0439 
   249 SI0806       NL             0             0                     7.05425 
   250 SI0906       NL             0             0                     69.3938 
   251 SI1006       NL             0             0                     2.71238 
   252 SI1106       NL             0             0                     2.65446 
   253 SI1206       NL             0             0                     3.92028 
   254 SI1306       NL             0             0                     4.13538 
   255 SI1406       NL             0             0                     4.49389 
   256 SI1506       NL             0             0                    0.996956 
   257 SI1606       NL             0             0                    0.850949 
   258 SI1706       NL             0             0                     1.14677 
   259 SI1806       B        2702.42             0               
   260 SI1906       NL             0             0                     0.52544 
   261 SI2006       NL             0             0                    0.891202 
   262 XI0107       B        64279.8             0               
   263 XI0507       B        41615.2             0               
   264 XI0607       B        11644.3             0               
   265 XI0707       B        13901.8             0               
   266 XI0907       B          62908             0               
   267 XI1407       B         157291             0               
   268 XI1607       B        3417.77             0               
   269 XI1707       B        23853.1             0               
   270 XI2007       B         401641             0               
   271 SI0107       NL             0             0                           1 
   272 XI0207       B         598682             0               
   273 XI0407       B        6245.99             0               
   274 XI0807       B        12343.3             0               
   275 XI1007       B          18988             0               
   276 XI1107       B        33492.2             0               
   277 XI1207       B        16359.4             0               
   278 XI1307       B        6697.08             0               
   279 XI1807       B          33159             0               
   280 XI1907       B        11560.7             0               
   281 SI0207       NL             0             0                    0.792122 
   282 XI0307       B    1.04007e+06             0               
   283 SI0307       NL             0             0                    0.331609 
   284 SI0407       NL             0             0                     1.21035 
   285 XI1507       B        373.551             0               
   286 SI0507       NL             0             0                    0.632824 
   287 SI0607       NL             0             0                     0.79933 
   288 SI0707       NL             0             0                     2.37174 
   289 SI0807       NL             0             0                     1.67691 
   290 SI0907       NL             0             0                     16.2801 
   291 SI1007       NL             0             0                    0.651232 
   292 SI1107       NL             0             0                    0.657647 
   293 SI1207       NL             0             0                    0.961999 
   294 SI1307       NL             0             0                    0.986805 
   295 SI1407       NL             0             0                     1.07057 
   296 SI1507       NL             0             0                    0.242672 
   297 SI1607       NL             0             0                    0.205479 
   298 SI1707       NL             0             0                    0.277779 
   299 SI1807       NL             0             0                     1.07627 
   300 SI1907       NL             0             0                    0.131703 
   301 SI2007       NL             0             0                    0.221585 

Karush-Kuhn-Tucker optimality conditions:

KKT.PE: max.abs.err = 2.33e-10 on row 320
        max.rel.err = 2.76e-16 on row 76
        High quality

KKT.PB: max.abs.err = 0.00e+00 on row 0
        max.rel.err = 0.00e+00 on row 0
        High quality

KKT.DE: max.abs.err = 2.13e-14 on column 106
        max.rel.err = 2.75e-16 on column 187
        High quality

KKT.DB: max.abs.err = 4.31e-14 on row 307
        max.rel.err = 4.31e-14 on row 307
        High quality

End of output
