Coin LP version 1.15, build Nov 19 2014
command line - /home/piotrek/programy/coin-Clp/bin/clp /home/piotrek/Kodzenie/SolversComparision/problems/grow22cplex.lp 
Presolve 440 (-880) rows, 926 (-20) columns and 8232 (-900) elements
Perturbing problem by 0.001 % of 23.76442 - largest nonzero change 2.39586e-06 (% 6.1945405e-05) - largest zero change 6.746626e-05
0  Obj 0 Dual inf 558.94631 (66)
0  Obj 0 Dual inf 558.94637 (66)
83  Obj -1.6625655e-10 Dual inf 8567.5284 (100)
166  Obj -1.3993557e-09 Dual inf 21191.222 (146)
249  Obj -4.6460411e-09 Dual inf 29109.624 (149)
332  Obj -8.0092517e-09 Dual inf 49232.111 (195)
415  Obj -1.4101245e-08 Dual inf 89303.671 (147)
498  Obj -41586983 Dual inf 52007.834 (108)
551  Obj -46364662 Dual inf 11403.083 (115)
634  Obj -57612328 Dual inf 20385.571 (71)
720  Obj -1.2002431e+08 Dual inf 1377.953 (70)
805  Obj -1.5507174e+08 Dual inf 19084.129 (168)
867  Obj -1.6083434e+08
Optimal - objective value -1.6083434e+08
After Postsolve, objective -1.6083434e+08, infeasibilities - dual 0 (0), primal 0 (0)
Optimal objective -160834336.5 - 867 iterations time 0.042, Presolve 0.00
