Coin LP version 1.15, build Nov 19 2014
command line - /home/piotrek/programy/coin-Clp/bin/clp /home/piotrek/Kodzenie/SolversComparision/problems/ken-11cplex.lp 
Presolve 5645 (-30398) rows, 12252 (-9097) columns and 27942 (-42465) elements
0  Obj -7.9553359e+08 Primal inf 99716 (3388) Dual inf 87687659 (11775)
187  Obj -7.8922573e+09 Primal inf 206554.2 (4937)
374  Obj -7.7990811e+09 Primal inf 186365.3 (4853)
561  Obj -7.7344748e+09 Primal inf 172540.5 (4718)
748  Obj -7.6764632e+09 Primal inf 166290.8 (4588)
935  Obj -7.6119524e+09 Primal inf 151011.6 (4453)
1122  Obj -7.5525386e+09 Primal inf 138172.7 (4296)
1309  Obj -7.5100034e+09 Primal inf 130738.2 (4179)
1496  Obj -7.4645802e+09 Primal inf 120559.2 (4037)
1683  Obj -7.4195731e+09 Primal inf 112783.1 (3895)
1870  Obj -7.3878274e+09 Primal inf 108017 (3804)
2057  Obj -7.3520788e+09 Primal inf 101839.5 (3669)
2244  Obj -7.3122326e+09 Primal inf 95476.9 (3531)
2431  Obj -7.2858561e+09 Primal inf 90153 (3417)
2618  Obj -7.2594885e+09 Primal inf 84406.9 (3284)
2805  Obj -7.235932e+09 Primal inf 80478.2 (3190)
2992  Obj -7.2092077e+09 Primal inf 75399.4 (3088)
3179  Obj -7.1834261e+09 Primal inf 69720.2 (2966)
3366  Obj -7.1604972e+09 Primal inf 62245.8 (2838)
3553  Obj -7.1425835e+09 Primal inf 58332 (2760)
3740  Obj -7.123793e+09 Primal inf 54536.2 (2670)
3927  Obj -7.1060206e+09 Primal inf 50421.6 (2572)
4114  Obj -7.0899599e+09 Primal inf 44579.2 (2450)
4301  Obj -7.0718321e+09 Primal inf 41153.9 (2299)
4488  Obj -7.055394e+09 Primal inf 37822.2 (2144)
4675  Obj -7.0371596e+09 Primal inf 32576.5 (1988)
4862  Obj -7.0264381e+09 Primal inf 28995.5 (1874)
5049  Obj -7.0162418e+09 Primal inf 25835.8 (1776)
5236  Obj -7.0070302e+09 Primal inf 21919.8 (1637)
5423  Obj -6.9984288e+09 Primal inf 19154.5 (1511)
5610  Obj -6.9910164e+09 Primal inf 13438 (1316)
5797  Obj -6.9846366e+09 Primal inf 11121.6 (1207)
5984  Obj -6.9798911e+09 Primal inf 6739.8 (1024)
6171  Obj -6.9763556e+09 Primal inf 3303.9001 (828)
6358  Obj -6.9737952e+09 Primal inf 1434.2001 (630)
6545  Obj -6.9727277e+09 Primal inf 327.00009 (416)
6732  Obj -6.9724416e+09 Primal inf 15.700068 (170)
6865  Obj -6.9723823e+09
Optimal - objective value -6.9723823e+09
After Postsolve, objective -6.9723823e+09, infeasibilities - dual 0 (0), primal 0 (0)
Optimal objective -6972382278 - 6865 iterations time 0.292, Presolve 0.06
