Coin LP version 1.15, build Nov 19 2014
command line - /home/piotrek/programy/coin-Clp/bin/clp /home/piotrek/Kodzenie/SolversComparision/problems/ken-18cplex.lp 
Presolve 39888 (-219938) rows, 89372 (-65327) columns and 207256 (-305614) elements
0  Obj -6.3200125e+09 Primal inf 740526 (19098) Dual inf 7.2539051e+08 (87886)
424  Obj -6.4271139e+10 Primal inf 2783302.6 (31843)
848  Obj -6.3640551e+10 Primal inf 2619963.8 (32044)
1272  Obj -6.3063146e+10 Primal inf 2504142.2 (31856)
1696  Obj -6.2601916e+10 Primal inf 2402128.1 (31555)
2120  Obj -6.2257253e+10 Primal inf 2314803.9 (31281)
2544  Obj -6.1906514e+10 Primal inf 2245382.9 (30974)
2968  Obj -6.1592866e+10 Primal inf 2151685.4 (30671)
3392  Obj -6.1307146e+10 Primal inf 2090990 (30378)
3816  Obj -6.1057946e+10 Primal inf 2023174.2 (30121)
4240  Obj -6.0807764e+10 Primal inf 1964321.6 (29721)
4664  Obj -6.0558898e+10 Primal inf 1908784.6 (29383)
5088  Obj -6.0312901e+10 Primal inf 1879131.9 (29047)
5512  Obj -6.00851e+10 Primal inf 1840614.6 (28710)
5936  Obj -5.9821862e+10 Primal inf 1814205.8 (28413)
6360  Obj -5.9638381e+10 Primal inf 1749504.5 (28146)
6784  Obj -5.9443036e+10 Primal inf 1690357.7 (27871)
7208  Obj -5.9241736e+10 Primal inf 1647584.3 (27550)
7632  Obj -5.9054829e+10 Primal inf 1598550.3 (27224)
8056  Obj -5.8867336e+10 Primal inf 1556069.4 (26867)
8480  Obj -5.8704225e+10 Primal inf 1527658.2 (26618)
8904  Obj -5.8541676e+10 Primal inf 1511488 (26499)
9328  Obj -5.8381891e+10 Primal inf 1493982.4 (26334)
9752  Obj -5.8221847e+10 Primal inf 1474824.7 (26086)
10176  Obj -5.8047992e+10 Primal inf 1448912.9 (25769)
10600  Obj -5.7905394e+10 Primal inf 1417413.3 (25524)
11024  Obj -5.7747602e+10 Primal inf 1382338.5 (25293)
11448  Obj -5.7601342e+10 Primal inf 1355576.9 (24961)
11872  Obj -5.7470252e+10 Primal inf 1325929 (24632)
12296  Obj -5.7341812e+10 Primal inf 1289729.8 (24329)
12720  Obj -5.7221752e+10 Primal inf 1254580.4 (24078)
13144  Obj -5.7091186e+10 Primal inf 1229564.4 (23757)
13568  Obj -5.6971474e+10 Primal inf 1205512.3 (23510)
13992  Obj -5.6847746e+10 Primal inf 1170199.9 (23091)
14416  Obj -5.6709725e+10 Primal inf 1144894.1 (22683)
14840  Obj -5.6575162e+10 Primal inf 1116554.3 (22264)
15264  Obj -5.6431358e+10 Primal inf 1093939.9 (21858)
15688  Obj -5.6286552e+10 Primal inf 1065014.8 (21447)
16112  Obj -5.6153837e+10 Primal inf 1038963.4 (21036)
16536  Obj -5.5999025e+10 Primal inf 1021040.1 (20679)
16960  Obj -5.5843296e+10 Primal inf 1007403.8 (20333)
17384  Obj -5.5695582e+10 Primal inf 983582.39 (19947)
17808  Obj -5.559317e+10 Primal inf 947601.39 (19626)
18232  Obj -5.5508588e+10 Primal inf 931466.09 (19315)
18656  Obj -5.5427028e+10 Primal inf 911466.59 (19052)
19080  Obj -5.534716e+10 Primal inf 896741.39 (18770)
19504  Obj -5.5266633e+10 Primal inf 874234.18 (18438)
19928  Obj -5.5190713e+10 Primal inf 859109.68 (18116)
20352  Obj -5.5115123e+10 Primal inf 846673.92 (17891)
20776  Obj -5.5039982e+10 Primal inf 836707.12 (17624)
21200  Obj -5.4942963e+10 Primal inf 802729.1 (17354)
21624  Obj -5.4850469e+10 Primal inf 785439.6 (17096)
22048  Obj -5.4754567e+10 Primal inf 753746.1 (16841)
22472  Obj -5.4664649e+10 Primal inf 721344.21 (16630)
22896  Obj -5.4575017e+10 Primal inf 706423.41 (16436)
23320  Obj -5.4497278e+10 Primal inf 692602.9 (16249)
23744  Obj -5.4418998e+10 Primal inf 684653.6 (16004)
24168  Obj -5.4340384e+10 Primal inf 682365.4 (15762)
24592  Obj -5.4271057e+10 Primal inf 652571.2 (15580)
25016  Obj -5.4188298e+10 Primal inf 641500.8 (15356)
25440  Obj -5.412148e+10 Primal inf 624799.6 (15180)
25864  Obj -5.4053597e+10 Primal inf 618143.9 (14988)
26288  Obj -5.3995673e+10 Primal inf 599057.71 (14784)
26712  Obj -5.3942102e+10 Primal inf 580082 (14595)
27136  Obj -5.3887726e+10 Primal inf 567971.9 (14451)
27560  Obj -5.3826784e+10 Primal inf 628099.8 (14283)
27984  Obj -5.3771314e+10 Primal inf 566361.7 (14047)
28408  Obj -5.3723712e+10 Primal inf 528128.7 (13818)
28832  Obj -5.3674158e+10 Primal inf 523477.7 (13639)
29256  Obj -5.3618071e+10 Primal inf 510817.1 (13425)
29680  Obj -5.3554048e+10 Primal inf 517470.3 (13298)
30104  Obj -5.347