Coin LP version 1.15, build Nov 19 2014
command line - /home/piotrek/programy/coin-Clp/bin/clp /home/piotrek/Kodzenie/SolversComparision/problems/ken-13cplex.lp 
Presolve 10981 (-60310) rows, 24795 (-17864) columns and 56706 (-83199) elements
0  Obj -1.4077135e+09 Primal inf 180552 (5581) Dual inf 1.9015965e+08 (23774)
279  Obj -1.2452951e+10 Primal inf 495917.5 (9251)
558  Obj -1.2275839e+10 Primal inf 461515.7 (9044)
837  Obj -1.2089041e+10 Primal inf 428705 (8862)
1116  Obj -1.1956258e+10 Primal inf 397224.7 (8665)
1395  Obj -1.1843016e+10 Primal inf 371705.1 (8390)
1674  Obj -1.1729254e+10 Primal inf 354552.7 (8175)
1953  Obj -1.1637099e+10 Primal inf 335899.3 (7964)
2232  Obj -1.1539178e+10 Primal inf 319422.1 (7776)
2511  Obj -1.1454685e+10 Primal inf 306228.3 (7589)
2790  Obj -1.1390942e+10 Primal inf 299444.1 (7438)
3069  Obj -1.1317491e+10 Primal inf 285191.6 (7224)
3348  Obj -1.1256714e+10 Primal inf 266227.6 (7049)
3627  Obj -1.1199568e+10 Primal inf 251179.9 (6878)
3906  Obj -1.1144189e+10 Primal inf 237147.6 (6641)
4185  Obj -1.107983e+10 Primal inf 232694 (6412)
4464  Obj -1.1014668e+10 Primal inf 226014.8 (6174)
4743  Obj -1.095336e+10 Primal inf 212717.5 (5940)
5022  Obj -1.0916547e+10 Primal inf 204792.4 (5765)
5301  Obj -1.0876945e+10 Primal inf 203609.4 (5599)
5580  Obj -1.0836377e+10 Primal inf 191269.9 (5410)
5859  Obj -1.0793536e+10 Primal inf 183227.6 (5242)
6138  Obj -1.0752911e+10 Primal inf 170350.7 (5086)
6417  Obj -1.0714086e+10 Primal inf 169835.1 (4988)
6696  Obj -1.0675662e+10 Primal inf 158505.3 (4816)
6975  Obj -1.0635549e+10 Primal inf 145136.2 (4678)
7254  Obj -1.0597605e+10 Primal inf 137290.3 (4484)
7533  Obj -1.0567914e+10 Primal inf 144981 (4404)
7812  Obj -1.0540572e+10 Primal inf 128728.1 (4257)
8091  Obj -1.051003e+10 Primal inf 117228.3 (4074)
8370  Obj -1.0486283e+10 Primal inf 117177.9 (3921)
8649  Obj -1.0460156e+10 Primal inf 126421.1 (3725)
8928  Obj -1.043153e+10 Primal inf 101031.8 (3508)
9207  Obj -1.0407962e+10 Primal inf 125370.8 (3354)
9486  Obj -1.038344e+10 Primal inf 85610.2 (3058)
9765  Obj -1.0363008e+10 Primal inf 73599.4 (2868)
10044  Obj -1.0346017e+10 Primal inf 57564.3 (2656)
10323  Obj -1.0327361e+10 Primal inf 53775.2 (2472)
10602  Obj -1.0314547e+10 Primal inf 44150.7 (2303)
10881  Obj -1.0301534e+10 Primal inf 38696.6 (2143)
11160  Obj -1.0288828e+10 Primal inf 40449.799 (1975)
11439  Obj -1.0281162e+10 Primal inf 37414.501 (1791)
11718  Obj -1.0273549e+10 Primal inf 19663.3 (1572)
11997  Obj -1.0267348e+10 Primal inf 26935.3 (1445)
12276  Obj -1.0263526e+10 Primal inf 9510.1002 (1214)
12555  Obj -1.0259672e+10 Primal inf 4222.8001 (883)
12834  Obj -1.0258081e+10 Primal inf 904.56685 (600)
13113  Obj -1.0257475e+10 Primal inf 25.50015 (253)
13282  Obj -1.0257395e+10
Optimal - objective value -1.0257395e+10
After Postsolve, objective -1.0257395e+10, infeasibilities - dual 0 (0), primal 0 (0)
Optimal objective -1.025739479e+10 - 13282 iterations time 0.932, Presolve 0.20
